{"/home/scott/repos/code-craft-hub/src/config/db.js": {"path":"/home/scott/repos/code-craft-hub/src/config/db.js","statementMap":{"0":{"start":{"line":1,"column":17},"end":{"line":1,"column":36}},"1":{"start":{"line":2,"column":18},"end":{"line":10,"column":1}},"2":{"start":{"line":3,"column":4},"end":{"line":9,"column":5}},"3":{"start":{"line":4,"column":8},"end":{"line":4,"column":54}},"4":{"start":{"line":5,"column":8},"end":{"line":5,"column":55}},"5":{"start":{"line":7,"column":8},"end":{"line":7,"column":59}},"6":{"start":{"line":8,"column":8},"end":{"line":8,"column":24}},"7":{"start":{"line":12,"column":0},"end":{"line":12,"column":27}}},"fnMap":{"0":{"name":"(anonymous_0)","decl":{"start":{"line":2,"column":18},"end":{"line":2,"column":19}},"loc":{"start":{"line":2,"column":30},"end":{"line":10,"column":1}},"line":2}},"branchMap":{},"s":{"0":1,"1":1,"2":1,"3":1,"4":1,"5":0,"6":0,"7":1},"f":{"0":1},"b":{},"_coverageSchema":"1a1c01bbd47fc00a2c39e90264f33305004495a9","hash":"093ede6a9a21e9fd994123aceaad530636afd00d"}
,"/home/scott/repos/code-craft-hub/src/config/server.js": {"path":"/home/scott/repos/code-craft-hub/src/config/server.js","statementMap":{"0":{"start":{"line":1,"column":16},"end":{"line":1,"column":34}},"1":{"start":{"line":2,"column":13},"end":{"line":2,"column":28}},"2":{"start":{"line":3,"column":18},"end":{"line":3,"column":47}},"3":{"start":{"line":4,"column":15},"end":{"line":4,"column":32}},"4":{"start":{"line":5,"column":15},"end":{"line":5,"column":32}},"5":{"start":{"line":6,"column":22},"end":{"line":6,"column":55}},"6":{"start":{"line":7,"column":12},"end":{"line":7,"column":26}},"7":{"start":{"line":8,"column":15},"end":{"line":8,"column":41}},"8":{"start":{"line":11,"column":19},"end":{"line":21,"column":2}},"9":{"start":{"line":20,"column":16},"end":{"line":20,"column":47}},"10":{"start":{"line":24,"column":20},"end":{"line":35,"column":2}},"11":{"start":{"line":34,"column":16},"end":{"line":34,"column":47}},"12":{"start":{"line":37,"column":19},"end":{"line":140,"column":1}},"13":{"start":{"line":38,"column":16},"end":{"line":38,"column":25}},"14":{"start":{"line":41,"column":4},"end":{"line":53,"column":8}},"15":{"start":{"line":56,"column":4},"end":{"line":66,"column":5}},"16":{"start":{"line":58,"column":8},"end":{"line":62,"column":12}},"17":{"start":{"line":60,"column":36},"end":{"line":60,"column":63}},"18":{"start":{"line":65,"column":8},"end":{"line":65,"column":31}},"19":{"start":{"line":69,"column":4},"end":{"line":69,"column":33}},"20":{"start":{"line":72,"column":27},"end":{"line":74,"column":35}},"21":{"start":{"line":76,"column":24},"end":{"line":91,"column":5}},"22":{"start":{"line":79,"column":12},"end":{"line":79,"column":53}},"23":{"start":{"line":79,"column":25},"end":{"line":79,"column":53}},"24":{"start":{"line":81,"column":12},"end":{"line":85,"column":13}},"25":{"start":{"line":82,"column":16},"end":{"line":82,"column":37}},"26":{"start":{"line":84,"column":16},"end":{"line":84,"column":59}},"27":{"start":{"line":93,"column":4},"end":{"line":93,"column":31}},"28":{"start":{"line":96,"column":4},"end":{"line":101,"column":8}},"29":{"start":{"line":99,"column":12},"end":{"line":99,"column":98}},"30":{"start":{"line":104,"column":4},"end":{"line":133,"column":7}},"31":{"start":{"line":106,"column":8},"end":{"line":112,"column":9}},"32":{"start":{"line":107,"column":12},"end":{"line":111,"column":15}},"33":{"start":{"line":108,"column":16},"end":{"line":110,"column":17}},"34":{"start":{"line":109,"column":20},"end":{"line":109,"column":55}},"35":{"start":{"line":115,"column":8},"end":{"line":121,"column":9}},"36":{"start":{"line":116,"column":12},"end":{"line":120,"column":15}},"37":{"start":{"line":117,"column":16},"end":{"line":119,"column":17}},"38":{"start":{"line":118,"column":20},"end":{"line":118,"column":57}},"39":{"start":{"line":124,"column":8},"end":{"line":130,"column":9}},"40":{"start":{"line":125,"column":12},"end":{"line":129,"column":15}},"41":{"start":{"line":126,"column":16},"end":{"line":128,"column":17}},"42":{"start":{"line":127,"column":20},"end":{"line":127,"column":59}},"43":{"start":{"line":132,"column":8},"end":{"line":132,"column":15}},"44":{"start":{"line":136,"column":4},"end":{"line":136,"column":45}},"45":{"start":{"line":137,"column":4},"end":{"line":137,"column":67}},"46":{"start":{"line":139,"column":4},"end":{"line":139,"column":15}},"47":{"start":{"line":142,"column":0},"end":{"line":142,"column":28}},"48":{"start":{"line":143,"column":0},"end":{"line":143,"column":41}}},"fnMap":{"0":{"name":"(anonymous_0)","decl":{"start":{"line":20,"column":10},"end":{"line":20,"column":11}},"loc":{"start":{"line":20,"column":16},"end":{"line":20,"column":47}},"line":20},"1":{"name":"(anonymous_1)","decl":{"start":{"line":34,"column":10},"end":{"line":34,"column":11}},"loc":{"start":{"line":34,"column":16},"end":{"line":34,"column":47}},"line":34},"2":{"name":"(anonymous_2)","decl":{"start":{"line":37,"column":19},"end":{"line":37,"column":20}},"loc":{"start":{"line":37,"column":25},"end":{"line":140,"column":1}},"line":37},"3":{"name":"(anonymous_3)","decl":{"start":{"line":60,"column":23},"end":{"line":60,"column":24}},"loc":{"start":{"line":60,"column":36},"end":{"line":60,"column":63}},"line":60},"4":{"name":"(anonymous_4)","decl":{"start":{"line":77,"column":16},"end":{"line":77,"column":17}},"loc":{"start":{"line":77,"column":38},"end":{"line":86,"column":9}},"line":77},"5":{"name":"(anonymous_5)","decl":{"start":{"line":98,"column":20},"end":{"line":98,"column":21}},"loc":{"start":{"line":98,"column":38},"end":{"line":100,"column":9}},"line":98},"6":{"name":"(anonymous_6)","decl":{"start":{"line":104,"column":12},"end":{"line":104,"column":13}},"loc":{"start":{"line":104,"column":32},"end":{"line":133,"column":5}},"line":104},"7":{"name":"(anonymous_7)","decl":{"start":{"line":107,"column":42},"end":{"line":107,"column":43}},"loc":{"start":{"line":107,"column":49},"end":{"line":111,"column":13}},"line":107},"8":{"name":"(anonymous_8)","decl":{"start":{"line":116,"column":43},"end":{"line":116,"column":44}},"loc":{"start":{"line":116,"column":50},"end":{"line":120,"column":13}},"line":116},"9":{"name":"(anonymous_9)","decl":{"start":{"line":125,"column":44},"end":{"line":125,"column":45}},"loc":{"start":{"line":125,"column":51},"end":{"line":129,"column":13}},"line":125}},"branchMap":{"0":{"loc":{"start":{"line":56,"column":4},"end":{"line":66,"column":5}},"type":"if","locations":[{"start":{"line":56,"column":4},"end":{"line":66,"column":5}},{"start":{"line":63,"column":11},"end":{"line":66,"column":5}}],"line":56},"1":{"loc":{"start":{"line":72,"column":27},"end":{"line":74,"column":35}},"type":"cond-expr","locations":[{"start":{"line":73,"column":10},"end":{"line":73,"column":48}},{"start":{"line":74,"column":10},"end":{"line":74,"column":35}}],"line":72},"2":{"loc":{"start":{"line":79,"column":12},"end":{"line":79,"column":53}},"type":"if","locations":[{"start":{"line":79,"column":12},"end":{"line":79,"column":53}},{"start":{},"end":{}}],"line":79},"3":{"loc":{"start":{"line":81,"column":12},"end":{"line":85,"column":13}},"type":"if","locations":[{"start":{"line":81,"column":12},"end":{"line":85,"column":13}},{"start":{"line":83,"column":19},"end":{"line":85,"column":13}}],"line":81},"4":{"loc":{"start":{"line":106,"column":8},"end":{"line":112,"column":9}},"type":"if","locations":[{"start":{"line":106,"column":8},"end":{"line":112,"column":9}},{"start":{},"end":{}}],"line":106},"5":{"loc":{"start":{"line":108,"column":16},"end":{"line":110,"column":17}},"type":"if","locations":[{"start":{"line":108,"column":16},"end":{"line":110,"column":17}},{"start":{},"end":{}}],"line":108},"6":{"loc":{"start":{"line":115,"column":8},"end":{"line":121,"column":9}},"type":"if","locations":[{"start":{"line":115,"column":8},"end":{"line":121,"column":9}},{"start":{},"end":{}}],"line":115},"7":{"loc":{"start":{"line":117,"column":16},"end":{"line":119,"column":17}},"type":"if","locations":[{"start":{"line":117,"column":16},"end":{"line":119,"column":17}},{"start":{},"end":{}}],"line":117},"8":{"loc":{"start":{"line":124,"column":8},"end":{"line":130,"column":9}},"type":"if","locations":[{"start":{"line":124,"column":8},"end":{"line":130,"column":9}},{"start":{},"end":{}}],"line":124},"9":{"loc":{"start":{"line":126,"column":16},"end":{"line":128,"column":17}},"type":"if","locations":[{"start":{"line":126,"column":16},"end":{"line":128,"column":17}},{"start":{},"end":{}}],"line":126}},"s":{"0":1,"1":1,"2":1,"3":1,"4":1,"5":1,"6":1,"7":1,"8":1,"9":16,"10":1,"11":12,"12":1,"13":5,"14":5,"15":5,"16":0,"17":0,"18":5,"19":5,"20":5,"21":5,"22":16,"23":16,"24":0,"25":0,"26":0,"27":5,"28":5,"29":0,"30":5,"31":16,"32":0,"33":0,"34":0,"35":16,"36":16,"37":0,"38":0,"39":16,"40":16,"41":0,"42":0,"43":16,"44":5,"45":5,"46":5,"47":1,"48":1},"f":{"0":16,"1":12,"2":5,"3":0,"4":16,"5":0,"6":16,"7":0,"8":0,"9":0},"b":{"0":[0,5],"1":[0,5],"2":[16,0],"3":[0,0],"4":[0,16],"5":[0,0],"6":[16,0],"7":[0,0],"8":[16,0],"9":[0,0]},"_coverageSchema":"1a1c01bbd47fc00a2c39e90264f33305004495a9","hash":"1425e3978308948aefd4a23260d64ec581394225"}
,"/home/scott/repos/code-craft-hub/src/controllers/userController.js": {"path":"/home/scott/repos/code-craft-hub/src/controllers/userController.js","statementMap":{"0":{"start":{"line":1,"column":13},"end":{"line":1,"column":43}},"1":{"start":{"line":2,"column":21},"end":{"line":2,"column":59}},"2":{"start":{"line":3,"column":12},"end":{"line":3,"column":35}},"3":{"start":{"line":4,"column":15},"end":{"line":4,"column":32}},"4":{"start":{"line":5,"column":48},"end":{"line":5,"column":78}},"5":{"start":{"line":6,"column":64},"end":{"line":6,"column":96}},"6":{"start":{"line":7,"column":76},"end":{"line":7,"column":101}},"7":{"start":{"line":10,"column":28},"end":{"line":16,"column":1}},"8":{"start":{"line":11,"column":4},"end":{"line":15,"column":6}},"9":{"start":{"line":19,"column":29},"end":{"line":33,"column":1}},"10":{"start":{"line":21,"column":18},"end":{"line":21,"column":56}},"11":{"start":{"line":22,"column":22},"end":{"line":22,"column":68}},"12":{"start":{"line":24,"column":25},"end":{"line":29,"column":6}},"13":{"start":{"line":31,"column":4},"end":{"line":31,"column":30}},"14":{"start":{"line":32,"column":4},"end":{"line":32,"column":17}},"15":{"start":{"line":36,"column":21},"end":{"line":38,"column":1}},"16":{"start":{"line":37,"column":4},"end":{"line":37,"column":63}},"17":{"start":{"line":41,"column":0},"end":{"line":78,"column":2}},"18":{"start":{"line":42,"column":4},"end":{"line":77,"column":5}},"19":{"start":{"line":43,"column":46},"end":{"line":43,"column":54}},"20":{"start":{"line":46,"column":8},"end":{"line":46,"column":56}},"21":{"start":{"line":49,"column":24},"end":{"line":49,"column":63}},"22":{"start":{"line":52,"column":34},"end":{"line":52,"column":69}},"23":{"start":{"line":53,"column":8},"end":{"line":53,"column":29}},"24":{"start":{"line":56,"column":8},"end":{"line":61,"column":9}},"25":{"start":{"line":57,"column":12},"end":{"line":57,"column":76}},"26":{"start":{"line":60,"column":12},"end":{"line":60,"column":84}},"27":{"start":{"line":63,"column":8},"end":{"line":74,"column":11}},"28":{"start":{"line":76,"column":8},"end":{"line":76,"column":20}},"29":{"start":{"line":81,"column":0},"end":{"line":127,"column":2}},"30":{"start":{"line":82,"column":4},"end":{"line":126,"column":5}},"31":{"start":{"line":83,"column":36},"end":{"line":83,"column":44}},"32":{"start":{"line":86,"column":8},"end":{"line":86,"column":39}},"33":{"start":{"line":89,"column":21},"end":{"line":89,"column":50}},"34":{"start":{"line":92,"column":24},"end":{"line":92,"column":75}},"35":{"start":{"line":94,"column":8},"end":{"line":96,"column":9}},"36":{"start":{"line":95,"column":12},"end":{"line":95,"column":71}},"37":{"start":{"line":99,"column":8},"end":{"line":101,"column":9}},"38":{"start":{"line":100,"column":12},"end":{"line":100,"column":133}},"39":{"start":{"line":104,"column":28},"end":{"line":104,"column":53}},"40":{"start":{"line":105,"column":29},"end":{"line":105,"column":84}},"41":{"start":{"line":107,"column":8},"end":{"line":123,"column":11}},"42":{"start":{"line":125,"column":8},"end":{"line":125,"column":20}},"43":{"start":{"line":130,"column":0},"end":{"line":144,"column":2}},"44":{"start":{"line":131,"column":4},"end":{"line":143,"column":5}},"45":{"start":{"line":132,"column":21},"end":{"line":132,"column":73}},"46":{"start":{"line":133,"column":8},"end":{"line":135,"column":9}},"47":{"start":{"line":134,"column":12},"end":{"line":134,"column":54}},"48":{"start":{"line":137,"column":8},"end":{"line":140,"column":11}},"49":{"start":{"line":142,"column":8},"end":{"line":142,"column":20}},"50":{"start":{"line":147,"column":0},"end":{"line":161,"column":2}},"51":{"start":{"line":148,"column":4},"end":{"line":160,"column":5}},"52":{"start":{"line":149,"column":21},"end":{"line":149,"column":100}},"53":{"start":{"line":150,"column":8},"end":{"line":152,"column":9}},"54":{"start":{"line":151,"column":12},"end":{"line":151,"column":54}},"55":{"start":{"line":154,"column":8},"end":{"line":157,"column":11}},"56":{"start":{"line":159,"column":8},"end":{"line":159,"column":20}},"57":{"start":{"line":164,"column":0},"end":{"line":193,"column":2}},"58":{"start":{"line":165,"column":4},"end":{"line":192,"column":5}},"59":{"start":{"line":166,"column":21},"end":{"line":166,"column":50}},"60":{"start":{"line":167,"column":22},"end":{"line":167,"column":68}},"61":{"start":{"line":168,"column":21},"end":{"line":168,"column":39}},"62":{"start":{"line":170,"column":22},"end":{"line":174,"column":36}},"63":{"start":{"line":176,"column":22},"end":{"line":176,"column":68}},"64":{"start":{"line":178,"column":8},"end":{"line":189,"column":11}},"65":{"start":{"line":191,"column":8},"end":{"line":191,"column":20}},"66":{"start":{"line":196,"column":0},"end":{"line":234,"column":2}},"67":{"start":{"line":197,"column":4},"end":{"line":233,"column":5}},"68":{"start":{"line":198,"column":36},"end":{"line":198,"column":44}},"69":{"start":{"line":199,"column":23},"end":{"line":199,"column":36}},"70":{"start":{"line":202,"column":8},"end":{"line":204,"column":9}},"71":{"start":{"line":203,"column":12},"end":{"line":203,"column":82}},"72":{"start":{"line":206,"column":27},"end":{"line":206,"column":29}},"73":{"start":{"line":207,"column":8},"end":{"line":207,"column":53}},"74":{"start":{"line":207,"column":22},"end":{"line":207,"column":53}},"75":{"start":{"line":208,"column":8},"end":{"line":208,"column":44}},"76":{"start":{"line":208,"column":19},"end":{"line":208,"column":44}},"77":{"start":{"line":211,"column":29},"end":{"line":211,"column":81}},"78":{"start":{"line":212,"column":8},"end":{"line":214,"column":9}},"79":{"start":{"line":213,"column":12},"end":{"line":213,"column":54}},"80":{"start":{"line":216,"column":21},"end":{"line":220,"column":29}},"81":{"start":{"line":222,"column":8},"end":{"line":224,"column":9}},"82":{"start":{"line":223,"column":12},"end":{"line":223,"column":54}},"83":{"start":{"line":226,"column":8},"end":{"line":230,"column":11}},"84":{"start":{"line":232,"column":8},"end":{"line":232,"column":20}},"85":{"start":{"line":237,"column":0},"end":{"line":273,"column":2}},"86":{"start":{"line":238,"column":4},"end":{"line":272,"column":5}},"87":{"start":{"line":239,"column":49},"end":{"line":239,"column":57}},"88":{"start":{"line":241,"column":8},"end":{"line":243,"column":9}},"89":{"start":{"line":242,"column":12},"end":{"line":242,"column":88}},"90":{"start":{"line":245,"column":21},"end":{"line":245,"column":53}},"91":{"start":{"line":246,"column":8},"end":{"line":248,"column":9}},"92":{"start":{"line":247,"column":12},"end":{"line":247,"column":54}},"93":{"start":{"line":251,"column":24},"end":{"line":251,"column":67}},"94":{"start":{"line":252,"column":8},"end":{"line":254,"column":9}},"95":{"start":{"line":253,"column":12},"end":{"line":253,"column":75}},"96":{"start":{"line":257,"column":36},"end":{"line":257,"column":66}},"97":{"start":{"line":258,"column":8},"end":{"line":260,"column":9}},"98":{"start":{"line":259,"column":12},"end":{"line":259,"column":188}},"99":{"start":{"line":263,"column":8},"end":{"line":263,"column":36}},"100":{"start":{"line":264,"column":8},"end":{"line":264,"column":26}},"101":{"start":{"line":266,"column":8},"end":{"line":269,"column":11}},"102":{"start":{"line":271,"column":8},"end":{"line":271,"column":20}},"103":{"start":{"line":276,"column":0},"end":{"line":310,"column":2}},"104":{"start":{"line":277,"column":4},"end":{"line":309,"column":5}},"105":{"start":{"line":278,"column":23},"end":{"line":278,"column":36}},"106":{"start":{"line":281,"column":8},"end":{"line":283,"column":9}},"107":{"start":{"line":282,"column":12},"end":{"line":282,"column":82}},"108":{"start":{"line":285,"column":21},"end":{"line":285,"column":48}},"109":{"start":{"line":286,"column":8},"end":{"line":288,"column":9}},"110":{"start":{"line":287,"column":12},"end":{"line":287,"column":54}},"111":{"start":{"line":290,"column":8},"end":{"line":292,"column":9}},"112":{"start":{"line":291,"column":12},"end":{"line":291,"column":68}},"113":{"start":{"line":295,"column":8},"end":{"line":295,"column":32}},"114":{"start":{"line":298,"column":8},"end":{"line":301,"column":10}},"115":{"start":{"line":303,"column":8},"end":{"line":306,"column":11}},"116":{"start":{"line":308,"column":8},"end":{"line":308,"column":20}},"117":{"start":{"line":313,"column":0},"end":{"line":359,"column":2}},"118":{"start":{"line":314,"column":4},"end":{"line":358,"column":5}},"119":{"start":{"line":315,"column":26},"end":{"line":315,"column":36}},"120":{"start":{"line":317,"column":8},"end":{"line":319,"column":9}},"121":{"start":{"line":318,"column":12},"end":{"line":318,"column":72}},"122":{"start":{"line":322,"column":28},"end":{"line":322,"column":83}},"123":{"start":{"line":325,"column":21},"end":{"line":328,"column":10}},"124":{"start":{"line":330,"column":8},"end":{"line":332,"column":9}},"125":{"start":{"line":331,"column":12},"end":{"line":331,"column":79}},"126":{"start":{"line":335,"column":8},"end":{"line":335,"column":31}},"127":{"start":{"line":336,"column":8},"end":{"line":336,"column":43}},"128":{"start":{"line":337,"column":8},"end":{"line":337,"column":50}},"129":{"start":{"line":338,"column":8},"end":{"line":338,"column":26}},"130":{"start":{"line":341,"column":8},"end":{"line":345,"column":9}},"131":{"start":{"line":342,"column":12},"end":{"line":342,"column":62}},"132":{"start":{"line":344,"column":12},"end":{"line":344,"column":79}},"133":{"start":{"line":347,"column":8},"end":{"line":355,"column":11}},"134":{"start":{"line":357,"column":8},"end":{"line":357,"column":20}},"135":{"start":{"line":362,"column":0},"end":{"line":394,"column":2}},"136":{"start":{"line":363,"column":4},"end":{"line":393,"column":5}},"137":{"start":{"line":364,"column":26},"end":{"line":364,"column":34}},"138":{"start":{"line":366,"column":8},"end":{"line":368,"column":9}},"139":{"start":{"line":367,"column":12},"end":{"line":367,"column":59}},"140":{"start":{"line":370,"column":21},"end":{"line":370,"column":50}},"141":{"start":{"line":372,"column":8},"end":{"line":374,"column":9}},"142":{"start":{"line":373,"column":12},"end":{"line":373,"column":54}},"143":{"start":{"line":376,"column":8},"end":{"line":378,"column":9}},"144":{"start":{"line":377,"column":12},"end":{"line":377,"column":67}},"145":{"start":{"line":381,"column":34},"end":{"line":381,"column":66}},"146":{"start":{"line":382,"column":8},"end":{"line":382,"column":26}},"147":{"start":{"line":385,"column":8},"end":{"line":385,"column":77}},"148":{"start":{"line":387,"column":8},"end":{"line":390,"column":11}},"149":{"start":{"line":392,"column":8},"end":{"line":392,"column":20}},"150":{"start":{"line":397,"column":0},"end":{"line":450,"column":2}},"151":{"start":{"line":398,"column":4},"end":{"line":449,"column":5}},"152":{"start":{"line":399,"column":33},"end":{"line":399,"column":41}},"153":{"start":{"line":401,"column":8},"end":{"line":403,"column":9}},"154":{"start":{"line":402,"column":12},"end":{"line":402,"column":67}},"155":{"start":{"line":406,"column":25},"end":{"line":406,"column":95}},"156":{"start":{"line":408,"column":8},"end":{"line":410,"column":9}},"157":{"start":{"line":409,"column":12},"end":{"line":409,"column":67}},"158":{"start":{"line":413,"column":8},"end":{"line":415,"column":9}},"159":{"start":{"line":414,"column":12},"end":{"line":414,"column":76}},"160":{"start":{"line":418,"column":8},"end":{"line":420,"column":9}},"161":{"start":{"line":419,"column":12},"end":{"line":419,"column":71}},"162":{"start":{"line":422,"column":21},"end":{"line":422,"column":36}},"163":{"start":{"line":424,"column":8},"end":{"line":426,"column":9}},"164":{"start":{"line":425,"column":12},"end":{"line":425,"column":54}},"165":{"start":{"line":429,"column":31},"end":{"line":429,"column":56}},"166":{"start":{"line":432,"column":26},"end":{"line":432,"column":43}},"167":{"start":{"line":433,"column":32},"end":{"line":433,"column":79}},"168":{"start":{"line":436,"column":8},"end":{"line":436,"column":52}},"169":{"start":{"line":437,"column":8},"end":{"line":437,"column":30}},"170":{"start":{"line":439,"column":8},"end":{"line":446,"column":11}},"171":{"start":{"line":448,"column":8},"end":{"line":448,"column":20}},"172":{"start":{"line":453,"column":0},"end":{"line":486,"column":2}},"173":{"start":{"line":454,"column":4},"end":{"line":485,"column":5}},"174":{"start":{"line":455,"column":33},"end":{"line":455,"column":41}},"175":{"start":{"line":457,"column":8},"end":{"line":459,"column":9}},"176":{"start":{"line":458,"column":12},"end":{"line":458,"column":67}},"177":{"start":{"line":462,"column":25},"end":{"line":462,"column":76}},"178":{"start":{"line":464,"column":8},"end":{"line":466,"column":9}},"179":{"start":{"line":465,"column":12},"end":{"line":465,"column":63}},"180":{"start":{"line":468,"column":8},"end":{"line":473,"column":9}},"181":{"start":{"line":469,"column":12},"end":{"line":472,"column":15}},"182":{"start":{"line":476,"column":8},"end":{"line":476,"column":43}},"183":{"start":{"line":477,"column":8},"end":{"line":477,"column":30}},"184":{"start":{"line":479,"column":8},"end":{"line":482,"column":11}},"185":{"start":{"line":484,"column":8},"end":{"line":484,"column":20}},"186":{"start":{"line":489,"column":0},"end":{"line":517,"column":2}},"187":{"start":{"line":490,"column":4},"end":{"line":516,"column":5}},"188":{"start":{"line":491,"column":23},"end":{"line":491,"column":34}},"189":{"start":{"line":492,"column":26},"end":{"line":492,"column":43}},"190":{"start":{"line":495,"column":23},"end":{"line":499,"column":10}},"191":{"start":{"line":502,"column":8},"end":{"line":505,"column":12}},"192":{"start":{"line":503,"column":12},"end":{"line":503,"column":36}},"193":{"start":{"line":504,"column":12},"end":{"line":504,"column":31}},"194":{"start":{"line":507,"column":8},"end":{"line":513,"column":11}},"195":{"start":{"line":515,"column":8},"end":{"line":515,"column":20}},"196":{"start":{"line":520,"column":0},"end":{"line":559,"column":2}},"197":{"start":{"line":521,"column":4},"end":{"line":558,"column":5}},"198":{"start":{"line":522,"column":23},"end":{"line":522,"column":36}},"199":{"start":{"line":523,"column":25},"end":{"line":523,"column":33}},"200":{"start":{"line":526,"column":27},"end":{"line":526,"column":57}},"201":{"start":{"line":527,"column":8},"end":{"line":529,"column":9}},"202":{"start":{"line":528,"column":12},"end":{"line":528,"column":87}},"203":{"start":{"line":532,"column":21},"end":{"line":532,"column":48}},"204":{"start":{"line":533,"column":8},"end":{"line":535,"column":9}},"205":{"start":{"line":534,"column":12},"end":{"line":534,"column":54}},"206":{"start":{"line":538,"column":8},"end":{"line":540,"column":9}},"207":{"start":{"line":539,"column":12},"end":{"line":539,"column":77}},"208":{"start":{"line":542,"column":24},"end":{"line":542,"column":33}},"209":{"start":{"line":543,"column":8},"end":{"line":543,"column":25}},"210":{"start":{"line":544,"column":8},"end":{"line":544,"column":26}},"211":{"start":{"line":546,"column":8},"end":{"line":555,"column":11}},"212":{"start":{"line":557,"column":8},"end":{"line":557,"column":20}},"213":{"start":{"line":562,"column":0},"end":{"line":603,"column":2}},"214":{"start":{"line":563,"column":4},"end":{"line":602,"column":5}},"215":{"start":{"line":564,"column":21},"end":{"line":564,"column":50}},"216":{"start":{"line":565,"column":22},"end":{"line":565,"column":68}},"217":{"start":{"line":566,"column":21},"end":{"line":566,"column":39}},"218":{"start":{"line":569,"column":23},"end":{"line":569,"column":25}},"219":{"start":{"line":570,"column":8},"end":{"line":572,"column":9}},"220":{"start":{"line":571,"column":12},"end":{"line":571,"column":41}},"221":{"start":{"line":575,"column":31},"end":{"line":575,"column":66}},"222":{"start":{"line":576,"column":8},"end":{"line":578,"column":9}},"223":{"start":{"line":577,"column":12},"end":{"line":577,"column":36}},"224":{"start":{"line":580,"column":22},"end":{"line":584,"column":36}},"225":{"start":{"line":586,"column":22},"end":{"line":586,"column":55}},"226":{"start":{"line":588,"column":8},"end":{"line":599,"column":11}},"227":{"start":{"line":601,"column":8},"end":{"line":601,"column":20}},"228":{"start":{"line":606,"column":0},"end":{"line":634,"column":2}},"229":{"start":{"line":607,"column":4},"end":{"line":633,"column":5}},"230":{"start":{"line":608,"column":23},"end":{"line":608,"column":36}},"231":{"start":{"line":610,"column":21},"end":{"line":610,"column":48}},"232":{"start":{"line":611,"column":8},"end":{"line":613,"column":9}},"233":{"start":{"line":612,"column":12},"end":{"line":612,"column":54}},"234":{"start":{"line":615,"column":8},"end":{"line":617,"column":9}},"235":{"start":{"line":616,"column":12},"end":{"line":616,"column":61}},"236":{"start":{"line":619,"column":8},"end":{"line":619,"column":29}},"237":{"start":{"line":621,"column":8},"end":{"line":630,"column":11}},"238":{"start":{"line":632,"column":8},"end":{"line":632,"column":20}},"239":{"start":{"line":637,"column":0},"end":{"line":669,"column":2}},"240":{"start":{"line":638,"column":4},"end":{"line":668,"column":5}},"241":{"start":{"line":639,"column":23},"end":{"line":639,"column":36}},"242":{"start":{"line":641,"column":21},"end":{"line":641,"column":48}},"243":{"start":{"line":642,"column":8},"end":{"line":644,"column":9}},"244":{"start":{"line":643,"column":12},"end":{"line":643,"column":54}},"245":{"start":{"line":647,"column":8},"end":{"line":649,"column":9}},"246":{"start":{"line":648,"column":12},"end":{"line":648,"column":123}},"247":{"start":{"line":652,"column":8},"end":{"line":654,"column":9}},"248":{"start":{"line":653,"column":12},"end":{"line":653,"column":84}},"249":{"start":{"line":657,"column":8},"end":{"line":657,"column":60}},"250":{"start":{"line":660,"column":8},"end":{"line":660,"column":45}},"251":{"start":{"line":662,"column":8},"end":{"line":665,"column":11}},"252":{"start":{"line":667,"column":8},"end":{"line":667,"column":20}},"253":{"start":{"line":672,"column":0},"end":{"line":700,"column":2}},"254":{"start":{"line":673,"column":4},"end":{"line":699,"column":5}},"255":{"start":{"line":674,"column":23},"end":{"line":674,"column":36}},"256":{"start":{"line":676,"column":21},"end":{"line":676,"column":48}},"257":{"start":{"line":677,"column":8},"end":{"line":679,"column":9}},"258":{"start":{"line":678,"column":12},"end":{"line":678,"column":54}},"259":{"start":{"line":681,"column":8},"end":{"line":683,"column":9}},"260":{"start":{"line":682,"column":12},"end":{"line":682,"column":61}},"261":{"start":{"line":685,"column":8},"end":{"line":685,"column":29}},"262":{"start":{"line":687,"column":8},"end":{"line":696,"column":11}},"263":{"start":{"line":698,"column":8},"end":{"line":698,"column":20}},"264":{"start":{"line":703,"column":0},"end":{"line":735,"column":2}},"265":{"start":{"line":704,"column":4},"end":{"line":734,"column":5}},"266":{"start":{"line":705,"column":23},"end":{"line":705,"column":36}},"267":{"start":{"line":707,"column":21},"end":{"line":707,"column":48}},"268":{"start":{"line":708,"column":8},"end":{"line":710,"column":9}},"269":{"start":{"line":709,"column":12},"end":{"line":709,"column":54}},"270":{"start":{"line":713,"column":8},"end":{"line":715,"column":9}},"271":{"start":{"line":714,"column":12},"end":{"line":714,"column":124}},"272":{"start":{"line":718,"column":8},"end":{"line":720,"column":9}},"273":{"start":{"line":719,"column":12},"end":{"line":719,"column":84}},"274":{"start":{"line":723,"column":8},"end":{"line":723,"column":60}},"275":{"start":{"line":726,"column":8},"end":{"line":726,"column":45}},"276":{"start":{"line":728,"column":8},"end":{"line":731,"column":11}},"277":{"start":{"line":733,"column":8},"end":{"line":733,"column":20}},"278":{"start":{"line":738,"column":0},"end":{"line":766,"column":2}},"279":{"start":{"line":739,"column":4},"end":{"line":765,"column":5}},"280":{"start":{"line":740,"column":23},"end":{"line":740,"column":36}},"281":{"start":{"line":742,"column":21},"end":{"line":742,"column":48}},"282":{"start":{"line":743,"column":8},"end":{"line":745,"column":9}},"283":{"start":{"line":744,"column":12},"end":{"line":744,"column":54}},"284":{"start":{"line":747,"column":8},"end":{"line":749,"column":9}},"285":{"start":{"line":748,"column":12},"end":{"line":748,"column":61}},"286":{"start":{"line":751,"column":8},"end":{"line":751,"column":29}},"287":{"start":{"line":753,"column":8},"end":{"line":762,"column":11}},"288":{"start":{"line":764,"column":8},"end":{"line":764,"column":20}},"289":{"start":{"line":769,"column":0},"end":{"line":801,"column":2}},"290":{"start":{"line":770,"column":4},"end":{"line":800,"column":5}},"291":{"start":{"line":771,"column":23},"end":{"line":771,"column":36}},"292":{"start":{"line":773,"column":21},"end":{"line":773,"column":48}},"293":{"start":{"line":774,"column":8},"end":{"line":776,"column":9}},"294":{"start":{"line":775,"column":12},"end":{"line":775,"column":54}},"295":{"start":{"line":779,"column":8},"end":{"line":781,"column":9}},"296":{"start":{"line":780,"column":12},"end":{"line":780,"column":124}},"297":{"start":{"line":784,"column":8},"end":{"line":786,"column":9}},"298":{"start":{"line":785,"column":12},"end":{"line":785,"column":84}},"299":{"start":{"line":789,"column":8},"end":{"line":789,"column":60}},"300":{"start":{"line":792,"column":8},"end":{"line":792,"column":45}},"301":{"start":{"line":794,"column":8},"end":{"line":797,"column":11}},"302":{"start":{"line":799,"column":8},"end":{"line":799,"column":20}},"303":{"start":{"line":804,"column":0},"end":{"line":845,"column":2}},"304":{"start":{"line":805,"column":4},"end":{"line":844,"column":5}},"305":{"start":{"line":806,"column":26},"end":{"line":806,"column":34}},"306":{"start":{"line":808,"column":8},"end":{"line":810,"column":9}},"307":{"start":{"line":809,"column":12},"end":{"line":809,"column":59}},"308":{"start":{"line":813,"column":21},"end":{"line":813,"column":50}},"309":{"start":{"line":816,"column":8},"end":{"line":821,"column":9}},"310":{"start":{"line":817,"column":12},"end":{"line":820,"column":15}},"311":{"start":{"line":824,"column":27},"end":{"line":824,"column":60}},"312":{"start":{"line":825,"column":8},"end":{"line":825,"column":26}},"313":{"start":{"line":828,"column":8},"end":{"line":836,"column":9}},"314":{"start":{"line":829,"column":12},"end":{"line":829,"column":75}},"315":{"start":{"line":832,"column":12},"end":{"line":832,"column":48}},"316":{"start":{"line":833,"column":12},"end":{"line":833,"column":50}},"317":{"start":{"line":834,"column":12},"end":{"line":834,"column":30}},"318":{"start":{"line":835,"column":12},"end":{"line":835,"column":29}},"319":{"start":{"line":838,"column":8},"end":{"line":841,"column":11}},"320":{"start":{"line":843,"column":8},"end":{"line":843,"column":20}},"321":{"start":{"line":848,"column":0},"end":{"line":899,"column":2}},"322":{"start":{"line":849,"column":4},"end":{"line":898,"column":5}},"323":{"start":{"line":850,"column":26},"end":{"line":850,"column":36}},"324":{"start":{"line":851,"column":32},"end":{"line":851,"column":40}},"325":{"start":{"line":853,"column":8},"end":{"line":855,"column":9}},"326":{"start":{"line":854,"column":12},"end":{"line":854,"column":65}},"327":{"start":{"line":857,"column":8},"end":{"line":859,"column":9}},"328":{"start":{"line":858,"column":12},"end":{"line":858,"column":66}},"329":{"start":{"line":862,"column":36},"end":{"line":862,"column":66}},"330":{"start":{"line":863,"column":8},"end":{"line":865,"column":9}},"331":{"start":{"line":864,"column":12},"end":{"line":864,"column":188}},"332":{"start":{"line":868,"column":28},"end":{"line":868,"column":83}},"333":{"start":{"line":871,"column":21},"end":{"line":874,"column":10}},"334":{"start":{"line":876,"column":8},"end":{"line":878,"column":9}},"335":{"start":{"line":877,"column":12},"end":{"line":877,"column":81}},"336":{"start":{"line":881,"column":8},"end":{"line":881,"column":36}},"337":{"start":{"line":882,"column":8},"end":{"line":882,"column":44}},"338":{"start":{"line":883,"column":8},"end":{"line":883,"column":46}},"339":{"start":{"line":884,"column":8},"end":{"line":884,"column":26}},"340":{"start":{"line":887,"column":8},"end":{"line":890,"column":10}},"341":{"start":{"line":892,"column":8},"end":{"line":895,"column":11}},"342":{"start":{"line":897,"column":8},"end":{"line":897,"column":20}}},"fnMap":{"0":{"name":"(anonymous_0)","decl":{"start":{"line":10,"column":28},"end":{"line":10,"column":29}},"loc":{"start":{"line":10,"column":38},"end":{"line":16,"column":1}},"line":10},"1":{"name":"(anonymous_1)","decl":{"start":{"line":19,"column":29},"end":{"line":19,"column":30}},"loc":{"start":{"line":19,"column":58},"end":{"line":33,"column":1}},"line":19},"2":{"name":"(anonymous_2)","decl":{"start":{"line":36,"column":21},"end":{"line":36,"column":22}},"loc":{"start":{"line":36,"column":30},"end":{"line":38,"column":1}},"line":36},"3":{"name":"(anonymous_3)","decl":{"start":{"line":41,"column":23},"end":{"line":41,"column":24}},"loc":{"start":{"line":41,"column":49},"end":{"line":78,"column":1}},"line":41},"4":{"name":"(anonymous_4)","decl":{"start":{"line":81,"column":20},"end":{"line":81,"column":21}},"loc":{"start":{"line":81,"column":46},"end":{"line":127,"column":1}},"line":81},"5":{"name":"(anonymous_5)","decl":{"start":{"line":130,"column":21},"end":{"line":130,"column":22}},"loc":{"start":{"line":130,"column":47},"end":{"line":144,"column":1}},"line":130},"6":{"name":"(anonymous_6)","decl":{"start":{"line":147,"column":22},"end":{"line":147,"column":23}},"loc":{"start":{"line":147,"column":48},"end":{"line":161,"column":1}},"line":147},"7":{"name":"(anonymous_7)","decl":{"start":{"line":164,"column":22},"end":{"line":164,"column":23}},"loc":{"start":{"line":164,"column":48},"end":{"line":193,"column":1}},"line":164},"8":{"name":"(anonymous_8)","decl":{"start":{"line":196,"column":24},"end":{"line":196,"column":25}},"loc":{"start":{"line":196,"column":50},"end":{"line":234,"column":1}},"line":196},"9":{"name":"(anonymous_9)","decl":{"start":{"line":237,"column":25},"end":{"line":237,"column":26}},"loc":{"start":{"line":237,"column":51},"end":{"line":273,"column":1}},"line":237},"10":{"name":"(anonymous_10)","decl":{"start":{"line":276,"column":21},"end":{"line":276,"column":22}},"loc":{"start":{"line":276,"column":47},"end":{"line":310,"column":1}},"line":276},"11":{"name":"(anonymous_11)","decl":{"start":{"line":313,"column":22},"end":{"line":313,"column":23}},"loc":{"start":{"line":313,"column":48},"end":{"line":359,"column":1}},"line":313},"12":{"name":"(anonymous_12)","decl":{"start":{"line":362,"column":29},"end":{"line":362,"column":30}},"loc":{"start":{"line":362,"column":55},"end":{"line":394,"column":1}},"line":362},"13":{"name":"(anonymous_13)","decl":{"start":{"line":397,"column":23},"end":{"line":397,"column":24}},"loc":{"start":{"line":397,"column":49},"end":{"line":450,"column":1}},"line":397},"14":{"name":"(anonymous_14)","decl":{"start":{"line":453,"column":17},"end":{"line":453,"column":18}},"loc":{"start":{"line":453,"column":43},"end":{"line":486,"column":1}},"line":453},"15":{"name":"(anonymous_15)","decl":{"start":{"line":489,"column":26},"end":{"line":489,"column":27}},"loc":{"start":{"line":489,"column":52},"end":{"line":517,"column":1}},"line":489},"16":{"name":"(anonymous_16)","decl":{"start":{"line":502,"column":37},"end":{"line":502,"column":38}},"loc":{"start":{"line":502,"column":54},"end":{"line":505,"column":9}},"line":502},"17":{"name":"(anonymous_17)","decl":{"start":{"line":520,"column":25},"end":{"line":520,"column":26}},"loc":{"start":{"line":520,"column":51},"end":{"line":559,"column":1}},"line":520},"18":{"name":"(anonymous_18)","decl":{"start":{"line":562,"column":27},"end":{"line":562,"column":28}},"loc":{"start":{"line":562,"column":53},"end":{"line":603,"column":1}},"line":562},"19":{"name":"(anonymous_19)","decl":{"start":{"line":606,"column":22},"end":{"line":606,"column":23}},"loc":{"start":{"line":606,"column":48},"end":{"line":634,"column":1}},"line":606},"20":{"name":"(anonymous_20)","decl":{"start":{"line":637,"column":32},"end":{"line":637,"column":33}},"loc":{"start":{"line":637,"column":58},"end":{"line":669,"column":1}},"line":637},"21":{"name":"(anonymous_21)","decl":{"start":{"line":672,"column":22},"end":{"line":672,"column":23}},"loc":{"start":{"line":672,"column":48},"end":{"line":700,"column":1}},"line":672},"22":{"name":"(anonymous_22)","decl":{"start":{"line":703,"column":32},"end":{"line":703,"column":33}},"loc":{"start":{"line":703,"column":58},"end":{"line":735,"column":1}},"line":703},"23":{"name":"(anonymous_23)","decl":{"start":{"line":738,"column":22},"end":{"line":738,"column":23}},"loc":{"start":{"line":738,"column":48},"end":{"line":766,"column":1}},"line":738},"24":{"name":"(anonymous_24)","decl":{"start":{"line":769,"column":32},"end":{"line":769,"column":33}},"loc":{"start":{"line":769,"column":58},"end":{"line":801,"column":1}},"line":769},"25":{"name":"(anonymous_25)","decl":{"start":{"line":804,"column":25},"end":{"line":804,"column":26}},"loc":{"start":{"line":804,"column":51},"end":{"line":845,"column":1}},"line":804},"26":{"name":"(anonymous_26)","decl":{"start":{"line":848,"column":24},"end":{"line":848,"column":25}},"loc":{"start":{"line":848,"column":50},"end":{"line":899,"column":1}},"line":848}},"branchMap":{"0":{"loc":{"start":{"line":13,"column":8},"end":{"line":13,"column":42}},"type":"binary-expr","locations":[{"start":{"line":13,"column":8},"end":{"line":13,"column":30}},{"start":{"line":13,"column":34},"end":{"line":13,"column":42}}],"line":13},"1":{"loc":{"start":{"line":37,"column":11},"end":{"line":37,"column":62}},"type":"binary-expr","locations":[{"start":{"line":37,"column":11},"end":{"line":37,"column":17}},{"start":{"line":37,"column":21},"end":{"line":37,"column":49}},{"start":{"line":37,"column":53},"end":{"line":37,"column":62}}],"line":37},"2":{"loc":{"start":{"line":92,"column":24},"end":{"line":92,"column":75}},"type":"cond-expr","locations":[{"start":{"line":92,"column":31},"end":{"line":92,"column":67}},{"start":{"line":92,"column":70},"end":{"line":92,"column":75}}],"line":92},"3":{"loc":{"start":{"line":94,"column":8},"end":{"line":96,"column":9}},"type":"if","locations":[{"start":{"line":94,"column":8},"end":{"line":96,"column":9}},{"start":{},"end":{}}],"line":94},"4":{"loc":{"start":{"line":94,"column":12},"end":{"line":94,"column":29}},"type":"binary-expr","locations":[{"start":{"line":94,"column":12},"end":{"line":94,"column":17}},{"start":{"line":94,"column":21},"end":{"line":94,"column":29}}],"line":94},"5":{"loc":{"start":{"line":99,"column":8},"end":{"line":101,"column":9}},"type":"if","locations":[{"start":{"line":99,"column":8},"end":{"line":101,"column":9}},{"start":{},"end":{}}],"line":99},"6":{"loc":{"start":{"line":133,"column":8},"end":{"line":135,"column":9}},"type":"if","locations":[{"start":{"line":133,"column":8},"end":{"line":135,"column":9}},{"start":{},"end":{}}],"line":133},"7":{"loc":{"start":{"line":150,"column":8},"end":{"line":152,"column":9}},"type":"if","locations":[{"start":{"line":150,"column":8},"end":{"line":152,"column":9}},{"start":{},"end":{}}],"line":150},"8":{"loc":{"start":{"line":166,"column":21},"end":{"line":166,"column":50}},"type":"binary-expr","locations":[{"start":{"line":166,"column":21},"end":{"line":166,"column":45}},{"start":{"line":166,"column":49},"end":{"line":166,"column":50}}],"line":166},"9":{"loc":{"start":{"line":167,"column":31},"end":{"line":167,"column":62}},"type":"binary-expr","locations":[{"start":{"line":167,"column":31},"end":{"line":167,"column":56}},{"start":{"line":167,"column":60},"end":{"line":167,"column":62}}],"line":167},"10":{"loc":{"start":{"line":202,"column":8},"end":{"line":204,"column":9}},"type":"if","locations":[{"start":{"line":202,"column":8},"end":{"line":204,"column":9}},{"start":{},"end":{}}],"line":202},"11":{"loc":{"start":{"line":207,"column":8},"end":{"line":207,"column":53}},"type":"if","locations":[{"start":{"line":207,"column":8},"end":{"line":207,"column":53}},{"start":{},"end":{}}],"line":207},"12":{"loc":{"start":{"line":208,"column":8},"end":{"line":208,"column":44}},"type":"if","locations":[{"start":{"line":208,"column":8},"end":{"line":208,"column":44}},{"start":{},"end":{}}],"line":208},"13":{"loc":{"start":{"line":212,"column":8},"end":{"line":214,"column":9}},"type":"if","locations":[{"start":{"line":212,"column":8},"end":{"line":214,"column":9}},{"start":{},"end":{}}],"line":212},"14":{"loc":{"start":{"line":222,"column":8},"end":{"line":224,"column":9}},"type":"if","locations":[{"start":{"line":222,"column":8},"end":{"line":224,"column":9}},{"start":{},"end":{}}],"line":222},"15":{"loc":{"start":{"line":241,"column":8},"end":{"line":243,"column":9}},"type":"if","locations":[{"start":{"line":241,"column":8},"end":{"line":243,"column":9}},{"start":{},"end":{}}],"line":241},"16":{"loc":{"start":{"line":241,"column":12},"end":{"line":241,"column":44}},"type":"binary-expr","locations":[{"start":{"line":241,"column":12},"end":{"line":241,"column":28}},{"start":{"line":241,"column":32},"end":{"line":241,"column":44}}],"line":241},"17":{"loc":{"start":{"line":246,"column":8},"end":{"line":248,"column":9}},"type":"if","locations":[{"start":{"line":246,"column":8},"end":{"line":248,"column":9}},{"start":{},"end":{}}],"line":246},"18":{"loc":{"start":{"line":252,"column":8},"end":{"line":254,"column":9}},"type":"if","locations":[{"start":{"line":252,"column":8},"end":{"line":254,"column":9}},{"start":{},"end":{}}],"line":252},"19":{"loc":{"start":{"line":258,"column":8},"end":{"line":260,"column":9}},"type":"if","locations":[{"start":{"line":258,"column":8},"end":{"line":260,"column":9}},{"start":{},"end":{}}],"line":258},"20":{"loc":{"start":{"line":281,"column":8},"end":{"line":283,"column":9}},"type":"if","locations":[{"start":{"line":281,"column":8},"end":{"line":283,"column":9}},{"start":{},"end":{}}],"line":281},"21":{"loc":{"start":{"line":286,"column":8},"end":{"line":288,"column":9}},"type":"if","locations":[{"start":{"line":286,"column":8},"end":{"line":288,"column":9}},{"start":{},"end":{}}],"line":286},"22":{"loc":{"start":{"line":290,"column":8},"end":{"line":292,"column":9}},"type":"if","locations":[{"start":{"line":290,"column":8},"end":{"line":292,"column":9}},{"start":{},"end":{}}],"line":290},"23":{"loc":{"start":{"line":317,"column":8},"end":{"line":319,"column":9}},"type":"if","locations":[{"start":{"line":317,"column":8},"end":{"line":319,"column":9}},{"start":{},"end":{}}],"line":317},"24":{"loc":{"start":{"line":330,"column":8},"end":{"line":332,"column":9}},"type":"if","locations":[{"start":{"line":330,"column":8},"end":{"line":332,"column":9}},{"start":{},"end":{}}],"line":330},"25":{"loc":{"start":{"line":366,"column":8},"end":{"line":368,"column":9}},"type":"if","locations":[{"start":{"line":366,"column":8},"end":{"line":368,"column":9}},{"start":{},"end":{}}],"line":366},"26":{"loc":{"start":{"line":372,"column":8},"end":{"line":374,"column":9}},"type":"if","locations":[{"start":{"line":372,"column":8},"end":{"line":374,"column":9}},{"start":{},"end":{}}],"line":372},"27":{"loc":{"start":{"line":376,"column":8},"end":{"line":378,"column":9}},"type":"if","locations":[{"start":{"line":376,"column":8},"end":{"line":378,"column":9}},{"start":{},"end":{}}],"line":376},"28":{"loc":{"start":{"line":401,"column":8},"end":{"line":403,"column":9}},"type":"if","locations":[{"start":{"line":401,"column":8},"end":{"line":403,"column":9}},{"start":{},"end":{}}],"line":401},"29":{"loc":{"start":{"line":408,"column":8},"end":{"line":410,"column":9}},"type":"if","locations":[{"start":{"line":408,"column":8},"end":{"line":410,"column":9}},{"start":{},"end":{}}],"line":408},"30":{"loc":{"start":{"line":413,"column":8},"end":{"line":415,"column":9}},"type":"if","locations":[{"start":{"line":413,"column":8},"end":{"line":415,"column":9}},{"start":{},"end":{}}],"line":413},"31":{"loc":{"start":{"line":418,"column":8},"end":{"line":420,"column":9}},"type":"if","locations":[{"start":{"line":418,"column":8},"end":{"line":420,"column":9}},{"start":{},"end":{}}],"line":418},"32":{"loc":{"start":{"line":424,"column":8},"end":{"line":426,"column":9}},"type":"if","locations":[{"start":{"line":424,"column":8},"end":{"line":426,"column":9}},{"start":{},"end":{}}],"line":424},"33":{"loc":{"start":{"line":457,"column":8},"end":{"line":459,"column":9}},"type":"if","locations":[{"start":{"line":457,"column":8},"end":{"line":459,"column":9}},{"start":{},"end":{}}],"line":457},"34":{"loc":{"start":{"line":464,"column":8},"end":{"line":466,"column":9}},"type":"if","locations":[{"start":{"line":464,"column":8},"end":{"line":466,"column":9}},{"start":{},"end":{}}],"line":464},"35":{"loc":{"start":{"line":468,"column":8},"end":{"line":473,"column":9}},"type":"if","locations":[{"start":{"line":468,"column":8},"end":{"line":473,"column":9}},{"start":{},"end":{}}],"line":468},"36":{"loc":{"start":{"line":527,"column":8},"end":{"line":529,"column":9}},"type":"if","locations":[{"start":{"line":527,"column":8},"end":{"line":529,"column":9}},{"start":{},"end":{}}],"line":527},"37":{"loc":{"start":{"line":527,"column":12},"end":{"line":527,"column":47}},"type":"binary-expr","locations":[{"start":{"line":527,"column":12},"end":{"line":527,"column":17}},{"start":{"line":527,"column":21},"end":{"line":527,"column":47}}],"line":527},"38":{"loc":{"start":{"line":533,"column":8},"end":{"line":535,"column":9}},"type":"if","locations":[{"start":{"line":533,"column":8},"end":{"line":535,"column":9}},{"start":{},"end":{}}],"line":533},"39":{"loc":{"start":{"line":538,"column":8},"end":{"line":540,"column":9}},"type":"if","locations":[{"start":{"line":538,"column":8},"end":{"line":540,"column":9}},{"start":{},"end":{}}],"line":538},"40":{"loc":{"start":{"line":538,"column":12},"end":{"line":538,"column":83}},"type":"binary-expr","locations":[{"start":{"line":538,"column":12},"end":{"line":538,"column":34}},{"start":{"line":538,"column":38},"end":{"line":538,"column":63}},{"start":{"line":538,"column":67},"end":{"line":538,"column":83}}],"line":538},"41":{"loc":{"start":{"line":564,"column":21},"end":{"line":564,"column":50}},"type":"binary-expr","locations":[{"start":{"line":564,"column":21},"end":{"line":564,"column":45}},{"start":{"line":564,"column":49},"end":{"line":564,"column":50}}],"line":564},"42":{"loc":{"start":{"line":565,"column":31},"end":{"line":565,"column":62}},"type":"binary-expr","locations":[{"start":{"line":565,"column":31},"end":{"line":565,"column":56}},{"start":{"line":565,"column":60},"end":{"line":565,"column":62}}],"line":565},"43":{"loc":{"start":{"line":570,"column":8},"end":{"line":572,"column":9}},"type":"if","locations":[{"start":{"line":570,"column":8},"end":{"line":572,"column":9}},{"start":{},"end":{}}],"line":570},"44":{"loc":{"start":{"line":576,"column":8},"end":{"line":578,"column":9}},"type":"if","locations":[{"start":{"line":576,"column":8},"end":{"line":578,"column":9}},{"start":{},"end":{}}],"line":576},"45":{"loc":{"start":{"line":611,"column":8},"end":{"line":613,"column":9}},"type":"if","locations":[{"start":{"line":611,"column":8},"end":{"line":613,"column":9}},{"start":{},"end":{}}],"line":611},"46":{"loc":{"start":{"line":615,"column":8},"end":{"line":617,"column":9}},"type":"if","locations":[{"start":{"line":615,"column":8},"end":{"line":617,"column":9}},{"start":{},"end":{}}],"line":615},"47":{"loc":{"start":{"line":642,"column":8},"end":{"line":644,"column":9}},"type":"if","locations":[{"start":{"line":642,"column":8},"end":{"line":644,"column":9}},{"start":{},"end":{}}],"line":642},"48":{"loc":{"start":{"line":647,"column":8},"end":{"line":649,"column":9}},"type":"if","locations":[{"start":{"line":647,"column":8},"end":{"line":649,"column":9}},{"start":{},"end":{}}],"line":647},"49":{"loc":{"start":{"line":652,"column":8},"end":{"line":654,"column":9}},"type":"if","locations":[{"start":{"line":652,"column":8},"end":{"line":654,"column":9}},{"start":{},"end":{}}],"line":652},"50":{"loc":{"start":{"line":677,"column":8},"end":{"line":679,"column":9}},"type":"if","locations":[{"start":{"line":677,"column":8},"end":{"line":679,"column":9}},{"start":{},"end":{}}],"line":677},"51":{"loc":{"start":{"line":681,"column":8},"end":{"line":683,"column":9}},"type":"if","locations":[{"start":{"line":681,"column":8},"end":{"line":683,"column":9}},{"start":{},"end":{}}],"line":681},"52":{"loc":{"start":{"line":708,"column":8},"end":{"line":710,"column":9}},"type":"if","locations":[{"start":{"line":708,"column":8},"end":{"line":710,"column":9}},{"start":{},"end":{}}],"line":708},"53":{"loc":{"start":{"line":713,"column":8},"end":{"line":715,"column":9}},"type":"if","locations":[{"start":{"line":713,"column":8},"end":{"line":715,"column":9}},{"start":{},"end":{}}],"line":713},"54":{"loc":{"start":{"line":718,"column":8},"end":{"line":720,"column":9}},"type":"if","locations":[{"start":{"line":718,"column":8},"end":{"line":720,"column":9}},{"start":{},"end":{}}],"line":718},"55":{"loc":{"start":{"line":743,"column":8},"end":{"line":745,"column":9}},"type":"if","locations":[{"start":{"line":743,"column":8},"end":{"line":745,"column":9}},{"start":{},"end":{}}],"line":743},"56":{"loc":{"start":{"line":747,"column":8},"end":{"line":749,"column":9}},"type":"if","locations":[{"start":{"line":747,"column":8},"end":{"line":749,"column":9}},{"start":{},"end":{}}],"line":747},"57":{"loc":{"start":{"line":774,"column":8},"end":{"line":776,"column":9}},"type":"if","locations":[{"start":{"line":774,"column":8},"end":{"line":776,"column":9}},{"start":{},"end":{}}],"line":774},"58":{"loc":{"start":{"line":779,"column":8},"end":{"line":781,"column":9}},"type":"if","locations":[{"start":{"line":779,"column":8},"end":{"line":781,"column":9}},{"start":{},"end":{}}],"line":779},"59":{"loc":{"start":{"line":784,"column":8},"end":{"line":786,"column":9}},"type":"if","locations":[{"start":{"line":784,"column":8},"end":{"line":786,"column":9}},{"start":{},"end":{}}],"line":784},"60":{"loc":{"start":{"line":808,"column":8},"end":{"line":810,"column":9}},"type":"if","locations":[{"start":{"line":808,"column":8},"end":{"line":810,"column":9}},{"start":{},"end":{}}],"line":808},"61":{"loc":{"start":{"line":816,"column":8},"end":{"line":821,"column":9}},"type":"if","locations":[{"start":{"line":816,"column":8},"end":{"line":821,"column":9}},{"start":{},"end":{}}],"line":816},"62":{"loc":{"start":{"line":816,"column":12},"end":{"line":816,"column":35}},"type":"binary-expr","locations":[{"start":{"line":816,"column":12},"end":{"line":816,"column":17}},{"start":{"line":816,"column":21},"end":{"line":816,"column":35}}],"line":816},"63":{"loc":{"start":{"line":853,"column":8},"end":{"line":855,"column":9}},"type":"if","locations":[{"start":{"line":853,"column":8},"end":{"line":855,"column":9}},{"start":{},"end":{}}],"line":853},"64":{"loc":{"start":{"line":857,"column":8},"end":{"line":859,"column":9}},"type":"if","locations":[{"start":{"line":857,"column":8},"end":{"line":859,"column":9}},{"start":{},"end":{}}],"line":857},"65":{"loc":{"start":{"line":863,"column":8},"end":{"line":865,"column":9}},"type":"if","locations":[{"start":{"line":863,"column":8},"end":{"line":865,"column":9}},{"start":{},"end":{}}],"line":863},"66":{"loc":{"start":{"line":876,"column":8},"end":{"line":878,"column":9}},"type":"if","locations":[{"start":{"line":876,"column":8},"end":{"line":878,"column":9}},{"start":{},"end":{}}],"line":876}},"s":{"0":2,"1":2,"2":2,"3":2,"4":2,"5":2,"6":2,"7":2,"8":6,"9":2,"10":6,"11":6,"12":6,"13":6,"14":6,"15":2,"16":6,"17":2,"18":8,"19":8,"20":8,"21":7,"22":7,"23":7,"24":7,"25":7,"26":1,"27":7,"28":1,"29":2,"30":11,"31":11,"32":11,"33":11,"34":11,"35":11,"36":3,"37":8,"38":2,"39":6,"40":6,"41":6,"42":5,"43":2,"44":4,"45":4,"46":4,"47":1,"48":3,"49":1,"50":2,"51":2,"52":2,"53":2,"54":1,"55":1,"56":1,"57":2,"58":2,"59":2,"60":2,"61":2,"62":2,"63":2,"64":2,"65":0,"66":2,"67":3,"68":3,"69":3,"70":3,"71":1,"72":2,"73":2,"74":2,"75":2,"76":1,"77":2,"78":2,"79":1,"80":1,"81":1,"82":0,"83":1,"84":2,"85":2,"86":5,"87":5,"88":5,"89":1,"90":4,"91":4,"92":0,"93":4,"94":4,"95":1,"96":3,"97":3,"98":1,"99":2,"100":2,"101":2,"102":3,"103":2,"104":4,"105":4,"106":4,"107":1,"108":3,"109":3,"110":0,"111":3,"112":1,"113":2,"114":2,"115":2,"116":2,"117":2,"118":0,"119":0,"120":0,"121":0,"122":0,"123":0,"124":0,"125":0,"126":0,"127":0,"128":0,"129":0,"130":0,"131":0,"132":0,"133":0,"134":0,"135":2,"136":0,"137":0,"138":0,"139":0,"140":0,"141":0,"142":0,"143":0,"144":0,"145":0,"146":0,"147":0,"148":0,"149":0,"150":2,"151":0,"152":0,"153":0,"154":0,"155":0,"156":0,"157":0,"158":0,"159":0,"160":0,"161":0,"162":0,"163":0,"164":0,"165":0,"166":0,"167":0,"168":0,"169":0,"170":0,"171":0,"172":2,"173":0,"174":0,"175":0,"176":0,"177":0,"178":0,"179":0,"180":0,"181":0,"182":0,"183":0,"184":0,"185":0,"186":2,"187":0,"188":0,"189":0,"190":0,"191":0,"192":0,"193":0,"194":0,"195":0,"196":2,"197":0,"198":0,"199":0,"200":0,"201":0,"202":0,"203":0,"204":0,"205":0,"206":0,"207":0,"208":0,"209":0,"210":0,"211":0,"212":0,"213":2,"214":0,"215":0,"216":0,"217":0,"218":0,"219":0,"220":0,"221":0,"222":0,"223":0,"224":0,"225":0,"226":0,"227":0,"228":2,"229":0,"230":0,"231":0,"232":0,"233":0,"234":0,"235":0,"236":0,"237":0,"238":0,"239":2,"240":0,"241":0,"242":0,"243":0,"244":0,"245":0,"246":0,"247":0,"248":0,"249":0,"250":0,"251":0,"252":0,"253":2,"254":0,"255":0,"256":0,"257":0,"258":0,"259":0,"260":0,"261":0,"262":0,"263":0,"264":2,"265":0,"266":0,"267":0,"268":0,"269":0,"270":0,"271":0,"272":0,"273":0,"274":0,"275":0,"276":0,"277":0,"278":2,"279":0,"280":0,"281":0,"282":0,"283":0,"284":0,"285":0,"286":0,"287":0,"288":0,"289":2,"290":0,"291":0,"292":0,"293":0,"294":0,"295":0,"296":0,"297":0,"298":0,"299":0,"300":0,"301":0,"302":0,"303":2,"304":0,"305":0,"306":0,"307":0,"308":0,"309":0,"310":0,"311":0,"312":0,"313":0,"314":0,"315":0,"316":0,"317":0,"318":0,"319":0,"320":0,"321":2,"322":0,"323":0,"324":0,"325":0,"326":0,"327":0,"328":0,"329":0,"330":0,"331":0,"332":0,"333":0,"334":0,"335":0,"336":0,"337":0,"338":0,"339":0,"340":0,"341":0,"342":0},"f":{"0":6,"1":6,"2":6,"3":8,"4":11,"5":4,"6":2,"7":2,"8":3,"9":5,"10":4,"11":0,"12":0,"13":0,"14":0,"15":0,"16":0,"17":0,"18":0,"19":0,"20":0,"21":0,"22":0,"23":0,"24":0,"25":0,"26":0},"b":{"0":[6,0],"1":[6,0,0],"2":[10,1],"3":[3,8],"4":[11,10],"5":[2,6],"6":[1,3],"7":[1,1],"8":[2,1],"9":[2,1],"10":[1,2],"11":[2,0],"12":[1,1],"13":[1,1],"14":[0,1],"15":[1,4],"16":[5,4],"17":[0,4],"18":[1,3],"19":[1,2],"20":[1,3],"21":[0,3],"22":[1,2],"23":[0,0],"24":[0,0],"25":[0,0],"26":[0,0],"27":[0,0],"28":[0,0],"29":[0,0],"30":[0,0],"31":[0,0],"32":[0,0],"33":[0,0],"34":[0,0],"35":[0,0],"36":[0,0],"37":[0,0],"38":[0,0],"39":[0,0],"40":[0,0,0],"41":[0,0],"42":[0,0],"43":[0,0],"44":[0,0],"45":[0,0],"46":[0,0],"47":[0,0],"48":[0,0],"49":[0,0],"50":[0,0],"51":[0,0],"52":[0,0],"53":[0,0],"54":[0,0],"55":[0,0],"56":[0,0],"57":[0,0],"58":[0,0],"59":[0,0],"60":[0,0],"61":[0,0],"62":[0,0],"63":[0,0],"64":[0,0],"65":[0,0],"66":[0,0]},"_coverageSchema":"1a1c01bbd47fc00a2c39e90264f33305004495a9","hash":"4e2f9ac4f902948d29d92606a0b614402824438c"}
,"/home/scott/repos/code-craft-hub/src/middleware/authMiddleware.js": {"path":"/home/scott/repos/code-craft-hub/src/middleware/authMiddleware.js","statementMap":{"0":{"start":{"line":1,"column":12},"end":{"line":1,"column":35}},"1":{"start":{"line":2,"column":32},"end":{"line":2,"column":64}},"2":{"start":{"line":4,"column":23},"end":{"line":38,"column":1}},"3":{"start":{"line":5,"column":4},"end":{"line":37,"column":5}},"4":{"start":{"line":6,"column":27},"end":{"line":6,"column":54}},"5":{"start":{"line":8,"column":8},"end":{"line":13,"column":9}},"6":{"start":{"line":9,"column":12},"end":{"line":12,"column":15}},"7":{"start":{"line":15,"column":22},"end":{"line":15,"column":46}},"8":{"start":{"line":16,"column":8},"end":{"line":21,"column":9}},"9":{"start":{"line":17,"column":12},"end":{"line":20,"column":15}},"10":{"start":{"line":23,"column":25},"end":{"line":23,"column":78}},"11":{"start":{"line":24,"column":8},"end":{"line":24,"column":28}},"12":{"start":{"line":25,"column":8},"end":{"line":25,"column":15}},"13":{"start":{"line":27,"column":8},"end":{"line":32,"column":9}},"14":{"start":{"line":28,"column":12},"end":{"line":31,"column":15}},"15":{"start":{"line":33,"column":8},"end":{"line":36,"column":11}},"16":{"start":{"line":40,"column":0},"end":{"line":40,"column":32}}},"fnMap":{"0":{"name":"(anonymous_0)","decl":{"start":{"line":4,"column":23},"end":{"line":4,"column":24}},"loc":{"start":{"line":4,"column":43},"end":{"line":38,"column":1}},"line":4}},"branchMap":{"0":{"loc":{"start":{"line":8,"column":8},"end":{"line":13,"column":9}},"type":"if","locations":[{"start":{"line":8,"column":8},"end":{"line":13,"column":9}},{"start":{},"end":{}}],"line":8},"1":{"loc":{"start":{"line":16,"column":8},"end":{"line":21,"column":9}},"type":"if","locations":[{"start":{"line":16,"column":8},"end":{"line":21,"column":9}},{"start":{},"end":{}}],"line":16},"2":{"loc":{"start":{"line":23,"column":43},"end":{"line":23,"column":77}},"type":"binary-expr","locations":[{"start":{"line":23,"column":43},"end":{"line":23,"column":65}},{"start":{"line":23,"column":69},"end":{"line":23,"column":77}}],"line":23},"3":{"loc":{"start":{"line":27,"column":8},"end":{"line":32,"column":9}},"type":"if","locations":[{"start":{"line":27,"column":8},"end":{"line":32,"column":9}},{"start":{},"end":{}}],"line":27}},"s":{"0":2,"1":2,"2":2,"3":10,"4":10,"5":10,"6":1,"7":9,"8":9,"9":1,"10":8,"11":6,"12":6,"13":2,"14":1,"15":1,"16":2},"f":{"0":10},"b":{"0":[1,9],"1":[1,8],"2":[8,0],"3":[1,1]},"_coverageSchema":"1a1c01bbd47fc00a2c39e90264f33305004495a9","hash":"1df7465eeac6d7a5e6b85366055e9cfd2c746fd5"}
,"/home/scott/repos/code-craft-hub/src/middleware/authorize.js": {"path":"/home/scott/repos/code-craft-hub/src/middleware/authorize.js","statementMap":{"0":{"start":{"line":7,"column":18},"end":{"line":27,"column":1}},"1":{"start":{"line":8,"column":4},"end":{"line":26,"column":6}},"2":{"start":{"line":10,"column":8},"end":{"line":15,"column":9}},"3":{"start":{"line":11,"column":12},"end":{"line":14,"column":15}},"4":{"start":{"line":18,"column":8},"end":{"line":23,"column":9}},"5":{"start":{"line":19,"column":12},"end":{"line":22,"column":15}},"6":{"start":{"line":25,"column":8},"end":{"line":25,"column":15}},"7":{"start":{"line":29,"column":0},"end":{"line":29,"column":27}}},"fnMap":{"0":{"name":"(anonymous_0)","decl":{"start":{"line":7,"column":18},"end":{"line":7,"column":19}},"loc":{"start":{"line":7,"column":32},"end":{"line":27,"column":1}},"line":7},"1":{"name":"(anonymous_1)","decl":{"start":{"line":8,"column":11},"end":{"line":8,"column":12}},"loc":{"start":{"line":8,"column":31},"end":{"line":26,"column":5}},"line":8}},"branchMap":{"0":{"loc":{"start":{"line":10,"column":8},"end":{"line":15,"column":9}},"type":"if","locations":[{"start":{"line":10,"column":8},"end":{"line":15,"column":9}},{"start":{},"end":{}}],"line":10},"1":{"loc":{"start":{"line":18,"column":8},"end":{"line":23,"column":9}},"type":"if","locations":[{"start":{"line":18,"column":8},"end":{"line":23,"column":9}},{"start":{},"end":{}}],"line":18}},"s":{"0":2,"1":12,"2":7,"3":1,"4":6,"5":3,"6":3,"7":2},"f":{"0":12,"1":7},"b":{"0":[1,6],"1":[3,3]},"_coverageSchema":"1a1c01bbd47fc00a2c39e90264f33305004495a9","hash":"f279b3273b827f6326959e871f98a976a6b4cb2b"}
,"/home/scott/repos/code-craft-hub/src/middleware/validateObjectId.js": {"path":"/home/scott/repos/code-craft-hub/src/middleware/validateObjectId.js","statementMap":{"0":{"start":{"line":1,"column":17},"end":{"line":1,"column":36}},"1":{"start":{"line":2,"column":28},"end":{"line":2,"column":60}},"2":{"start":{"line":8,"column":25},"end":{"line":22,"column":1}},"3":{"start":{"line":9,"column":4},"end":{"line":21,"column":6}},"4":{"start":{"line":10,"column":19},"end":{"line":10,"column":40}},"5":{"start":{"line":12,"column":8},"end":{"line":14,"column":9}},"6":{"start":{"line":13,"column":12},"end":{"line":13,"column":83}},"7":{"start":{"line":16,"column":8},"end":{"line":18,"column":9}},"8":{"start":{"line":17,"column":12},"end":{"line":17,"column":76}},"9":{"start":{"line":20,"column":8},"end":{"line":20,"column":15}},"10":{"start":{"line":24,"column":0},"end":{"line":24,"column":34}}},"fnMap":{"0":{"name":"(anonymous_0)","decl":{"start":{"line":8,"column":25},"end":{"line":8,"column":26}},"loc":{"start":{"line":8,"column":47},"end":{"line":22,"column":1}},"line":8},"1":{"name":"(anonymous_1)","decl":{"start":{"line":9,"column":11},"end":{"line":9,"column":12}},"loc":{"start":{"line":9,"column":31},"end":{"line":21,"column":5}},"line":9}},"branchMap":{"0":{"loc":{"start":{"line":8,"column":26},"end":{"line":8,"column":42}},"type":"default-arg","locations":[{"start":{"line":8,"column":38},"end":{"line":8,"column":42}}],"line":8},"1":{"loc":{"start":{"line":12,"column":8},"end":{"line":14,"column":9}},"type":"if","locations":[{"start":{"line":12,"column":8},"end":{"line":14,"column":9}},{"start":{},"end":{}}],"line":12},"2":{"loc":{"start":{"line":16,"column":8},"end":{"line":18,"column":9}},"type":"if","locations":[{"start":{"line":16,"column":8},"end":{"line":18,"column":9}},{"start":{},"end":{}}],"line":16}},"s":{"0":2,"1":2,"2":2,"3":17,"4":11,"5":11,"6":4,"7":7,"8":3,"9":4,"10":2},"f":{"0":17,"1":11},"b":{"0":[7],"1":[4,7],"2":[3,4]},"_coverageSchema":"1a1c01bbd47fc00a2c39e90264f33305004495a9","hash":"252b6f86e46ae00ab283852ccc5ef08ec20450af"}
,"/home/scott/repos/code-craft-hub/src/models/refreshTokenModel.js": {"path":"/home/scott/repos/code-craft-hub/src/models/refreshTokenModel.js","statementMap":{"0":{"start":{"line":1,"column":17},"end":{"line":1,"column":36}},"1":{"start":{"line":3,"column":27},"end":{"line":32,"column":2}},"2":{"start":{"line":35,"column":0},"end":{"line":35,"column":40}},"3":{"start":{"line":36,"column":0},"end":{"line":36,"column":43}},"4":{"start":{"line":39,"column":0},"end":{"line":41,"column":3}},"5":{"start":{"line":40,"column":4},"end":{"line":40,"column":40}},"6":{"start":{"line":44,"column":0},"end":{"line":46,"column":3}},"7":{"start":{"line":45,"column":4},"end":{"line":45,"column":46}},"8":{"start":{"line":49,"column":0},"end":{"line":55,"column":2}},"9":{"start":{"line":50,"column":4},"end":{"line":50,"column":32}},"10":{"start":{"line":51,"column":4},"end":{"line":51,"column":33}},"11":{"start":{"line":52,"column":4},"end":{"line":54,"column":5}},"12":{"start":{"line":53,"column":8},"end":{"line":53,"column":47}},"13":{"start":{"line":57,"column":21},"end":{"line":57,"column":71}},"14":{"start":{"line":58,"column":0},"end":{"line":58,"column":30}}},"fnMap":{"0":{"name":"(anonymous_0)","decl":{"start":{"line":39,"column":44},"end":{"line":39,"column":45}},"loc":{"start":{"line":39,"column":55},"end":{"line":41,"column":1}},"line":39},"1":{"name":"(anonymous_1)","decl":{"start":{"line":44,"column":43},"end":{"line":44,"column":44}},"loc":{"start":{"line":44,"column":54},"end":{"line":46,"column":1}},"line":44},"2":{"name":"(anonymous_2)","decl":{"start":{"line":49,"column":36},"end":{"line":49,"column":37}},"loc":{"start":{"line":49,"column":73},"end":{"line":55,"column":1}},"line":49}},"branchMap":{"0":{"loc":{"start":{"line":45,"column":11},"end":{"line":45,"column":45}},"type":"binary-expr","locations":[{"start":{"line":45,"column":11},"end":{"line":45,"column":26}},{"start":{"line":45,"column":30},"end":{"line":45,"column":45}}],"line":45},"1":{"loc":{"start":{"line":52,"column":4},"end":{"line":54,"column":5}},"type":"if","locations":[{"start":{"line":52,"column":4},"end":{"line":54,"column":5}},{"start":{},"end":{}}],"line":52}},"s":{"0":2,"1":2,"2":2,"3":2,"4":2,"5":0,"6":2,"7":0,"8":2,"9":0,"10":0,"11":0,"12":0,"13":2,"14":2},"f":{"0":0,"1":0,"2":0},"b":{"0":[0,0],"1":[0,0]},"_coverageSchema":"1a1c01bbd47fc00a2c39e90264f33305004495a9","hash":"aff7650d6d8de0589deaa035a5eb89c595fe5553"}
,"/home/scott/repos/code-craft-hub/src/models/userModel.js": {"path":"/home/scott/repos/code-craft-hub/src/models/userModel.js","statementMap":{"0":{"start":{"line":1,"column":17},"end":{"line":1,"column":36}},"1":{"start":{"line":2,"column":15},"end":{"line":2,"column":32}},"2":{"start":{"line":3,"column":15},"end":{"line":3,"column":32}},"3":{"start":{"line":5,"column":19},"end":{"line":50,"column":2}},"4":{"start":{"line":53,"column":0},"end":{"line":55,"column":2}},"5":{"start":{"line":54,"column":4},"end":{"line":54,"column":43}},"6":{"start":{"line":58,"column":0},"end":{"line":60,"column":2}},"7":{"start":{"line":59,"column":4},"end":{"line":59,"column":52}},"8":{"start":{"line":63,"column":0},"end":{"line":65,"column":3}},"9":{"start":{"line":64,"column":4},"end":{"line":64,"column":35}},"10":{"start":{"line":68,"column":0},"end":{"line":71,"column":2}},"11":{"start":{"line":69,"column":4},"end":{"line":69,"column":32}},"12":{"start":{"line":70,"column":4},"end":{"line":70,"column":23}},"13":{"start":{"line":74,"column":0},"end":{"line":77,"column":2}},"14":{"start":{"line":75,"column":4},"end":{"line":75,"column":26}},"15":{"start":{"line":76,"column":4},"end":{"line":76,"column":23}},"16":{"start":{"line":80,"column":0},"end":{"line":85,"column":3}},"17":{"start":{"line":81,"column":4},"end":{"line":83,"column":5}},"18":{"start":{"line":82,"column":8},"end":{"line":82,"column":61}},"19":{"start":{"line":84,"column":4},"end":{"line":84,"column":11}},"20":{"start":{"line":88,"column":0},"end":{"line":90,"column":2}},"21":{"start":{"line":89,"column":4},"end":{"line":89,"column":66}},"22":{"start":{"line":93,"column":0},"end":{"line":98,"column":2}},"23":{"start":{"line":94,"column":18},"end":{"line":94,"column":56}},"24":{"start":{"line":95,"column":4},"end":{"line":95,"column":85}},"25":{"start":{"line":96,"column":4},"end":{"line":96,"column":69}},"26":{"start":{"line":97,"column":4},"end":{"line":97,"column":17}},"27":{"start":{"line":101,"column":0},"end":{"line":106,"column":2}},"28":{"start":{"line":102,"column":18},"end":{"line":102,"column":56}},"29":{"start":{"line":103,"column":4},"end":{"line":103,"column":86}},"30":{"start":{"line":104,"column":4},"end":{"line":104,"column":64}},"31":{"start":{"line":105,"column":4},"end":{"line":105,"column":17}},"32":{"start":{"line":108,"column":13},"end":{"line":108,"column":47}},"33":{"start":{"line":109,"column":0},"end":{"line":109,"column":22}}},"fnMap":{"0":{"name":"(anonymous_0)","decl":{"start":{"line":53,"column":30},"end":{"line":53,"column":31}},"loc":{"start":{"line":53,"column":41},"end":{"line":55,"column":1}},"line":53},"1":{"name":"(anonymous_1)","decl":{"start":{"line":58,"column":31},"end":{"line":58,"column":32}},"loc":{"start":{"line":58,"column":42},"end":{"line":60,"column":1}},"line":58},"2":{"name":"(anonymous_2)","decl":{"start":{"line":63,"column":36},"end":{"line":63,"column":37}},"loc":{"start":{"line":63,"column":47},"end":{"line":65,"column":1}},"line":63},"3":{"name":"(anonymous_3)","decl":{"start":{"line":68,"column":32},"end":{"line":68,"column":33}},"loc":{"start":{"line":68,"column":43},"end":{"line":71,"column":1}},"line":68},"4":{"name":"(anonymous_4)","decl":{"start":{"line":74,"column":29},"end":{"line":74,"column":30}},"loc":{"start":{"line":74,"column":40},"end":{"line":77,"column":1}},"line":74},"5":{"name":"(anonymous_5)","decl":{"start":{"line":80,"column":23},"end":{"line":80,"column":24}},"loc":{"start":{"line":80,"column":45},"end":{"line":85,"column":1}},"line":80},"6":{"name":"(anonymous_6)","decl":{"start":{"line":88,"column":37},"end":{"line":88,"column":38}},"loc":{"start":{"line":88,"column":72},"end":{"line":90,"column":1}},"line":88},"7":{"name":"(anonymous_7)","decl":{"start":{"line":93,"column":47},"end":{"line":93,"column":48}},"loc":{"start":{"line":93,"column":59},"end":{"line":98,"column":1}},"line":93},"8":{"name":"(anonymous_8)","decl":{"start":{"line":101,"column":48},"end":{"line":101,"column":49}},"loc":{"start":{"line":101,"column":60},"end":{"line":106,"column":1}},"line":101}},"branchMap":{"0":{"loc":{"start":{"line":81,"column":4},"end":{"line":83,"column":5}},"type":"if","locations":[{"start":{"line":81,"column":4},"end":{"line":83,"column":5}},{"start":{},"end":{}}],"line":81}},"s":{"0":3,"1":3,"2":3,"3":3,"4":3,"5":0,"6":3,"7":0,"8":3,"9":0,"10":3,"11":1,"12":1,"13":3,"14":0,"15":0,"16":3,"17":11,"18":6,"19":11,"20":3,"21":10,"22":3,"23":5,"24":5,"25":5,"26":5,"27":3,"28":0,"29":0,"30":0,"31":0,"32":3,"33":3},"f":{"0":0,"1":0,"2":0,"3":1,"4":0,"5":11,"6":10,"7":5,"8":0},"b":{"0":[6,5]},"_coverageSchema":"1a1c01bbd47fc00a2c39e90264f33305004495a9","hash":"c19e9d21675d95e315a64ebd5fc21d6e76179d09"}
,"/home/scott/repos/code-craft-hub/src/routes/userRoutes.js": {"path":"/home/scott/repos/code-craft-hub/src/routes/userRoutes.js","statementMap":{"0":{"start":{"line":1,"column":16},"end":{"line":1,"column":34}},"1":{"start":{"line":22,"column":4},"end":{"line":22,"column":44}},"2":{"start":{"line":23,"column":23},"end":{"line":23,"column":62}},"3":{"start":{"line":24,"column":18},"end":{"line":24,"column":52}},"4":{"start":{"line":25,"column":25},"end":{"line":25,"column":66}},"5":{"start":{"line":26,"column":24},"end":{"line":26,"column":51}},"6":{"start":{"line":28,"column":15},"end":{"line":28,"column":31}},"7":{"start":{"line":70,"column":0},"end":{"line":70,"column":52}},"8":{"start":{"line":122,"column":0},"end":{"line":122,"column":46}},"9":{"start":{"line":148,"column":0},"end":{"line":148,"column":44}},"10":{"start":{"line":172,"column":0},"end":{"line":172,"column":31}},"11":{"start":{"line":194,"column":0},"end":{"line":194,"column":48}},"12":{"start":{"line":221,"column":0},"end":{"line":221,"column":69}},"13":{"start":{"line":248,"column":0},"end":{"line":248,"column":51}},"14":{"start":{"line":263,"column":0},"end":{"line":263,"column":67}},"15":{"start":{"line":290,"column":0},"end":{"line":290,"column":45}},"16":{"start":{"line":312,"column":0},"end":{"line":312,"column":72}},"17":{"start":{"line":343,"column":0},"end":{"line":343,"column":74}},"18":{"start":{"line":371,"column":0},"end":{"line":371,"column":58}},"19":{"start":{"line":391,"column":0},"end":{"line":391,"column":74}},"20":{"start":{"line":423,"column":0},"end":{"line":423,"column":81}},"21":{"start":{"line":458,"column":0},"end":{"line":458,"column":102}},"22":{"start":{"line":481,"column":0},"end":{"line":481,"column":113}},"23":{"start":{"line":506,"column":0},"end":{"line":506,"column":101}},"24":{"start":{"line":533,"column":0},"end":{"line":533,"column":122}},"25":{"start":{"line":561,"column":0},"end":{"line":561,"column":61}},"26":{"start":{"line":598,"column":0},"end":{"line":598,"column":53}},"27":{"start":{"line":600,"column":0},"end":{"line":600,"column":24}},"28":{"start":{"line":602,"column":0},"end":{"line":602,"column":24}}},"fnMap":{},"branchMap":{},"s":{"0":1,"1":1,"2":1,"3":1,"4":1,"5":1,"6":1,"7":1,"8":1,"9":1,"10":1,"11":1,"12":1,"13":1,"14":1,"15":1,"16":1,"17":1,"18":1,"19":1,"20":1,"21":1,"22":1,"23":1,"24":1,"25":1,"26":1,"27":1,"28":1},"f":{},"b":{},"_coverageSchema":"1a1c01bbd47fc00a2c39e90264f33305004495a9","hash":"7e119ff4f9f72903f19c6184dc84f3d5bad214c7"}
,"/home/scott/repos/code-craft-hub/src/tests/integration/setup.js": {"path":"/home/scott/repos/code-craft-hub/src/tests/integration/setup.js","statementMap":{"0":{"start":{"line":1,"column":17},"end":{"line":1,"column":36}},"1":{"start":{"line":2,"column":30},"end":{"line":2,"column":62}},"2":{"start":{"line":7,"column":0},"end":{"line":15,"column":3}},"3":{"start":{"line":8,"column":4},"end":{"line":8,"column":45}},"4":{"start":{"line":9,"column":16},"end":{"line":9,"column":30}},"5":{"start":{"line":10,"column":4},"end":{"line":10,"column":32}},"6":{"start":{"line":11,"column":4},"end":{"line":11,"column":60}},"7":{"start":{"line":12,"column":4},"end":{"line":12,"column":27}},"8":{"start":{"line":13,"column":4},"end":{"line":13,"column":34}},"9":{"start":{"line":14,"column":4},"end":{"line":14,"column":48}},"10":{"start":{"line":18,"column":0},"end":{"line":26,"column":3}},"11":{"start":{"line":19,"column":28},"end":{"line":19,"column":36}},"12":{"start":{"line":20,"column":4},"end":{"line":25,"column":5}},"13":{"start":{"line":21,"column":28},"end":{"line":21,"column":55}},"14":{"start":{"line":22,"column":8},"end":{"line":24,"column":9}},"15":{"start":{"line":23,"column":12},"end":{"line":23,"column":44}},"16":{"start":{"line":29,"column":0},"end":{"line":32,"column":3}},"17":{"start":{"line":30,"column":4},"end":{"line":30,"column":38}},"18":{"start":{"line":31,"column":4},"end":{"line":31,"column":34}},"19":{"start":{"line":31,"column":15},"end":{"line":31,"column":34}}},"fnMap":{"0":{"name":"(anonymous_0)","decl":{"start":{"line":7,"column":10},"end":{"line":7,"column":11}},"loc":{"start":{"line":7,"column":22},"end":{"line":15,"column":1}},"line":7},"1":{"name":"(anonymous_1)","decl":{"start":{"line":18,"column":10},"end":{"line":18,"column":11}},"loc":{"start":{"line":18,"column":22},"end":{"line":26,"column":1}},"line":18},"2":{"name":"(anonymous_2)","decl":{"start":{"line":29,"column":9},"end":{"line":29,"column":10}},"loc":{"start":{"line":29,"column":21},"end":{"line":32,"column":1}},"line":29}},"branchMap":{"0":{"loc":{"start":{"line":31,"column":4},"end":{"line":31,"column":34}},"type":"if","locations":[{"start":{"line":31,"column":4},"end":{"line":31,"column":34}},{"start":{},"end":{}}],"line":31}},"s":{"0":1,"1":1,"2":1,"3":1,"4":1,"5":1,"6":1,"7":1,"8":1,"9":1,"10":1,"11":5,"12":5,"13":5,"14":5,"15":10,"16":1,"17":1,"18":1,"19":1},"f":{"0":1,"1":5,"2":1},"b":{"0":[1,0]},"_coverageSchema":"1a1c01bbd47fc00a2c39e90264f33305004495a9","hash":"790b9bbc6d4ea3e286f3931cfbd5e5fe193b9807"}
,"/home/scott/repos/code-craft-hub/src/utils/email.js": {"path":"/home/scott/repos/code-craft-hub/src/utils/email.js","statementMap":{"0":{"start":{"line":1,"column":19},"end":{"line":1,"column":40}},"1":{"start":{"line":2,"column":15},"end":{"line":2,"column":34}},"2":{"start":{"line":5,"column":26},"end":{"line":21,"column":1}},"3":{"start":{"line":7,"column":4},"end":{"line":10,"column":5}},"4":{"start":{"line":8,"column":8},"end":{"line":8,"column":91}},"5":{"start":{"line":9,"column":8},"end":{"line":9,"column":20}},"6":{"start":{"line":12,"column":4},"end":{"line":20,"column":7}},"7":{"start":{"line":24,"column":30},"end":{"line":75,"column":1}},"8":{"start":{"line":25,"column":24},"end":{"line":25,"column":43}},"9":{"start":{"line":27,"column":28},"end":{"line":27,"column":97}},"10":{"start":{"line":29,"column":24},"end":{"line":51,"column":5}},"11":{"start":{"line":53,"column":4},"end":{"line":65,"column":5}},"12":{"start":{"line":55,"column":8},"end":{"line":59,"column":11}},"13":{"start":{"line":60,"column":8},"end":{"line":60,"column":57}},"14":{"start":{"line":61,"column":8},"end":{"line":61,"column":52}},"15":{"start":{"line":62,"column":8},"end":{"line":62,"column":60}},"16":{"start":{"line":63,"column":8},"end":{"line":63,"column":57}},"17":{"start":{"line":64,"column":8},"end":{"line":64,"column":49}},"18":{"start":{"line":67,"column":4},"end":{"line":74,"column":5}},"19":{"start":{"line":68,"column":8},"end":{"line":68,"column":48}},"20":{"start":{"line":69,"column":8},"end":{"line":69,"column":59}},"21":{"start":{"line":70,"column":8},"end":{"line":70,"column":47}},"22":{"start":{"line":72,"column":8},"end":{"line":72,"column":65}},"23":{"start":{"line":73,"column":8},"end":{"line":73,"column":61}},"24":{"start":{"line":78,"column":25},"end":{"line":115,"column":1}},"25":{"start":{"line":79,"column":24},"end":{"line":79,"column":43}},"26":{"start":{"line":81,"column":24},"end":{"line":96,"column":5}},"27":{"start":{"line":98,"column":4},"end":{"line":104,"column":5}},"28":{"start":{"line":99,"column":8},"end":{"line":102,"column":11}},"29":{"start":{"line":103,"column":8},"end":{"line":103,"column":49}},"30":{"start":{"line":106,"column":4},"end":{"line":114,"column":5}},"31":{"start":{"line":107,"column":8},"end":{"line":107,"column":48}},"32":{"start":{"line":108,"column":8},"end":{"line":108,"column":54}},"33":{"start":{"line":109,"column":8},"end":{"line":109,"column":47}},"34":{"start":{"line":111,"column":8},"end":{"line":111,"column":60}},"35":{"start":{"line":113,"column":8},"end":{"line":113,"column":50}},"36":{"start":{"line":118,"column":31},"end":{"line":169,"column":1}},"37":{"start":{"line":119,"column":24},"end":{"line":119,"column":43}},"38":{"start":{"line":121,"column":21},"end":{"line":121,"column":85}},"39":{"start":{"line":123,"column":24},"end":{"line":145,"column":5}},"40":{"start":{"line":147,"column":4},"end":{"line":159,"column":5}},"41":{"start":{"line":149,"column":8},"end":{"line":153,"column":11}},"42":{"start":{"line":154,"column":8},"end":{"line":154,"column":53}},"43":{"start":{"line":155,"column":8},"end":{"line":155,"column":52}},"44":{"start":{"line":156,"column":8},"end":{"line":156,"column":46}},"45":{"start":{"line":157,"column":8},"end":{"line":157,"column":53}},"46":{"start":{"line":158,"column":8},"end":{"line":158,"column":49}},"47":{"start":{"line":161,"column":4},"end":{"line":168,"column":5}},"48":{"start":{"line":162,"column":8},"end":{"line":162,"column":48}},"49":{"start":{"line":163,"column":8},"end":{"line":163,"column":61}},"50":{"start":{"line":164,"column":8},"end":{"line":164,"column":47}},"51":{"start":{"line":166,"column":8},"end":{"line":166,"column":67}},"52":{"start":{"line":167,"column":8},"end":{"line":167,"column":63}},"53":{"start":{"line":171,"column":0},"end":{"line":175,"column":2}}},"fnMap":{"0":{"name":"(anonymous_0)","decl":{"start":{"line":5,"column":26},"end":{"line":5,"column":27}},"loc":{"start":{"line":5,"column":32},"end":{"line":21,"column":1}},"line":5},"1":{"name":"(anonymous_1)","decl":{"start":{"line":24,"column":30},"end":{"line":24,"column":31}},"loc":{"start":{"line":24,"column":76},"end":{"line":75,"column":1}},"line":24},"2":{"name":"(anonymous_2)","decl":{"start":{"line":78,"column":25},"end":{"line":78,"column":26}},"loc":{"start":{"line":78,"column":52},"end":{"line":115,"column":1}},"line":78},"3":{"name":"(anonymous_3)","decl":{"start":{"line":118,"column":31},"end":{"line":118,"column":32}},"loc":{"start":{"line":118,"column":70},"end":{"line":169,"column":1}},"line":118}},"branchMap":{"0":{"loc":{"start":{"line":7,"column":4},"end":{"line":10,"column":5}},"type":"if","locations":[{"start":{"line":7,"column":4},"end":{"line":10,"column":5}},{"start":{},"end":{}}],"line":7},"1":{"loc":{"start":{"line":7,"column":8},"end":{"line":7,"column":89}},"type":"binary-expr","locations":[{"start":{"line":7,"column":8},"end":{"line":7,"column":31}},{"start":{"line":7,"column":35},"end":{"line":7,"column":58}},{"start":{"line":7,"column":62},"end":{"line":7,"column":89}}],"line":7},"2":{"loc":{"start":{"line":14,"column":23},"end":{"line":14,"column":54}},"type":"binary-expr","locations":[{"start":{"line":14,"column":23},"end":{"line":14,"column":45}},{"start":{"line":14,"column":49},"end":{"line":14,"column":54}}],"line":14},"3":{"loc":{"start":{"line":30,"column":14},"end":{"line":30,"column":68}},"type":"binary-expr","locations":[{"start":{"line":30,"column":14},"end":{"line":30,"column":36}},{"start":{"line":30,"column":40},"end":{"line":30,"column":68}}],"line":30},"4":{"loc":{"start":{"line":53,"column":4},"end":{"line":65,"column":5}},"type":"if","locations":[{"start":{"line":53,"column":4},"end":{"line":65,"column":5}},{"start":{},"end":{}}],"line":53},"5":{"loc":{"start":{"line":82,"column":14},"end":{"line":82,"column":68}},"type":"binary-expr","locations":[{"start":{"line":82,"column":14},"end":{"line":82,"column":36}},{"start":{"line":82,"column":40},"end":{"line":82,"column":68}}],"line":82},"6":{"loc":{"start":{"line":98,"column":4},"end":{"line":104,"column":5}},"type":"if","locations":[{"start":{"line":98,"column":4},"end":{"line":104,"column":5}},{"start":{},"end":{}}],"line":98},"7":{"loc":{"start":{"line":124,"column":14},"end":{"line":124,"column":68}},"type":"binary-expr","locations":[{"start":{"line":124,"column":14},"end":{"line":124,"column":36}},{"start":{"line":124,"column":40},"end":{"line":124,"column":68}}],"line":124},"8":{"loc":{"start":{"line":147,"column":4},"end":{"line":159,"column":5}},"type":"if","locations":[{"start":{"line":147,"column":4},"end":{"line":159,"column":5}},{"start":{},"end":{}}],"line":147}},"s":{"0":2,"1":2,"2":2,"3":5,"4":5,"5":5,"6":0,"7":2,"8":5,"9":5,"10":5,"11":5,"12":5,"13":5,"14":5,"15":5,"16":5,"17":5,"18":0,"19":0,"20":0,"21":0,"22":0,"23":0,"24":2,"25":0,"26":0,"27":0,"28":0,"29":0,"30":0,"31":0,"32":0,"33":0,"34":0,"35":0,"36":2,"37":0,"38":0,"39":0,"40":0,"41":0,"42":0,"43":0,"44":0,"45":0,"46":0,"47":0,"48":0,"49":0,"50":0,"51":0,"52":0,"53":2},"f":{"0":5,"1":5,"2":0,"3":0},"b":{"0":[5,0],"1":[5,0,0],"2":[0,0],"3":[5,5],"4":[5,0],"5":[0,0],"6":[0,0],"7":[0,0],"8":[0,0]},"_coverageSchema":"1a1c01bbd47fc00a2c39e90264f33305004495a9","hash":"26b5229dacda6d873b0953df4998520199c0433f"}
,"/home/scott/repos/code-craft-hub/src/utils/errorHandler.js": {"path":"/home/scott/repos/code-craft-hub/src/utils/errorHandler.js","statementMap":{"0":{"start":{"line":1,"column":15},"end":{"line":1,"column":34}},"1":{"start":{"line":6,"column":8},"end":{"line":6,"column":23}},"2":{"start":{"line":7,"column":8},"end":{"line":7,"column":37}},"3":{"start":{"line":8,"column":8},"end":{"line":8,"column":34}},"4":{"start":{"line":9,"column":8},"end":{"line":9,"column":56}},"5":{"start":{"line":15,"column":8},"end":{"line":15,"column":28}},"6":{"start":{"line":16,"column":8},"end":{"line":16,"column":38}},"7":{"start":{"line":22,"column":8},"end":{"line":22,"column":28}},"8":{"start":{"line":23,"column":8},"end":{"line":23,"column":42}},"9":{"start":{"line":29,"column":8},"end":{"line":29,"column":28}},"10":{"start":{"line":30,"column":8},"end":{"line":30,"column":36}},"11":{"start":{"line":36,"column":8},"end":{"line":36,"column":28}},"12":{"start":{"line":37,"column":8},"end":{"line":37,"column":36}},"13":{"start":{"line":42,"column":21},"end":{"line":102,"column":1}},"14":{"start":{"line":44,"column":4},"end":{"line":50,"column":7}},"15":{"start":{"line":53,"column":4},"end":{"line":60,"column":5}},"16":{"start":{"line":54,"column":22},"end":{"line":54,"column":50}},"17":{"start":{"line":55,"column":22},"end":{"line":55,"column":41}},"18":{"start":{"line":56,"column":8},"end":{"line":59,"column":11}},"19":{"start":{"line":63,"column":4},"end":{"line":70,"column":5}},"20":{"start":{"line":64,"column":23},"end":{"line":64,"column":68}},"21":{"start":{"line":64,"column":58},"end":{"line":64,"column":67}},"22":{"start":{"line":65,"column":8},"end":{"line":69,"column":11}},"23":{"start":{"line":73,"column":4},"end":{"line":78,"column":5}},"24":{"start":{"line":74,"column":8},"end":{"line":77,"column":11}},"25":{"start":{"line":80,"column":4},"end":{"line":85,"column":5}},"26":{"start":{"line":81,"column":8},"end":{"line":84,"column":11}},"27":{"start":{"line":88,"column":4},"end":{"line":93,"column":5}},"28":{"start":{"line":89,"column":8},"end":{"line":92,"column":11}},"29":{"start":{"line":96,"column":4},"end":{"line":101,"column":7}},"30":{"start":{"line":104,"column":0},"end":{"line":104,"column":30}},"31":{"start":{"line":105,"column":0},"end":{"line":105,"column":35}},"32":{"start":{"line":106,"column":0},"end":{"line":106,"column":49}},"33":{"start":{"line":107,"column":0},"end":{"line":107,"column":57}},"34":{"start":{"line":108,"column":0},"end":{"line":108,"column":45}},"35":{"start":{"line":109,"column":0},"end":{"line":109,"column":45}}},"fnMap":{"0":{"name":"(anonymous_0)","decl":{"start":{"line":5,"column":4},"end":{"line":5,"column":5}},"loc":{"start":{"line":5,"column":37},"end":{"line":10,"column":5}},"line":5},"1":{"name":"(anonymous_1)","decl":{"start":{"line":14,"column":4},"end":{"line":14,"column":5}},"loc":{"start":{"line":14,"column":25},"end":{"line":17,"column":5}},"line":14},"2":{"name":"(anonymous_2)","decl":{"start":{"line":21,"column":4},"end":{"line":21,"column":5}},"loc":{"start":{"line":21,"column":51},"end":{"line":24,"column":5}},"line":21},"3":{"name":"(anonymous_3)","decl":{"start":{"line":28,"column":4},"end":{"line":28,"column":5}},"loc":{"start":{"line":28,"column":48},"end":{"line":31,"column":5}},"line":28},"4":{"name":"(anonymous_4)","decl":{"start":{"line":35,"column":4},"end":{"line":35,"column":5}},"loc":{"start":{"line":35,"column":25},"end":{"line":38,"column":5}},"line":35},"5":{"name":"(anonymous_5)","decl":{"start":{"line":42,"column":21},"end":{"line":42,"column":22}},"loc":{"start":{"line":42,"column":46},"end":{"line":102,"column":1}},"line":42},"6":{"name":"(anonymous_6)","decl":{"start":{"line":64,"column":53},"end":{"line":64,"column":54}},"loc":{"start":{"line":64,"column":58},"end":{"line":64,"column":67}},"line":64}},"branchMap":{"0":{"loc":{"start":{"line":21,"column":16},"end":{"line":21,"column":49}},"type":"default-arg","locations":[{"start":{"line":21,"column":26},"end":{"line":21,"column":49}}],"line":21},"1":{"loc":{"start":{"line":28,"column":16},"end":{"line":28,"column":46}},"type":"default-arg","locations":[{"start":{"line":28,"column":26},"end":{"line":28,"column":46}}],"line":28},"2":{"loc":{"start":{"line":53,"column":4},"end":{"line":60,"column":5}},"type":"if","locations":[{"start":{"line":53,"column":4},"end":{"line":60,"column":5}},{"start":{},"end":{}}],"line":53},"3":{"loc":{"start":{"line":63,"column":4},"end":{"line":70,"column":5}},"type":"if","locations":[{"start":{"line":63,"column":4},"end":{"line":70,"column":5}},{"start":{},"end":{}}],"line":63},"4":{"loc":{"start":{"line":63,"column":8},"end":{"line":63,"column":52}},"type":"binary-expr","locations":[{"start":{"line":63,"column":8},"end":{"line":63,"column":38}},{"start":{"line":63,"column":42},"end":{"line":63,"column":52}}],"line":63},"5":{"loc":{"start":{"line":73,"column":4},"end":{"line":78,"column":5}},"type":"if","locations":[{"start":{"line":73,"column":4},"end":{"line":78,"column":5}},{"start":{},"end":{}}],"line":73},"6":{"loc":{"start":{"line":80,"column":4},"end":{"line":85,"column":5}},"type":"if","locations":[{"start":{"line":80,"column":4},"end":{"line":85,"column":5}},{"start":{},"end":{}}],"line":80},"7":{"loc":{"start":{"line":88,"column":4},"end":{"line":93,"column":5}},"type":"if","locations":[{"start":{"line":88,"column":4},"end":{"line":93,"column":5}},{"start":{},"end":{}}],"line":88},"8":{"loc":{"start":{"line":98,"column":15},"end":{"line":100,"column":25}},"type":"cond-expr","locations":[{"start":{"line":99,"column":14},"end":{"line":99,"column":36}},{"start":{"line":100,"column":14},"end":{"line":100,"column":25}}],"line":98}},"s":{"0":5,"1":32,"2":32,"3":32,"4":32,"5":21,"6":21,"7":8,"8":8,"9":3,"10":3,"11":0,"12":0,"13":5,"14":2,"15":2,"16":0,"17":0,"18":0,"19":2,"20":0,"21":0,"22":0,"23":2,"24":0,"25":2,"26":0,"27":2,"28":2,"29":0,"30":5,"31":5,"32":5,"33":5,"34":5,"35":5},"f":{"0":32,"1":21,"2":8,"3":3,"4":0,"5":2,"6":0},"b":{"0":[0],"1":[0],"2":[0,2],"3":[0,2],"4":[2,0],"5":[0,2],"6":[0,2],"7":[2,0],"8":[0,0]},"_coverageSchema":"1a1c01bbd47fc00a2c39e90264f33305004495a9","hash":"a6083893de0902f29fa589039b04bdca8da1c477"}
,"/home/scott/repos/code-craft-hub/src/utils/logger.js": {"path":"/home/scott/repos/code-craft-hub/src/utils/logger.js","statementMap":{"0":{"start":{"line":1,"column":16},"end":{"line":1,"column":34}},"1":{"start":{"line":3,"column":15},"end":{"line":25,"column":2}},"2":{"start":{"line":28,"column":0},"end":{"line":38,"column":1}},"3":{"start":{"line":29,"column":4},"end":{"line":37,"column":8}},"4":{"start":{"line":33,"column":16},"end":{"line":33,"column":61}},"5":{"start":{"line":40,"column":0},"end":{"line":40,"column":24}}},"fnMap":{"0":{"name":"(anonymous_0)","decl":{"start":{"line":32,"column":34},"end":{"line":32,"column":35}},"loc":{"start":{"line":32,"column":69},"end":{"line":34,"column":13}},"line":32}},"branchMap":{"0":{"loc":{"start":{"line":4,"column":11},"end":{"line":4,"column":67}},"type":"cond-expr","locations":[{"start":{"line":4,"column":51},"end":{"line":4,"column":57}},{"start":{"line":4,"column":60},"end":{"line":4,"column":67}}],"line":4},"1":{"loc":{"start":{"line":28,"column":0},"end":{"line":38,"column":1}},"type":"if","locations":[{"start":{"line":28,"column":0},"end":{"line":38,"column":1}},{"start":{},"end":{}}],"line":28}},"s":{"0":6,"1":6,"2":6,"3":6,"4":12,"5":6},"f":{"0":12},"b":{"0":[0,6],"1":[6,0]},"_coverageSchema":"1a1c01bbd47fc00a2c39e90264f33305004495a9","hash":"fa8593d166449be7c785569ec8ac9dd13dbd7e6c"}
,"/home/scott/repos/code-craft-hub/src/utils/validation.js": {"path":"/home/scott/repos/code-craft-hub/src/utils/validation.js","statementMap":{"0":{"start":{"line":1,"column":28},"end":{"line":1,"column":53}},"1":{"start":{"line":4,"column":21},"end":{"line":7,"column":1}},"2":{"start":{"line":5,"column":23},"end":{"line":5,"column":51}},"3":{"start":{"line":6,"column":4},"end":{"line":6,"column":34}},"4":{"start":{"line":10,"column":24},"end":{"line":13,"column":1}},"5":{"start":{"line":11,"column":26},"end":{"line":11,"column":96}},"6":{"start":{"line":12,"column":4},"end":{"line":12,"column":40}},"7":{"start":{"line":16,"column":24},"end":{"line":19,"column":1}},"8":{"start":{"line":17,"column":26},"end":{"line":17,"column":48}},"9":{"start":{"line":18,"column":4},"end":{"line":18,"column":40}},"10":{"start":{"line":22,"column":29},"end":{"line":44,"column":1}},"11":{"start":{"line":23,"column":19},"end":{"line":23,"column":21}},"12":{"start":{"line":25,"column":4},"end":{"line":27,"column":5}},"13":{"start":{"line":26,"column":8},"end":{"line":26,"column":80}},"14":{"start":{"line":29,"column":4},"end":{"line":31,"column":5}},"15":{"start":{"line":30,"column":8},"end":{"line":30,"column":112}},"16":{"start":{"line":33,"column":4},"end":{"line":35,"column":5}},"17":{"start":{"line":34,"column":8},"end":{"line":34,"column":44}},"18":{"start":{"line":37,"column":4},"end":{"line":39,"column":5}},"19":{"start":{"line":38,"column":8},"end":{"line":38,"column":170}},"20":{"start":{"line":41,"column":4},"end":{"line":43,"column":5}},"21":{"start":{"line":42,"column":8},"end":{"line":42,"column":53}},"22":{"start":{"line":47,"column":22},"end":{"line":55,"column":1}},"23":{"start":{"line":48,"column":4},"end":{"line":50,"column":5}},"24":{"start":{"line":49,"column":8},"end":{"line":49,"column":69}},"25":{"start":{"line":52,"column":4},"end":{"line":54,"column":5}},"26":{"start":{"line":53,"column":8},"end":{"line":53,"column":58}},"27":{"start":{"line":57,"column":0},"end":{"line":63,"column":2}}},"fnMap":{"0":{"name":"(anonymous_0)","decl":{"start":{"line":4,"column":21},"end":{"line":4,"column":22}},"loc":{"start":{"line":4,"column":32},"end":{"line":7,"column":1}},"line":4},"1":{"name":"(anonymous_1)","decl":{"start":{"line":10,"column":24},"end":{"line":10,"column":25}},"loc":{"start":{"line":10,"column":38},"end":{"line":13,"column":1}},"line":10},"2":{"name":"(anonymous_2)","decl":{"start":{"line":16,"column":24},"end":{"line":16,"column":25}},"loc":{"start":{"line":16,"column":38},"end":{"line":19,"column":1}},"line":16},"3":{"name":"(anonymous_3)","decl":{"start":{"line":22,"column":29},"end":{"line":22,"column":30}},"loc":{"start":{"line":22,"column":60},"end":{"line":44,"column":1}},"line":22},"4":{"name":"(anonymous_4)","decl":{"start":{"line":47,"column":22},"end":{"line":47,"column":23}},"loc":{"start":{"line":47,"column":43},"end":{"line":55,"column":1}},"line":47}},"branchMap":{"0":{"loc":{"start":{"line":25,"column":4},"end":{"line":27,"column":5}},"type":"if","locations":[{"start":{"line":25,"column":4},"end":{"line":27,"column":5}},{"start":{},"end":{}}],"line":25},"1":{"loc":{"start":{"line":25,"column":8},"end":{"line":25,"column":40}},"type":"binary-expr","locations":[{"start":{"line":25,"column":8},"end":{"line":25,"column":17}},{"start":{"line":25,"column":21},"end":{"line":25,"column":27}},{"start":{"line":25,"column":31},"end":{"line":25,"column":40}}],"line":25},"2":{"loc":{"start":{"line":29,"column":4},"end":{"line":31,"column":5}},"type":"if","locations":[{"start":{"line":29,"column":4},"end":{"line":31,"column":5}},{"start":{},"end":{}}],"line":29},"3":{"loc":{"start":{"line":33,"column":4},"end":{"line":35,"column":5}},"type":"if","locations":[{"start":{"line":33,"column":4},"end":{"line":35,"column":5}},{"start":{},"end":{}}],"line":33},"4":{"loc":{"start":{"line":37,"column":4},"end":{"line":39,"column":5}},"type":"if","locations":[{"start":{"line":37,"column":4},"end":{"line":39,"column":5}},{"start":{},"end":{}}],"line":37},"5":{"loc":{"start":{"line":41,"column":4},"end":{"line":43,"column":5}},"type":"if","locations":[{"start":{"line":41,"column":4},"end":{"line":43,"column":5}},{"start":{},"end":{}}],"line":41},"6":{"loc":{"start":{"line":48,"column":4},"end":{"line":50,"column":5}},"type":"if","locations":[{"start":{"line":48,"column":4},"end":{"line":50,"column":5}},{"start":{},"end":{}}],"line":48},"7":{"loc":{"start":{"line":48,"column":8},"end":{"line":48,"column":27}},"type":"binary-expr","locations":[{"start":{"line":48,"column":8},"end":{"line":48,"column":14}},{"start":{"line":48,"column":18},"end":{"line":48,"column":27}}],"line":48},"8":{"loc":{"start":{"line":52,"column":4},"end":{"line":54,"column":5}},"type":"if","locations":[{"start":{"line":52,"column":4},"end":{"line":54,"column":5}},{"start":{},"end":{}}],"line":52}},"s":{"0":3,"1":3,"2":34,"3":34,"4":3,"5":24,"6":24,"7":3,"8":22,"9":22,"10":3,"11":16,"12":16,"13":3,"14":13,"15":3,"16":13,"17":2,"18":13,"19":2,"20":13,"21":5,"22":3,"23":15,"24":2,"25":13,"26":1,"27":3},"f":{"0":34,"1":24,"2":22,"3":16,"4":15},"b":{"0":[3,13],"1":[16,15,14],"2":[3,10],"3":[2,11],"4":[2,11],"5":[5,8],"6":[2,13],"7":[15,14],"8":[1,12]},"_coverageSchema":"1a1c01bbd47fc00a2c39e90264f33305004495a9","hash":"da431c8b2f180189379663b879c7c163c2adc614"}
}
