{"/home/scott/repos/code-craft-hub/src/config/db.js": {"path":"/home/scott/repos/code-craft-hub/src/config/db.js","statementMap":{"0":{"start":{"line":8,"column":17},"end":{"line":8,"column":36}},"1":{"start":{"line":25,"column":18},"end":{"line":44,"column":1}},"2":{"start":{"line":26,"column":4},"end":{"line":43,"column":5}},"3":{"start":{"line":27,"column":20},"end":{"line":27,"column":68}},"4":{"start":{"line":28,"column":8},"end":{"line":30,"column":9}},"5":{"start":{"line":29,"column":12},"end":{"line":29,"column":72}},"6":{"start":{"line":32,"column":8},"end":{"line":32,"column":36}},"7":{"start":{"line":33,"column":8},"end":{"line":35,"column":9}},"8":{"start":{"line":34,"column":12},"end":{"line":34,"column":59}},"9":{"start":{"line":37,"column":8},"end":{"line":37,"column":59}},"10":{"start":{"line":38,"column":8},"end":{"line":41,"column":9}},"11":{"start":{"line":40,"column":12},"end":{"line":40,"column":24}},"12":{"start":{"line":42,"column":8},"end":{"line":42,"column":24}},"13":{"start":{"line":46,"column":0},"end":{"line":46,"column":27}}},"fnMap":{"0":{"name":"(anonymous_0)","decl":{"start":{"line":25,"column":18},"end":{"line":25,"column":19}},"loc":{"start":{"line":25,"column":30},"end":{"line":44,"column":1}},"line":25}},"branchMap":{"0":{"loc":{"start":{"line":27,"column":20},"end":{"line":27,"column":68}},"type":"binary-expr","locations":[{"start":{"line":27,"column":20},"end":{"line":27,"column":43}},{"start":{"line":27,"column":47},"end":{"line":27,"column":68}}],"line":27},"1":{"loc":{"start":{"line":28,"column":8},"end":{"line":30,"column":9}},"type":"if","locations":[{"start":{"line":28,"column":8},"end":{"line":30,"column":9}},{"start":{},"end":{}}],"line":28},"2":{"loc":{"start":{"line":33,"column":8},"end":{"line":35,"column":9}},"type":"if","locations":[{"start":{"line":33,"column":8},"end":{"line":35,"column":9}},{"start":{},"end":{}}],"line":33},"3":{"loc":{"start":{"line":38,"column":8},"end":{"line":41,"column":9}},"type":"if","locations":[{"start":{"line":38,"column":8},"end":{"line":41,"column":9}},{"start":{},"end":{}}],"line":38}},"s":{"0":1,"1":1,"2":1,"3":1,"4":1,"5":0,"6":1,"7":1,"8":0,"9":0,"10":0,"11":0,"12":0,"13":1},"f":{"0":1},"b":{"0":[1,1],"1":[0,1],"2":[0,1],"3":[0,0]},"_coverageSchema":"1a1c01bbd47fc00a2c39e90264f33305004495a9","hash":"49c77a470e43e410c517f143ce4ace1eaeea9bf8"}
,"/home/scott/repos/code-craft-hub/src/config/server.js": {"path":"/home/scott/repos/code-craft-hub/src/config/server.js","statementMap":{"0":{"start":{"line":13,"column":16},"end":{"line":13,"column":34}},"1":{"start":{"line":14,"column":13},"end":{"line":14,"column":28}},"2":{"start":{"line":15,"column":18},"end":{"line":15,"column":47}},"3":{"start":{"line":16,"column":15},"end":{"line":16,"column":32}},"4":{"start":{"line":17,"column":15},"end":{"line":17,"column":32}},"5":{"start":{"line":18,"column":22},"end":{"line":18,"column":55}},"6":{"start":{"line":19,"column":12},"end":{"line":19,"column":26}},"7":{"start":{"line":20,"column":15},"end":{"line":20,"column":41}},"8":{"start":{"line":32,"column":19},"end":{"line":42,"column":2}},"9":{"start":{"line":41,"column":16},"end":{"line":41,"column":47}},"10":{"start":{"line":55,"column":20},"end":{"line":66,"column":2}},"11":{"start":{"line":65,"column":16},"end":{"line":65,"column":47}},"12":{"start":{"line":87,"column":19},"end":{"line":228,"column":1}},"13":{"start":{"line":88,"column":16},"end":{"line":88,"column":25}},"14":{"start":{"line":99,"column":4},"end":{"line":111,"column":8}},"15":{"start":{"line":119,"column":4},"end":{"line":129,"column":5}},"16":{"start":{"line":121,"column":8},"end":{"line":125,"column":12}},"17":{"start":{"line":123,"column":36},"end":{"line":123,"column":63}},"18":{"start":{"line":128,"column":8},"end":{"line":128,"column":31}},"19":{"start":{"line":135,"column":4},"end":{"line":135,"column":33}},"20":{"start":{"line":144,"column":27},"end":{"line":146,"column":35}},"21":{"start":{"line":148,"column":24},"end":{"line":163,"column":5}},"22":{"start":{"line":151,"column":12},"end":{"line":151,"column":53}},"23":{"start":{"line":151,"column":25},"end":{"line":151,"column":53}},"24":{"start":{"line":153,"column":12},"end":{"line":157,"column":13}},"25":{"start":{"line":154,"column":16},"end":{"line":154,"column":37}},"26":{"start":{"line":156,"column":16},"end":{"line":156,"column":59}},"27":{"start":{"line":165,"column":4},"end":{"line":165,"column":31}},"28":{"start":{"line":173,"column":4},"end":{"line":178,"column":8}},"29":{"start":{"line":176,"column":12},"end":{"line":176,"column":98}},"30":{"start":{"line":186,"column":4},"end":{"line":215,"column":7}},"31":{"start":{"line":188,"column":8},"end":{"line":194,"column":9}},"32":{"start":{"line":189,"column":12},"end":{"line":193,"column":15}},"33":{"start":{"line":190,"column":16},"end":{"line":192,"column":17}},"34":{"start":{"line":191,"column":20},"end":{"line":191,"column":55}},"35":{"start":{"line":197,"column":8},"end":{"line":203,"column":9}},"36":{"start":{"line":198,"column":12},"end":{"line":202,"column":15}},"37":{"start":{"line":199,"column":16},"end":{"line":201,"column":17}},"38":{"start":{"line":200,"column":20},"end":{"line":200,"column":57}},"39":{"start":{"line":206,"column":8},"end":{"line":212,"column":9}},"40":{"start":{"line":207,"column":12},"end":{"line":211,"column":15}},"41":{"start":{"line":208,"column":16},"end":{"line":210,"column":17}},"42":{"start":{"line":209,"column":20},"end":{"line":209,"column":59}},"43":{"start":{"line":214,"column":8},"end":{"line":214,"column":15}},"44":{"start":{"line":224,"column":4},"end":{"line":224,"column":45}},"45":{"start":{"line":225,"column":4},"end":{"line":225,"column":67}},"46":{"start":{"line":227,"column":4},"end":{"line":227,"column":15}},"47":{"start":{"line":230,"column":0},"end":{"line":230,"column":28}},"48":{"start":{"line":231,"column":0},"end":{"line":231,"column":41}}},"fnMap":{"0":{"name":"(anonymous_0)","decl":{"start":{"line":41,"column":10},"end":{"line":41,"column":11}},"loc":{"start":{"line":41,"column":16},"end":{"line":41,"column":47}},"line":41},"1":{"name":"(anonymous_1)","decl":{"start":{"line":65,"column":10},"end":{"line":65,"column":11}},"loc":{"start":{"line":65,"column":16},"end":{"line":65,"column":47}},"line":65},"2":{"name":"(anonymous_2)","decl":{"start":{"line":87,"column":19},"end":{"line":87,"column":20}},"loc":{"start":{"line":87,"column":25},"end":{"line":228,"column":1}},"line":87},"3":{"name":"(anonymous_3)","decl":{"start":{"line":123,"column":23},"end":{"line":123,"column":24}},"loc":{"start":{"line":123,"column":36},"end":{"line":123,"column":63}},"line":123},"4":{"name":"(anonymous_4)","decl":{"start":{"line":149,"column":16},"end":{"line":149,"column":17}},"loc":{"start":{"line":149,"column":38},"end":{"line":158,"column":9}},"line":149},"5":{"name":"(anonymous_5)","decl":{"start":{"line":175,"column":20},"end":{"line":175,"column":21}},"loc":{"start":{"line":175,"column":38},"end":{"line":177,"column":9}},"line":175},"6":{"name":"(anonymous_6)","decl":{"start":{"line":186,"column":12},"end":{"line":186,"column":13}},"loc":{"start":{"line":186,"column":32},"end":{"line":215,"column":5}},"line":186},"7":{"name":"(anonymous_7)","decl":{"start":{"line":189,"column":42},"end":{"line":189,"column":43}},"loc":{"start":{"line":189,"column":49},"end":{"line":193,"column":13}},"line":189},"8":{"name":"(anonymous_8)","decl":{"start":{"line":198,"column":43},"end":{"line":198,"column":44}},"loc":{"start":{"line":198,"column":50},"end":{"line":202,"column":13}},"line":198},"9":{"name":"(anonymous_9)","decl":{"start":{"line":207,"column":44},"end":{"line":207,"column":45}},"loc":{"start":{"line":207,"column":51},"end":{"line":211,"column":13}},"line":207}},"branchMap":{"0":{"loc":{"start":{"line":119,"column":4},"end":{"line":129,"column":5}},"type":"if","locations":[{"start":{"line":119,"column":4},"end":{"line":129,"column":5}},{"start":{"line":126,"column":11},"end":{"line":129,"column":5}}],"line":119},"1":{"loc":{"start":{"line":144,"column":27},"end":{"line":146,"column":35}},"type":"cond-expr","locations":[{"start":{"line":145,"column":10},"end":{"line":145,"column":48}},{"start":{"line":146,"column":10},"end":{"line":146,"column":35}}],"line":144},"2":{"loc":{"start":{"line":151,"column":12},"end":{"line":151,"column":53}},"type":"if","locations":[{"start":{"line":151,"column":12},"end":{"line":151,"column":53}},{"start":{},"end":{}}],"line":151},"3":{"loc":{"start":{"line":153,"column":12},"end":{"line":157,"column":13}},"type":"if","locations":[{"start":{"line":153,"column":12},"end":{"line":157,"column":13}},{"start":{"line":155,"column":19},"end":{"line":157,"column":13}}],"line":153},"4":{"loc":{"start":{"line":188,"column":8},"end":{"line":194,"column":9}},"type":"if","locations":[{"start":{"line":188,"column":8},"end":{"line":194,"column":9}},{"start":{},"end":{}}],"line":188},"5":{"loc":{"start":{"line":190,"column":16},"end":{"line":192,"column":17}},"type":"if","locations":[{"start":{"line":190,"column":16},"end":{"line":192,"column":17}},{"start":{},"end":{}}],"line":190},"6":{"loc":{"start":{"line":197,"column":8},"end":{"line":203,"column":9}},"type":"if","locations":[{"start":{"line":197,"column":8},"end":{"line":203,"column":9}},{"start":{},"end":{}}],"line":197},"7":{"loc":{"start":{"line":199,"column":16},"end":{"line":201,"column":17}},"type":"if","locations":[{"start":{"line":199,"column":16},"end":{"line":201,"column":17}},{"start":{},"end":{}}],"line":199},"8":{"loc":{"start":{"line":206,"column":8},"end":{"line":212,"column":9}},"type":"if","locations":[{"start":{"line":206,"column":8},"end":{"line":212,"column":9}},{"start":{},"end":{}}],"line":206},"9":{"loc":{"start":{"line":208,"column":16},"end":{"line":210,"column":17}},"type":"if","locations":[{"start":{"line":208,"column":16},"end":{"line":210,"column":17}},{"start":{},"end":{}}],"line":208}},"s":{"0":1,"1":1,"2":1,"3":1,"4":1,"5":1,"6":1,"7":1,"8":1,"9":16,"10":1,"11":12,"12":1,"13":5,"14":5,"15":5,"16":0,"17":0,"18":5,"19":5,"20":5,"21":5,"22":16,"23":16,"24":0,"25":0,"26":0,"27":5,"28":5,"29":0,"30":5,"31":16,"32":0,"33":0,"34":0,"35":16,"36":16,"37":0,"38":0,"39":16,"40":16,"41":0,"42":0,"43":16,"44":5,"45":5,"46":5,"47":1,"48":1},"f":{"0":16,"1":12,"2":5,"3":0,"4":16,"5":0,"6":16,"7":0,"8":0,"9":0},"b":{"0":[0,5],"1":[0,5],"2":[16,0],"3":[0,0],"4":[0,16],"5":[0,0],"6":[16,0],"7":[0,0],"8":[16,0],"9":[0,0]},"_coverageSchema":"1a1c01bbd47fc00a2c39e90264f33305004495a9","hash":"2ee69ab3ecf8fbf3a9a340b27ca64dfac17156b2"}
,"/home/scott/repos/code-craft-hub/src/controllers/userController.js": {"path":"/home/scott/repos/code-craft-hub/src/controllers/userController.js","statementMap":{"0":{"start":{"line":14,"column":13},"end":{"line":14,"column":43}},"1":{"start":{"line":15,"column":21},"end":{"line":15,"column":59}},"2":{"start":{"line":16,"column":12},"end":{"line":16,"column":35}},"3":{"start":{"line":17,"column":15},"end":{"line":17,"column":32}},"4":{"start":{"line":18,"column":48},"end":{"line":18,"column":78}},"5":{"start":{"line":19,"column":64},"end":{"line":19,"column":96}},"6":{"start":{"line":20,"column":76},"end":{"line":20,"column":101}},"7":{"start":{"line":35,"column":28},"end":{"line":41,"column":1}},"8":{"start":{"line":36,"column":4},"end":{"line":40,"column":6}},"9":{"start":{"line":55,"column":29},"end":{"line":69,"column":1}},"10":{"start":{"line":57,"column":18},"end":{"line":57,"column":56}},"11":{"start":{"line":58,"column":22},"end":{"line":58,"column":68}},"12":{"start":{"line":60,"column":25},"end":{"line":65,"column":6}},"13":{"start":{"line":67,"column":4},"end":{"line":67,"column":30}},"14":{"start":{"line":68,"column":4},"end":{"line":68,"column":17}},"15":{"start":{"line":79,"column":21},"end":{"line":81,"column":1}},"16":{"start":{"line":80,"column":4},"end":{"line":80,"column":63}},"17":{"start":{"line":115,"column":0},"end":{"line":152,"column":2}},"18":{"start":{"line":116,"column":4},"end":{"line":151,"column":5}},"19":{"start":{"line":117,"column":46},"end":{"line":117,"column":54}},"20":{"start":{"line":120,"column":8},"end":{"line":120,"column":56}},"21":{"start":{"line":123,"column":24},"end":{"line":123,"column":63}},"22":{"start":{"line":126,"column":34},"end":{"line":126,"column":69}},"23":{"start":{"line":127,"column":8},"end":{"line":127,"column":29}},"24":{"start":{"line":130,"column":8},"end":{"line":135,"column":9}},"25":{"start":{"line":131,"column":12},"end":{"line":131,"column":76}},"26":{"start":{"line":134,"column":12},"end":{"line":134,"column":84}},"27":{"start":{"line":137,"column":8},"end":{"line":148,"column":11}},"28":{"start":{"line":150,"column":8},"end":{"line":150,"column":20}},"29":{"start":{"line":189,"column":0},"end":{"line":238,"column":2}},"30":{"start":{"line":190,"column":4},"end":{"line":237,"column":5}},"31":{"start":{"line":191,"column":36},"end":{"line":191,"column":44}},"32":{"start":{"line":194,"column":8},"end":{"line":194,"column":39}},"33":{"start":{"line":197,"column":21},"end":{"line":197,"column":50}},"34":{"start":{"line":198,"column":8},"end":{"line":200,"column":9}},"35":{"start":{"line":199,"column":12},"end":{"line":199,"column":65}},"36":{"start":{"line":203,"column":8},"end":{"line":205,"column":9}},"37":{"start":{"line":204,"column":12},"end":{"line":204,"column":88}},"38":{"start":{"line":208,"column":32},"end":{"line":208,"column":68}},"39":{"start":{"line":209,"column":8},"end":{"line":211,"column":9}},"40":{"start":{"line":210,"column":12},"end":{"line":210,"column":65}},"41":{"start":{"line":214,"column":28},"end":{"line":214,"column":53}},"42":{"start":{"line":215,"column":26},"end":{"line":215,"column":43}},"43":{"start":{"line":216,"column":29},"end":{"line":216,"column":76}},"44":{"start":{"line":218,"column":8},"end":{"line":234,"column":11}},"45":{"start":{"line":236,"column":8},"end":{"line":236,"column":20}},"46":{"start":{"line":241,"column":0},"end":{"line":255,"column":2}},"47":{"start":{"line":242,"column":4},"end":{"line":254,"column":5}},"48":{"start":{"line":243,"column":21},"end":{"line":243,"column":73}},"49":{"start":{"line":244,"column":8},"end":{"line":246,"column":9}},"50":{"start":{"line":245,"column":12},"end":{"line":245,"column":54}},"51":{"start":{"line":248,"column":8},"end":{"line":251,"column":11}},"52":{"start":{"line":253,"column":8},"end":{"line":253,"column":20}},"53":{"start":{"line":258,"column":0},"end":{"line":272,"column":2}},"54":{"start":{"line":259,"column":4},"end":{"line":271,"column":5}},"55":{"start":{"line":260,"column":21},"end":{"line":260,"column":100}},"56":{"start":{"line":261,"column":8},"end":{"line":263,"column":9}},"57":{"start":{"line":262,"column":12},"end":{"line":262,"column":54}},"58":{"start":{"line":265,"column":8},"end":{"line":268,"column":11}},"59":{"start":{"line":270,"column":8},"end":{"line":270,"column":20}},"60":{"start":{"line":275,"column":0},"end":{"line":304,"column":2}},"61":{"start":{"line":276,"column":4},"end":{"line":303,"column":5}},"62":{"start":{"line":277,"column":21},"end":{"line":277,"column":50}},"63":{"start":{"line":278,"column":22},"end":{"line":278,"column":68}},"64":{"start":{"line":279,"column":21},"end":{"line":279,"column":39}},"65":{"start":{"line":281,"column":22},"end":{"line":285,"column":36}},"66":{"start":{"line":287,"column":22},"end":{"line":287,"column":68}},"67":{"start":{"line":289,"column":8},"end":{"line":300,"column":11}},"68":{"start":{"line":302,"column":8},"end":{"line":302,"column":20}},"69":{"start":{"line":307,"column":0},"end":{"line":345,"column":2}},"70":{"start":{"line":308,"column":4},"end":{"line":344,"column":5}},"71":{"start":{"line":309,"column":36},"end":{"line":309,"column":44}},"72":{"start":{"line":310,"column":23},"end":{"line":310,"column":36}},"73":{"start":{"line":313,"column":8},"end":{"line":315,"column":9}},"74":{"start":{"line":314,"column":12},"end":{"line":314,"column":82}},"75":{"start":{"line":317,"column":27},"end":{"line":317,"column":29}},"76":{"start":{"line":318,"column":8},"end":{"line":318,"column":53}},"77":{"start":{"line":318,"column":22},"end":{"line":318,"column":53}},"78":{"start":{"line":319,"column":8},"end":{"line":319,"column":44}},"79":{"start":{"line":319,"column":19},"end":{"line":319,"column":44}},"80":{"start":{"line":322,"column":29},"end":{"line":322,"column":81}},"81":{"start":{"line":323,"column":8},"end":{"line":325,"column":9}},"82":{"start":{"line":324,"column":12},"end":{"line":324,"column":54}},"83":{"start":{"line":327,"column":21},"end":{"line":331,"column":29}},"84":{"start":{"line":333,"column":8},"end":{"line":335,"column":9}},"85":{"start":{"line":334,"column":12},"end":{"line":334,"column":54}},"86":{"start":{"line":337,"column":8},"end":{"line":341,"column":11}},"87":{"start":{"line":343,"column":8},"end":{"line":343,"column":20}},"88":{"start":{"line":348,"column":0},"end":{"line":384,"column":2}},"89":{"start":{"line":349,"column":4},"end":{"line":383,"column":5}},"90":{"start":{"line":350,"column":49},"end":{"line":350,"column":57}},"91":{"start":{"line":352,"column":8},"end":{"line":354,"column":9}},"92":{"start":{"line":353,"column":12},"end":{"line":353,"column":88}},"93":{"start":{"line":356,"column":21},"end":{"line":356,"column":53}},"94":{"start":{"line":357,"column":8},"end":{"line":359,"column":9}},"95":{"start":{"line":358,"column":12},"end":{"line":358,"column":54}},"96":{"start":{"line":362,"column":24},"end":{"line":362,"column":67}},"97":{"start":{"line":363,"column":8},"end":{"line":365,"column":9}},"98":{"start":{"line":364,"column":12},"end":{"line":364,"column":75}},"99":{"start":{"line":368,"column":36},"end":{"line":368,"column":66}},"100":{"start":{"line":369,"column":8},"end":{"line":371,"column":9}},"101":{"start":{"line":370,"column":12},"end":{"line":370,"column":188}},"102":{"start":{"line":374,"column":8},"end":{"line":374,"column":36}},"103":{"start":{"line":375,"column":8},"end":{"line":375,"column":26}},"104":{"start":{"line":377,"column":8},"end":{"line":380,"column":11}},"105":{"start":{"line":382,"column":8},"end":{"line":382,"column":20}},"106":{"start":{"line":387,"column":0},"end":{"line":421,"column":2}},"107":{"start":{"line":388,"column":4},"end":{"line":420,"column":5}},"108":{"start":{"line":389,"column":23},"end":{"line":389,"column":36}},"109":{"start":{"line":392,"column":8},"end":{"line":394,"column":9}},"110":{"start":{"line":393,"column":12},"end":{"line":393,"column":82}},"111":{"start":{"line":396,"column":21},"end":{"line":396,"column":48}},"112":{"start":{"line":397,"column":8},"end":{"line":399,"column":9}},"113":{"start":{"line":398,"column":12},"end":{"line":398,"column":54}},"114":{"start":{"line":401,"column":8},"end":{"line":403,"column":9}},"115":{"start":{"line":402,"column":12},"end":{"line":402,"column":68}},"116":{"start":{"line":406,"column":8},"end":{"line":406,"column":32}},"117":{"start":{"line":409,"column":8},"end":{"line":412,"column":10}},"118":{"start":{"line":414,"column":8},"end":{"line":417,"column":11}},"119":{"start":{"line":419,"column":8},"end":{"line":419,"column":20}},"120":{"start":{"line":424,"column":0},"end":{"line":470,"column":2}},"121":{"start":{"line":425,"column":4},"end":{"line":469,"column":5}},"122":{"start":{"line":426,"column":26},"end":{"line":426,"column":36}},"123":{"start":{"line":428,"column":8},"end":{"line":430,"column":9}},"124":{"start":{"line":429,"column":12},"end":{"line":429,"column":72}},"125":{"start":{"line":433,"column":28},"end":{"line":433,"column":83}},"126":{"start":{"line":436,"column":21},"end":{"line":439,"column":10}},"127":{"start":{"line":441,"column":8},"end":{"line":443,"column":9}},"128":{"start":{"line":442,"column":12},"end":{"line":442,"column":79}},"129":{"start":{"line":446,"column":8},"end":{"line":446,"column":31}},"130":{"start":{"line":447,"column":8},"end":{"line":447,"column":43}},"131":{"start":{"line":448,"column":8},"end":{"line":448,"column":50}},"132":{"start":{"line":449,"column":8},"end":{"line":449,"column":26}},"133":{"start":{"line":452,"column":8},"end":{"line":456,"column":9}},"134":{"start":{"line":453,"column":12},"end":{"line":453,"column":62}},"135":{"start":{"line":455,"column":12},"end":{"line":455,"column":79}},"136":{"start":{"line":458,"column":8},"end":{"line":466,"column":11}},"137":{"start":{"line":468,"column":8},"end":{"line":468,"column":20}},"138":{"start":{"line":473,"column":0},"end":{"line":505,"column":2}},"139":{"start":{"line":474,"column":4},"end":{"line":504,"column":5}},"140":{"start":{"line":475,"column":26},"end":{"line":475,"column":34}},"141":{"start":{"line":477,"column":8},"end":{"line":479,"column":9}},"142":{"start":{"line":478,"column":12},"end":{"line":478,"column":59}},"143":{"start":{"line":481,"column":21},"end":{"line":481,"column":50}},"144":{"start":{"line":483,"column":8},"end":{"line":485,"column":9}},"145":{"start":{"line":484,"column":12},"end":{"line":484,"column":54}},"146":{"start":{"line":487,"column":8},"end":{"line":489,"column":9}},"147":{"start":{"line":488,"column":12},"end":{"line":488,"column":67}},"148":{"start":{"line":492,"column":34},"end":{"line":492,"column":66}},"149":{"start":{"line":493,"column":8},"end":{"line":493,"column":26}},"150":{"start":{"line":496,"column":8},"end":{"line":496,"column":77}},"151":{"start":{"line":498,"column":8},"end":{"line":501,"column":11}},"152":{"start":{"line":503,"column":8},"end":{"line":503,"column":20}},"153":{"start":{"line":508,"column":0},"end":{"line":561,"column":2}},"154":{"start":{"line":509,"column":4},"end":{"line":560,"column":5}},"155":{"start":{"line":510,"column":33},"end":{"line":510,"column":41}},"156":{"start":{"line":512,"column":8},"end":{"line":514,"column":9}},"157":{"start":{"line":513,"column":12},"end":{"line":513,"column":67}},"158":{"start":{"line":517,"column":25},"end":{"line":517,"column":95}},"159":{"start":{"line":519,"column":8},"end":{"line":521,"column":9}},"160":{"start":{"line":520,"column":12},"end":{"line":520,"column":67}},"161":{"start":{"line":524,"column":8},"end":{"line":526,"column":9}},"162":{"start":{"line":525,"column":12},"end":{"line":525,"column":76}},"163":{"start":{"line":529,"column":8},"end":{"line":531,"column":9}},"164":{"start":{"line":530,"column":12},"end":{"line":530,"column":71}},"165":{"start":{"line":533,"column":21},"end":{"line":533,"column":36}},"166":{"start":{"line":535,"column":8},"end":{"line":537,"column":9}},"167":{"start":{"line":536,"column":12},"end":{"line":536,"column":54}},"168":{"start":{"line":540,"column":31},"end":{"line":540,"column":56}},"169":{"start":{"line":543,"column":26},"end":{"line":543,"column":43}},"170":{"start":{"line":544,"column":32},"end":{"line":544,"column":79}},"171":{"start":{"line":547,"column":8},"end":{"line":547,"column":52}},"172":{"start":{"line":548,"column":8},"end":{"line":548,"column":30}},"173":{"start":{"line":550,"column":8},"end":{"line":557,"column":11}},"174":{"start":{"line":559,"column":8},"end":{"line":559,"column":20}},"175":{"start":{"line":564,"column":0},"end":{"line":597,"column":2}},"176":{"start":{"line":565,"column":4},"end":{"line":596,"column":5}},"177":{"start":{"line":566,"column":33},"end":{"line":566,"column":41}},"178":{"start":{"line":568,"column":8},"end":{"line":570,"column":9}},"179":{"start":{"line":569,"column":12},"end":{"line":569,"column":67}},"180":{"start":{"line":573,"column":25},"end":{"line":573,"column":76}},"181":{"start":{"line":575,"column":8},"end":{"line":577,"column":9}},"182":{"start":{"line":576,"column":12},"end":{"line":576,"column":63}},"183":{"start":{"line":579,"column":8},"end":{"line":584,"column":9}},"184":{"start":{"line":580,"column":12},"end":{"line":583,"column":15}},"185":{"start":{"line":587,"column":8},"end":{"line":587,"column":43}},"186":{"start":{"line":588,"column":8},"end":{"line":588,"column":30}},"187":{"start":{"line":590,"column":8},"end":{"line":593,"column":11}},"188":{"start":{"line":595,"column":8},"end":{"line":595,"column":20}},"189":{"start":{"line":600,"column":0},"end":{"line":628,"column":2}},"190":{"start":{"line":601,"column":4},"end":{"line":627,"column":5}},"191":{"start":{"line":602,"column":23},"end":{"line":602,"column":34}},"192":{"start":{"line":603,"column":26},"end":{"line":603,"column":43}},"193":{"start":{"line":606,"column":23},"end":{"line":610,"column":10}},"194":{"start":{"line":613,"column":8},"end":{"line":616,"column":12}},"195":{"start":{"line":614,"column":12},"end":{"line":614,"column":36}},"196":{"start":{"line":615,"column":12},"end":{"line":615,"column":31}},"197":{"start":{"line":618,"column":8},"end":{"line":624,"column":11}},"198":{"start":{"line":626,"column":8},"end":{"line":626,"column":20}},"199":{"start":{"line":631,"column":0},"end":{"line":670,"column":2}},"200":{"start":{"line":632,"column":4},"end":{"line":669,"column":5}},"201":{"start":{"line":633,"column":23},"end":{"line":633,"column":36}},"202":{"start":{"line":634,"column":25},"end":{"line":634,"column":33}},"203":{"start":{"line":637,"column":27},"end":{"line":637,"column":57}},"204":{"start":{"line":638,"column":8},"end":{"line":640,"column":9}},"205":{"start":{"line":639,"column":12},"end":{"line":639,"column":87}},"206":{"start":{"line":643,"column":21},"end":{"line":643,"column":48}},"207":{"start":{"line":644,"column":8},"end":{"line":646,"column":9}},"208":{"start":{"line":645,"column":12},"end":{"line":645,"column":54}},"209":{"start":{"line":649,"column":8},"end":{"line":651,"column":9}},"210":{"start":{"line":650,"column":12},"end":{"line":650,"column":77}},"211":{"start":{"line":653,"column":24},"end":{"line":653,"column":33}},"212":{"start":{"line":654,"column":8},"end":{"line":654,"column":25}},"213":{"start":{"line":655,"column":8},"end":{"line":655,"column":26}},"214":{"start":{"line":657,"column":8},"end":{"line":666,"column":11}},"215":{"start":{"line":668,"column":8},"end":{"line":668,"column":20}},"216":{"start":{"line":673,"column":0},"end":{"line":714,"column":2}},"217":{"start":{"line":674,"column":4},"end":{"line":713,"column":5}},"218":{"start":{"line":675,"column":21},"end":{"line":675,"column":50}},"219":{"start":{"line":676,"column":22},"end":{"line":676,"column":68}},"220":{"start":{"line":677,"column":21},"end":{"line":677,"column":39}},"221":{"start":{"line":680,"column":23},"end":{"line":680,"column":25}},"222":{"start":{"line":681,"column":8},"end":{"line":683,"column":9}},"223":{"start":{"line":682,"column":12},"end":{"line":682,"column":41}},"224":{"start":{"line":686,"column":31},"end":{"line":686,"column":66}},"225":{"start":{"line":687,"column":8},"end":{"line":689,"column":9}},"226":{"start":{"line":688,"column":12},"end":{"line":688,"column":36}},"227":{"start":{"line":691,"column":22},"end":{"line":695,"column":36}},"228":{"start":{"line":697,"column":22},"end":{"line":697,"column":55}},"229":{"start":{"line":699,"column":8},"end":{"line":710,"column":11}},"230":{"start":{"line":712,"column":8},"end":{"line":712,"column":20}},"231":{"start":{"line":717,"column":0},"end":{"line":745,"column":2}},"232":{"start":{"line":718,"column":4},"end":{"line":744,"column":5}},"233":{"start":{"line":719,"column":23},"end":{"line":719,"column":36}},"234":{"start":{"line":721,"column":21},"end":{"line":721,"column":48}},"235":{"start":{"line":722,"column":8},"end":{"line":724,"column":9}},"236":{"start":{"line":723,"column":12},"end":{"line":723,"column":54}},"237":{"start":{"line":726,"column":8},"end":{"line":728,"column":9}},"238":{"start":{"line":727,"column":12},"end":{"line":727,"column":61}},"239":{"start":{"line":730,"column":8},"end":{"line":730,"column":29}},"240":{"start":{"line":732,"column":8},"end":{"line":741,"column":11}},"241":{"start":{"line":743,"column":8},"end":{"line":743,"column":20}},"242":{"start":{"line":748,"column":0},"end":{"line":780,"column":2}},"243":{"start":{"line":749,"column":4},"end":{"line":779,"column":5}},"244":{"start":{"line":750,"column":23},"end":{"line":750,"column":36}},"245":{"start":{"line":752,"column":21},"end":{"line":752,"column":48}},"246":{"start":{"line":753,"column":8},"end":{"line":755,"column":9}},"247":{"start":{"line":754,"column":12},"end":{"line":754,"column":54}},"248":{"start":{"line":758,"column":8},"end":{"line":760,"column":9}},"249":{"start":{"line":759,"column":12},"end":{"line":759,"column":123}},"250":{"start":{"line":763,"column":8},"end":{"line":765,"column":9}},"251":{"start":{"line":764,"column":12},"end":{"line":764,"column":84}},"252":{"start":{"line":768,"column":8},"end":{"line":768,"column":60}},"253":{"start":{"line":771,"column":8},"end":{"line":771,"column":45}},"254":{"start":{"line":773,"column":8},"end":{"line":776,"column":11}},"255":{"start":{"line":778,"column":8},"end":{"line":778,"column":20}},"256":{"start":{"line":800,"column":0},"end":{"line":841,"column":2}},"257":{"start":{"line":801,"column":4},"end":{"line":840,"column":5}},"258":{"start":{"line":802,"column":26},"end":{"line":802,"column":34}},"259":{"start":{"line":804,"column":8},"end":{"line":806,"column":9}},"260":{"start":{"line":805,"column":12},"end":{"line":805,"column":59}},"261":{"start":{"line":809,"column":21},"end":{"line":809,"column":50}},"262":{"start":{"line":812,"column":8},"end":{"line":817,"column":9}},"263":{"start":{"line":813,"column":12},"end":{"line":816,"column":15}},"264":{"start":{"line":820,"column":27},"end":{"line":820,"column":60}},"265":{"start":{"line":821,"column":8},"end":{"line":821,"column":26}},"266":{"start":{"line":824,"column":8},"end":{"line":832,"column":9}},"267":{"start":{"line":825,"column":12},"end":{"line":825,"column":75}},"268":{"start":{"line":828,"column":12},"end":{"line":828,"column":48}},"269":{"start":{"line":829,"column":12},"end":{"line":829,"column":50}},"270":{"start":{"line":830,"column":12},"end":{"line":830,"column":30}},"271":{"start":{"line":831,"column":12},"end":{"line":831,"column":29}},"272":{"start":{"line":834,"column":8},"end":{"line":837,"column":11}},"273":{"start":{"line":839,"column":8},"end":{"line":839,"column":20}},"274":{"start":{"line":866,"column":0},"end":{"line":917,"column":2}},"275":{"start":{"line":867,"column":4},"end":{"line":916,"column":5}},"276":{"start":{"line":868,"column":26},"end":{"line":868,"column":36}},"277":{"start":{"line":869,"column":32},"end":{"line":869,"column":40}},"278":{"start":{"line":871,"column":8},"end":{"line":873,"column":9}},"279":{"start":{"line":872,"column":12},"end":{"line":872,"column":65}},"280":{"start":{"line":875,"column":8},"end":{"line":877,"column":9}},"281":{"start":{"line":876,"column":12},"end":{"line":876,"column":66}},"282":{"start":{"line":880,"column":36},"end":{"line":880,"column":66}},"283":{"start":{"line":881,"column":8},"end":{"line":883,"column":9}},"284":{"start":{"line":882,"column":12},"end":{"line":882,"column":188}},"285":{"start":{"line":886,"column":28},"end":{"line":886,"column":83}},"286":{"start":{"line":889,"column":21},"end":{"line":892,"column":10}},"287":{"start":{"line":894,"column":8},"end":{"line":896,"column":9}},"288":{"start":{"line":895,"column":12},"end":{"line":895,"column":81}},"289":{"start":{"line":899,"column":8},"end":{"line":899,"column":36}},"290":{"start":{"line":900,"column":8},"end":{"line":900,"column":44}},"291":{"start":{"line":901,"column":8},"end":{"line":901,"column":46}},"292":{"start":{"line":902,"column":8},"end":{"line":902,"column":26}},"293":{"start":{"line":905,"column":8},"end":{"line":908,"column":10}},"294":{"start":{"line":910,"column":8},"end":{"line":913,"column":11}},"295":{"start":{"line":915,"column":8},"end":{"line":915,"column":20}}},"fnMap":{"0":{"name":"(anonymous_0)","decl":{"start":{"line":35,"column":28},"end":{"line":35,"column":29}},"loc":{"start":{"line":35,"column":38},"end":{"line":41,"column":1}},"line":35},"1":{"name":"(anonymous_1)","decl":{"start":{"line":55,"column":29},"end":{"line":55,"column":30}},"loc":{"start":{"line":55,"column":58},"end":{"line":69,"column":1}},"line":55},"2":{"name":"(anonymous_2)","decl":{"start":{"line":79,"column":21},"end":{"line":79,"column":22}},"loc":{"start":{"line":79,"column":30},"end":{"line":81,"column":1}},"line":79},"3":{"name":"(anonymous_3)","decl":{"start":{"line":115,"column":23},"end":{"line":115,"column":24}},"loc":{"start":{"line":115,"column":49},"end":{"line":152,"column":1}},"line":115},"4":{"name":"(anonymous_4)","decl":{"start":{"line":189,"column":20},"end":{"line":189,"column":21}},"loc":{"start":{"line":189,"column":46},"end":{"line":238,"column":1}},"line":189},"5":{"name":"(anonymous_5)","decl":{"start":{"line":241,"column":21},"end":{"line":241,"column":22}},"loc":{"start":{"line":241,"column":47},"end":{"line":255,"column":1}},"line":241},"6":{"name":"(anonymous_6)","decl":{"start":{"line":258,"column":22},"end":{"line":258,"column":23}},"loc":{"start":{"line":258,"column":48},"end":{"line":272,"column":1}},"line":258},"7":{"name":"(anonymous_7)","decl":{"start":{"line":275,"column":22},"end":{"line":275,"column":23}},"loc":{"start":{"line":275,"column":48},"end":{"line":304,"column":1}},"line":275},"8":{"name":"(anonymous_8)","decl":{"start":{"line":307,"column":24},"end":{"line":307,"column":25}},"loc":{"start":{"line":307,"column":50},"end":{"line":345,"column":1}},"line":307},"9":{"name":"(anonymous_9)","decl":{"start":{"line":348,"column":25},"end":{"line":348,"column":26}},"loc":{"start":{"line":348,"column":51},"end":{"line":384,"column":1}},"line":348},"10":{"name":"(anonymous_10)","decl":{"start":{"line":387,"column":21},"end":{"line":387,"column":22}},"loc":{"start":{"line":387,"column":47},"end":{"line":421,"column":1}},"line":387},"11":{"name":"(anonymous_11)","decl":{"start":{"line":424,"column":22},"end":{"line":424,"column":23}},"loc":{"start":{"line":424,"column":48},"end":{"line":470,"column":1}},"line":424},"12":{"name":"(anonymous_12)","decl":{"start":{"line":473,"column":29},"end":{"line":473,"column":30}},"loc":{"start":{"line":473,"column":55},"end":{"line":505,"column":1}},"line":473},"13":{"name":"(anonymous_13)","decl":{"start":{"line":508,"column":23},"end":{"line":508,"column":24}},"loc":{"start":{"line":508,"column":49},"end":{"line":561,"column":1}},"line":508},"14":{"name":"(anonymous_14)","decl":{"start":{"line":564,"column":17},"end":{"line":564,"column":18}},"loc":{"start":{"line":564,"column":43},"end":{"line":597,"column":1}},"line":564},"15":{"name":"(anonymous_15)","decl":{"start":{"line":600,"column":26},"end":{"line":600,"column":27}},"loc":{"start":{"line":600,"column":52},"end":{"line":628,"column":1}},"line":600},"16":{"name":"(anonymous_16)","decl":{"start":{"line":613,"column":37},"end":{"line":613,"column":38}},"loc":{"start":{"line":613,"column":54},"end":{"line":616,"column":9}},"line":613},"17":{"name":"(anonymous_17)","decl":{"start":{"line":631,"column":25},"end":{"line":631,"column":26}},"loc":{"start":{"line":631,"column":51},"end":{"line":670,"column":1}},"line":631},"18":{"name":"(anonymous_18)","decl":{"start":{"line":673,"column":27},"end":{"line":673,"column":28}},"loc":{"start":{"line":673,"column":53},"end":{"line":714,"column":1}},"line":673},"19":{"name":"(anonymous_19)","decl":{"start":{"line":717,"column":22},"end":{"line":717,"column":23}},"loc":{"start":{"line":717,"column":48},"end":{"line":745,"column":1}},"line":717},"20":{"name":"(anonymous_20)","decl":{"start":{"line":748,"column":32},"end":{"line":748,"column":33}},"loc":{"start":{"line":748,"column":58},"end":{"line":780,"column":1}},"line":748},"21":{"name":"(anonymous_21)","decl":{"start":{"line":800,"column":25},"end":{"line":800,"column":26}},"loc":{"start":{"line":800,"column":51},"end":{"line":841,"column":1}},"line":800},"22":{"name":"(anonymous_22)","decl":{"start":{"line":866,"column":24},"end":{"line":866,"column":25}},"loc":{"start":{"line":866,"column":50},"end":{"line":917,"column":1}},"line":866}},"branchMap":{"0":{"loc":{"start":{"line":38,"column":8},"end":{"line":38,"column":42}},"type":"binary-expr","locations":[{"start":{"line":38,"column":8},"end":{"line":38,"column":30}},{"start":{"line":38,"column":34},"end":{"line":38,"column":42}}],"line":38},"1":{"loc":{"start":{"line":80,"column":11},"end":{"line":80,"column":62}},"type":"binary-expr","locations":[{"start":{"line":80,"column":11},"end":{"line":80,"column":17}},{"start":{"line":80,"column":21},"end":{"line":80,"column":49}},{"start":{"line":80,"column":53},"end":{"line":80,"column":62}}],"line":80},"2":{"loc":{"start":{"line":198,"column":8},"end":{"line":200,"column":9}},"type":"if","locations":[{"start":{"line":198,"column":8},"end":{"line":200,"column":9}},{"start":{},"end":{}}],"line":198},"3":{"loc":{"start":{"line":203,"column":8},"end":{"line":205,"column":9}},"type":"if","locations":[{"start":{"line":203,"column":8},"end":{"line":205,"column":9}},{"start":{},"end":{}}],"line":203},"4":{"loc":{"start":{"line":209,"column":8},"end":{"line":211,"column":9}},"type":"if","locations":[{"start":{"line":209,"column":8},"end":{"line":211,"column":9}},{"start":{},"end":{}}],"line":209},"5":{"loc":{"start":{"line":244,"column":8},"end":{"line":246,"column":9}},"type":"if","locations":[{"start":{"line":244,"column":8},"end":{"line":246,"column":9}},{"start":{},"end":{}}],"line":244},"6":{"loc":{"start":{"line":261,"column":8},"end":{"line":263,"column":9}},"type":"if","locations":[{"start":{"line":261,"column":8},"end":{"line":263,"column":9}},{"start":{},"end":{}}],"line":261},"7":{"loc":{"start":{"line":277,"column":21},"end":{"line":277,"column":50}},"type":"binary-expr","locations":[{"start":{"line":277,"column":21},"end":{"line":277,"column":45}},{"start":{"line":277,"column":49},"end":{"line":277,"column":50}}],"line":277},"8":{"loc":{"start":{"line":278,"column":31},"end":{"line":278,"column":62}},"type":"binary-expr","locations":[{"start":{"line":278,"column":31},"end":{"line":278,"column":56}},{"start":{"line":278,"column":60},"end":{"line":278,"column":62}}],"line":278},"9":{"loc":{"start":{"line":313,"column":8},"end":{"line":315,"column":9}},"type":"if","locations":[{"start":{"line":313,"column":8},"end":{"line":315,"column":9}},{"start":{},"end":{}}],"line":313},"10":{"loc":{"start":{"line":318,"column":8},"end":{"line":318,"column":53}},"type":"if","locations":[{"start":{"line":318,"column":8},"end":{"line":318,"column":53}},{"start":{},"end":{}}],"line":318},"11":{"loc":{"start":{"line":319,"column":8},"end":{"line":319,"column":44}},"type":"if","locations":[{"start":{"line":319,"column":8},"end":{"line":319,"column":44}},{"start":{},"end":{}}],"line":319},"12":{"loc":{"start":{"line":323,"column":8},"end":{"line":325,"column":9}},"type":"if","locations":[{"start":{"line":323,"column":8},"end":{"line":325,"column":9}},{"start":{},"end":{}}],"line":323},"13":{"loc":{"start":{"line":333,"column":8},"end":{"line":335,"column":9}},"type":"if","locations":[{"start":{"line":333,"column":8},"end":{"line":335,"column":9}},{"start":{},"end":{}}],"line":333},"14":{"loc":{"start":{"line":352,"column":8},"end":{"line":354,"column":9}},"type":"if","locations":[{"start":{"line":352,"column":8},"end":{"line":354,"column":9}},{"start":{},"end":{}}],"line":352},"15":{"loc":{"start":{"line":352,"column":12},"end":{"line":352,"column":44}},"type":"binary-expr","locations":[{"start":{"line":352,"column":12},"end":{"line":352,"column":28}},{"start":{"line":352,"column":32},"end":{"line":352,"column":44}}],"line":352},"16":{"loc":{"start":{"line":357,"column":8},"end":{"line":359,"column":9}},"type":"if","locations":[{"start":{"line":357,"column":8},"end":{"line":359,"column":9}},{"start":{},"end":{}}],"line":357},"17":{"loc":{"start":{"line":363,"column":8},"end":{"line":365,"column":9}},"type":"if","locations":[{"start":{"line":363,"column":8},"end":{"line":365,"column":9}},{"start":{},"end":{}}],"line":363},"18":{"loc":{"start":{"line":369,"column":8},"end":{"line":371,"column":9}},"type":"if","locations":[{"start":{"line":369,"column":8},"end":{"line":371,"column":9}},{"start":{},"end":{}}],"line":369},"19":{"loc":{"start":{"line":392,"column":8},"end":{"line":394,"column":9}},"type":"if","locations":[{"start":{"line":392,"column":8},"end":{"line":394,"column":9}},{"start":{},"end":{}}],"line":392},"20":{"loc":{"start":{"line":397,"column":8},"end":{"line":399,"column":9}},"type":"if","locations":[{"start":{"line":397,"column":8},"end":{"line":399,"column":9}},{"start":{},"end":{}}],"line":397},"21":{"loc":{"start":{"line":401,"column":8},"end":{"line":403,"column":9}},"type":"if","locations":[{"start":{"line":401,"column":8},"end":{"line":403,"column":9}},{"start":{},"end":{}}],"line":401},"22":{"loc":{"start":{"line":428,"column":8},"end":{"line":430,"column":9}},"type":"if","locations":[{"start":{"line":428,"column":8},"end":{"line":430,"column":9}},{"start":{},"end":{}}],"line":428},"23":{"loc":{"start":{"line":441,"column":8},"end":{"line":443,"column":9}},"type":"if","locations":[{"start":{"line":441,"column":8},"end":{"line":443,"column":9}},{"start":{},"end":{}}],"line":441},"24":{"loc":{"start":{"line":477,"column":8},"end":{"line":479,"column":9}},"type":"if","locations":[{"start":{"line":477,"column":8},"end":{"line":479,"column":9}},{"start":{},"end":{}}],"line":477},"25":{"loc":{"start":{"line":483,"column":8},"end":{"line":485,"column":9}},"type":"if","locations":[{"start":{"line":483,"column":8},"end":{"line":485,"column":9}},{"start":{},"end":{}}],"line":483},"26":{"loc":{"start":{"line":487,"column":8},"end":{"line":489,"column":9}},"type":"if","locations":[{"start":{"line":487,"column":8},"end":{"line":489,"column":9}},{"start":{},"end":{}}],"line":487},"27":{"loc":{"start":{"line":512,"column":8},"end":{"line":514,"column":9}},"type":"if","locations":[{"start":{"line":512,"column":8},"end":{"line":514,"column":9}},{"start":{},"end":{}}],"line":512},"28":{"loc":{"start":{"line":519,"column":8},"end":{"line":521,"column":9}},"type":"if","locations":[{"start":{"line":519,"column":8},"end":{"line":521,"column":9}},{"start":{},"end":{}}],"line":519},"29":{"loc":{"start":{"line":524,"column":8},"end":{"line":526,"column":9}},"type":"if","locations":[{"start":{"line":524,"column":8},"end":{"line":526,"column":9}},{"start":{},"end":{}}],"line":524},"30":{"loc":{"start":{"line":529,"column":8},"end":{"line":531,"column":9}},"type":"if","locations":[{"start":{"line":529,"column":8},"end":{"line":531,"column":9}},{"start":{},"end":{}}],"line":529},"31":{"loc":{"start":{"line":535,"column":8},"end":{"line":537,"column":9}},"type":"if","locations":[{"start":{"line":535,"column":8},"end":{"line":537,"column":9}},{"start":{},"end":{}}],"line":535},"32":{"loc":{"start":{"line":568,"column":8},"end":{"line":570,"column":9}},"type":"if","locations":[{"start":{"line":568,"column":8},"end":{"line":570,"column":9}},{"start":{},"end":{}}],"line":568},"33":{"loc":{"start":{"line":575,"column":8},"end":{"line":577,"column":9}},"type":"if","locations":[{"start":{"line":575,"column":8},"end":{"line":577,"column":9}},{"start":{},"end":{}}],"line":575},"34":{"loc":{"start":{"line":579,"column":8},"end":{"line":584,"column":9}},"type":"if","locations":[{"start":{"line":579,"column":8},"end":{"line":584,"column":9}},{"start":{},"end":{}}],"line":579},"35":{"loc":{"start":{"line":638,"column":8},"end":{"line":640,"column":9}},"type":"if","locations":[{"start":{"line":638,"column":8},"end":{"line":640,"column":9}},{"start":{},"end":{}}],"line":638},"36":{"loc":{"start":{"line":638,"column":12},"end":{"line":638,"column":47}},"type":"binary-expr","locations":[{"start":{"line":638,"column":12},"end":{"line":638,"column":17}},{"start":{"line":638,"column":21},"end":{"line":638,"column":47}}],"line":638},"37":{"loc":{"start":{"line":644,"column":8},"end":{"line":646,"column":9}},"type":"if","locations":[{"start":{"line":644,"column":8},"end":{"line":646,"column":9}},{"start":{},"end":{}}],"line":644},"38":{"loc":{"start":{"line":649,"column":8},"end":{"line":651,"column":9}},"type":"if","locations":[{"start":{"line":649,"column":8},"end":{"line":651,"column":9}},{"start":{},"end":{}}],"line":649},"39":{"loc":{"start":{"line":649,"column":12},"end":{"line":649,"column":83}},"type":"binary-expr","locations":[{"start":{"line":649,"column":12},"end":{"line":649,"column":34}},{"start":{"line":649,"column":38},"end":{"line":649,"column":63}},{"start":{"line":649,"column":67},"end":{"line":649,"column":83}}],"line":649},"40":{"loc":{"start":{"line":675,"column":21},"end":{"line":675,"column":50}},"type":"binary-expr","locations":[{"start":{"line":675,"column":21},"end":{"line":675,"column":45}},{"start":{"line":675,"column":49},"end":{"line":675,"column":50}}],"line":675},"41":{"loc":{"start":{"line":676,"column":31},"end":{"line":676,"column":62}},"type":"binary-expr","locations":[{"start":{"line":676,"column":31},"end":{"line":676,"column":56}},{"start":{"line":676,"column":60},"end":{"line":676,"column":62}}],"line":676},"42":{"loc":{"start":{"line":681,"column":8},"end":{"line":683,"column":9}},"type":"if","locations":[{"start":{"line":681,"column":8},"end":{"line":683,"column":9}},{"start":{},"end":{}}],"line":681},"43":{"loc":{"start":{"line":687,"column":8},"end":{"line":689,"column":9}},"type":"if","locations":[{"start":{"line":687,"column":8},"end":{"line":689,"column":9}},{"start":{},"end":{}}],"line":687},"44":{"loc":{"start":{"line":722,"column":8},"end":{"line":724,"column":9}},"type":"if","locations":[{"start":{"line":722,"column":8},"end":{"line":724,"column":9}},{"start":{},"end":{}}],"line":722},"45":{"loc":{"start":{"line":726,"column":8},"end":{"line":728,"column":9}},"type":"if","locations":[{"start":{"line":726,"column":8},"end":{"line":728,"column":9}},{"start":{},"end":{}}],"line":726},"46":{"loc":{"start":{"line":753,"column":8},"end":{"line":755,"column":9}},"type":"if","locations":[{"start":{"line":753,"column":8},"end":{"line":755,"column":9}},{"start":{},"end":{}}],"line":753},"47":{"loc":{"start":{"line":758,"column":8},"end":{"line":760,"column":9}},"type":"if","locations":[{"start":{"line":758,"column":8},"end":{"line":760,"column":9}},{"start":{},"end":{}}],"line":758},"48":{"loc":{"start":{"line":763,"column":8},"end":{"line":765,"column":9}},"type":"if","locations":[{"start":{"line":763,"column":8},"end":{"line":765,"column":9}},{"start":{},"end":{}}],"line":763},"49":{"loc":{"start":{"line":804,"column":8},"end":{"line":806,"column":9}},"type":"if","locations":[{"start":{"line":804,"column":8},"end":{"line":806,"column":9}},{"start":{},"end":{}}],"line":804},"50":{"loc":{"start":{"line":812,"column":8},"end":{"line":817,"column":9}},"type":"if","locations":[{"start":{"line":812,"column":8},"end":{"line":817,"column":9}},{"start":{},"end":{}}],"line":812},"51":{"loc":{"start":{"line":812,"column":12},"end":{"line":812,"column":35}},"type":"binary-expr","locations":[{"start":{"line":812,"column":12},"end":{"line":812,"column":17}},{"start":{"line":812,"column":21},"end":{"line":812,"column":35}}],"line":812},"52":{"loc":{"start":{"line":871,"column":8},"end":{"line":873,"column":9}},"type":"if","locations":[{"start":{"line":871,"column":8},"end":{"line":873,"column":9}},{"start":{},"end":{}}],"line":871},"53":{"loc":{"start":{"line":875,"column":8},"end":{"line":877,"column":9}},"type":"if","locations":[{"start":{"line":875,"column":8},"end":{"line":877,"column":9}},{"start":{},"end":{}}],"line":875},"54":{"loc":{"start":{"line":881,"column":8},"end":{"line":883,"column":9}},"type":"if","locations":[{"start":{"line":881,"column":8},"end":{"line":883,"column":9}},{"start":{},"end":{}}],"line":881},"55":{"loc":{"start":{"line":894,"column":8},"end":{"line":896,"column":9}},"type":"if","locations":[{"start":{"line":894,"column":8},"end":{"line":896,"column":9}},{"start":{},"end":{}}],"line":894}},"s":{"0":2,"1":2,"2":2,"3":2,"4":2,"5":2,"6":2,"7":2,"8":6,"9":2,"10":6,"11":6,"12":6,"13":6,"14":6,"15":2,"16":6,"17":2,"18":8,"19":8,"20":8,"21":7,"22":7,"23":7,"24":7,"25":7,"26":1,"27":7,"28":1,"29":2,"30":11,"31":11,"32":11,"33":11,"34":11,"35":1,"36":10,"37":3,"38":7,"39":7,"40":1,"41":6,"42":6,"43":6,"44":6,"45":5,"46":2,"47":4,"48":4,"49":4,"50":1,"51":3,"52":1,"53":2,"54":2,"55":2,"56":2,"57":1,"58":1,"59":1,"60":2,"61":2,"62":2,"63":2,"64":2,"65":2,"66":2,"67":2,"68":0,"69":2,"70":3,"71":3,"72":3,"73":3,"74":1,"75":2,"76":2,"77":2,"78":2,"79":1,"80":2,"81":2,"82":1,"83":1,"84":1,"85":0,"86":1,"87":2,"88":2,"89":5,"90":5,"91":5,"92":1,"93":4,"94":4,"95":0,"96":4,"97":4,"98":1,"99":3,"100":3,"101":1,"102":2,"103":2,"104":2,"105":3,"106":2,"107":4,"108":4,"109":4,"110":1,"111":3,"112":3,"113":0,"114":3,"115":1,"116":2,"117":2,"118":2,"119":2,"120":2,"121":0,"122":0,"123":0,"124":0,"125":0,"126":0,"127":0,"128":0,"129":0,"130":0,"131":0,"132":0,"133":0,"134":0,"135":0,"136":0,"137":0,"138":2,"139":0,"140":0,"141":0,"142":0,"143":0,"144":0,"145":0,"146":0,"147":0,"148":0,"149":0,"150":0,"151":0,"152":0,"153":2,"154":0,"155":0,"156":0,"157":0,"158":0,"159":0,"160":0,"161":0,"162":0,"163":0,"164":0,"165":0,"166":0,"167":0,"168":0,"169":0,"170":0,"171":0,"172":0,"173":0,"174":0,"175":2,"176":0,"177":0,"178":0,"179":0,"180":0,"181":0,"182":0,"183":0,"184":0,"185":0,"186":0,"187":0,"188":0,"189":2,"190":0,"191":0,"192":0,"193":0,"194":0,"195":0,"196":0,"197":0,"198":0,"199":2,"200":0,"201":0,"202":0,"203":0,"204":0,"205":0,"206":0,"207":0,"208":0,"209":0,"210":0,"211":0,"212":0,"213":0,"214":0,"215":0,"216":2,"217":0,"218":0,"219":0,"220":0,"221":0,"222":0,"223":0,"224":0,"225":0,"226":0,"227":0,"228":0,"229":0,"230":0,"231":2,"232":0,"233":0,"234":0,"235":0,"236":0,"237":0,"238":0,"239":0,"240":0,"241":0,"242":2,"243":0,"244":0,"245":0,"246":0,"247":0,"248":0,"249":0,"250":0,"251":0,"252":0,"253":0,"254":0,"255":0,"256":2,"257":0,"258":0,"259":0,"260":0,"261":0,"262":0,"263":0,"264":0,"265":0,"266":0,"267":0,"268":0,"269":0,"270":0,"271":0,"272":0,"273":0,"274":2,"275":0,"276":0,"277":0,"278":0,"279":0,"280":0,"281":0,"282":0,"283":0,"284":0,"285":0,"286":0,"287":0,"288":0,"289":0,"290":0,"291":0,"292":0,"293":0,"294":0,"295":0},"f":{"0":6,"1":6,"2":6,"3":8,"4":11,"5":4,"6":2,"7":2,"8":3,"9":5,"10":4,"11":0,"12":0,"13":0,"14":0,"15":0,"16":0,"17":0,"18":0,"19":0,"20":0,"21":0,"22":0},"b":{"0":[6,0],"1":[6,0,0],"2":[1,10],"3":[3,7],"4":[1,6],"5":[1,3],"6":[1,1],"7":[2,1],"8":[2,1],"9":[1,2],"10":[2,0],"11":[1,1],"12":[1,1],"13":[0,1],"14":[1,4],"15":[5,4],"16":[0,4],"17":[1,3],"18":[1,2],"19":[1,3],"20":[0,3],"21":[1,2],"22":[0,0],"23":[0,0],"24":[0,0],"25":[0,0],"26":[0,0],"27":[0,0],"28":[0,0],"29":[0,0],"30":[0,0],"31":[0,0],"32":[0,0],"33":[0,0],"34":[0,0],"35":[0,0],"36":[0,0],"37":[0,0],"38":[0,0],"39":[0,0,0],"40":[0,0],"41":[0,0],"42":[0,0],"43":[0,0],"44":[0,0],"45":[0,0],"46":[0,0],"47":[0,0],"48":[0,0],"49":[0,0],"50":[0,0],"51":[0,0],"52":[0,0],"53":[0,0],"54":[0,0],"55":[0,0]},"_coverageSchema":"1a1c01bbd47fc00a2c39e90264f33305004495a9","hash":"28e17fcc8103baf703cf4a964f2d27c033988049"}
,"/home/scott/repos/code-craft-hub/src/middleware/authMiddleware.js": {"path":"/home/scott/repos/code-craft-hub/src/middleware/authMiddleware.js","statementMap":{"0":{"start":{"line":13,"column":12},"end":{"line":13,"column":35}},"1":{"start":{"line":14,"column":32},"end":{"line":14,"column":64}},"2":{"start":{"line":31,"column":23},"end":{"line":70,"column":1}},"3":{"start":{"line":32,"column":4},"end":{"line":69,"column":5}},"4":{"start":{"line":34,"column":27},"end":{"line":34,"column":54}},"5":{"start":{"line":37,"column":8},"end":{"line":42,"column":9}},"6":{"start":{"line":38,"column":12},"end":{"line":41,"column":15}},"7":{"start":{"line":45,"column":22},"end":{"line":45,"column":46}},"8":{"start":{"line":46,"column":8},"end":{"line":51,"column":9}},"9":{"start":{"line":47,"column":12},"end":{"line":50,"column":15}},"10":{"start":{"line":54,"column":25},"end":{"line":54,"column":78}},"11":{"start":{"line":55,"column":8},"end":{"line":55,"column":28}},"12":{"start":{"line":56,"column":8},"end":{"line":56,"column":15}},"13":{"start":{"line":59,"column":8},"end":{"line":64,"column":9}},"14":{"start":{"line":60,"column":12},"end":{"line":63,"column":15}},"15":{"start":{"line":65,"column":8},"end":{"line":68,"column":11}},"16":{"start":{"line":72,"column":0},"end":{"line":72,"column":32}}},"fnMap":{"0":{"name":"(anonymous_0)","decl":{"start":{"line":31,"column":23},"end":{"line":31,"column":24}},"loc":{"start":{"line":31,"column":43},"end":{"line":70,"column":1}},"line":31}},"branchMap":{"0":{"loc":{"start":{"line":37,"column":8},"end":{"line":42,"column":9}},"type":"if","locations":[{"start":{"line":37,"column":8},"end":{"line":42,"column":9}},{"start":{},"end":{}}],"line":37},"1":{"loc":{"start":{"line":46,"column":8},"end":{"line":51,"column":9}},"type":"if","locations":[{"start":{"line":46,"column":8},"end":{"line":51,"column":9}},{"start":{},"end":{}}],"line":46},"2":{"loc":{"start":{"line":54,"column":43},"end":{"line":54,"column":77}},"type":"binary-expr","locations":[{"start":{"line":54,"column":43},"end":{"line":54,"column":65}},{"start":{"line":54,"column":69},"end":{"line":54,"column":77}}],"line":54},"3":{"loc":{"start":{"line":59,"column":8},"end":{"line":64,"column":9}},"type":"if","locations":[{"start":{"line":59,"column":8},"end":{"line":64,"column":9}},{"start":{},"end":{}}],"line":59}},"s":{"0":2,"1":2,"2":2,"3":10,"4":10,"5":10,"6":1,"7":9,"8":9,"9":1,"10":8,"11":6,"12":6,"13":2,"14":1,"15":1,"16":2},"f":{"0":10},"b":{"0":[1,9],"1":[1,8],"2":[8,0],"3":[1,1]},"_coverageSchema":"1a1c01bbd47fc00a2c39e90264f33305004495a9","hash":"cfc3045d12b99dd998428defc583e27feeee4145"}
,"/home/scott/repos/code-craft-hub/src/middleware/authorize.js": {"path":"/home/scott/repos/code-craft-hub/src/middleware/authorize.js","statementMap":{"0":{"start":{"line":30,"column":18},"end":{"line":51,"column":1}},"1":{"start":{"line":31,"column":4},"end":{"line":50,"column":6}},"2":{"start":{"line":33,"column":8},"end":{"line":38,"column":9}},"3":{"start":{"line":34,"column":12},"end":{"line":37,"column":15}},"4":{"start":{"line":41,"column":8},"end":{"line":46,"column":9}},"5":{"start":{"line":42,"column":12},"end":{"line":45,"column":15}},"6":{"start":{"line":49,"column":8},"end":{"line":49,"column":15}},"7":{"start":{"line":53,"column":0},"end":{"line":53,"column":27}}},"fnMap":{"0":{"name":"(anonymous_0)","decl":{"start":{"line":30,"column":18},"end":{"line":30,"column":19}},"loc":{"start":{"line":30,"column":32},"end":{"line":51,"column":1}},"line":30},"1":{"name":"(anonymous_1)","decl":{"start":{"line":31,"column":11},"end":{"line":31,"column":12}},"loc":{"start":{"line":31,"column":31},"end":{"line":50,"column":5}},"line":31}},"branchMap":{"0":{"loc":{"start":{"line":33,"column":8},"end":{"line":38,"column":9}},"type":"if","locations":[{"start":{"line":33,"column":8},"end":{"line":38,"column":9}},{"start":{},"end":{}}],"line":33},"1":{"loc":{"start":{"line":41,"column":8},"end":{"line":46,"column":9}},"type":"if","locations":[{"start":{"line":41,"column":8},"end":{"line":46,"column":9}},{"start":{},"end":{}}],"line":41}},"s":{"0":2,"1":12,"2":7,"3":1,"4":6,"5":3,"6":3,"7":2},"f":{"0":12,"1":7},"b":{"0":[1,6],"1":[3,3]},"_coverageSchema":"1a1c01bbd47fc00a2c39e90264f33305004495a9","hash":"d187777fe649e19db79b6ef5eb6fd9a1d5d69cc2"}
,"/home/scott/repos/code-craft-hub/src/middleware/validateObjectId.js": {"path":"/home/scott/repos/code-craft-hub/src/middleware/validateObjectId.js","statementMap":{"0":{"start":{"line":1,"column":17},"end":{"line":1,"column":36}},"1":{"start":{"line":2,"column":28},"end":{"line":2,"column":60}},"2":{"start":{"line":8,"column":25},"end":{"line":22,"column":1}},"3":{"start":{"line":9,"column":4},"end":{"line":21,"column":6}},"4":{"start":{"line":10,"column":19},"end":{"line":10,"column":40}},"5":{"start":{"line":12,"column":8},"end":{"line":14,"column":9}},"6":{"start":{"line":13,"column":12},"end":{"line":13,"column":83}},"7":{"start":{"line":16,"column":8},"end":{"line":18,"column":9}},"8":{"start":{"line":17,"column":12},"end":{"line":17,"column":76}},"9":{"start":{"line":20,"column":8},"end":{"line":20,"column":15}},"10":{"start":{"line":24,"column":0},"end":{"line":24,"column":34}}},"fnMap":{"0":{"name":"(anonymous_0)","decl":{"start":{"line":8,"column":25},"end":{"line":8,"column":26}},"loc":{"start":{"line":8,"column":47},"end":{"line":22,"column":1}},"line":8},"1":{"name":"(anonymous_1)","decl":{"start":{"line":9,"column":11},"end":{"line":9,"column":12}},"loc":{"start":{"line":9,"column":31},"end":{"line":21,"column":5}},"line":9}},"branchMap":{"0":{"loc":{"start":{"line":8,"column":26},"end":{"line":8,"column":42}},"type":"default-arg","locations":[{"start":{"line":8,"column":38},"end":{"line":8,"column":42}}],"line":8},"1":{"loc":{"start":{"line":12,"column":8},"end":{"line":14,"column":9}},"type":"if","locations":[{"start":{"line":12,"column":8},"end":{"line":14,"column":9}},{"start":{},"end":{}}],"line":12},"2":{"loc":{"start":{"line":16,"column":8},"end":{"line":18,"column":9}},"type":"if","locations":[{"start":{"line":16,"column":8},"end":{"line":18,"column":9}},{"start":{},"end":{}}],"line":16}},"s":{"0":2,"1":2,"2":2,"3":17,"4":11,"5":11,"6":4,"7":7,"8":3,"9":4,"10":2},"f":{"0":17,"1":11},"b":{"0":[7],"1":[4,7],"2":[3,4]},"_coverageSchema":"1a1c01bbd47fc00a2c39e90264f33305004495a9","hash":"252b6f86e46ae00ab283852ccc5ef08ec20450af"}
,"/home/scott/repos/code-craft-hub/src/models/refreshTokenModel.js": {"path":"/home/scott/repos/code-craft-hub/src/models/refreshTokenModel.js","statementMap":{"0":{"start":{"line":1,"column":17},"end":{"line":1,"column":36}},"1":{"start":{"line":3,"column":27},"end":{"line":32,"column":2}},"2":{"start":{"line":35,"column":0},"end":{"line":35,"column":40}},"3":{"start":{"line":36,"column":0},"end":{"line":36,"column":43}},"4":{"start":{"line":39,"column":0},"end":{"line":41,"column":3}},"5":{"start":{"line":40,"column":4},"end":{"line":40,"column":40}},"6":{"start":{"line":44,"column":0},"end":{"line":46,"column":3}},"7":{"start":{"line":45,"column":4},"end":{"line":45,"column":46}},"8":{"start":{"line":49,"column":0},"end":{"line":55,"column":2}},"9":{"start":{"line":50,"column":4},"end":{"line":50,"column":32}},"10":{"start":{"line":51,"column":4},"end":{"line":51,"column":33}},"11":{"start":{"line":52,"column":4},"end":{"line":54,"column":5}},"12":{"start":{"line":53,"column":8},"end":{"line":53,"column":47}},"13":{"start":{"line":57,"column":21},"end":{"line":57,"column":71}},"14":{"start":{"line":58,"column":0},"end":{"line":58,"column":30}}},"fnMap":{"0":{"name":"(anonymous_0)","decl":{"start":{"line":39,"column":44},"end":{"line":39,"column":45}},"loc":{"start":{"line":39,"column":55},"end":{"line":41,"column":1}},"line":39},"1":{"name":"(anonymous_1)","decl":{"start":{"line":44,"column":43},"end":{"line":44,"column":44}},"loc":{"start":{"line":44,"column":54},"end":{"line":46,"column":1}},"line":44},"2":{"name":"(anonymous_2)","decl":{"start":{"line":49,"column":36},"end":{"line":49,"column":37}},"loc":{"start":{"line":49,"column":73},"end":{"line":55,"column":1}},"line":49}},"branchMap":{"0":{"loc":{"start":{"line":45,"column":11},"end":{"line":45,"column":45}},"type":"binary-expr","locations":[{"start":{"line":45,"column":11},"end":{"line":45,"column":26}},{"start":{"line":45,"column":30},"end":{"line":45,"column":45}}],"line":45},"1":{"loc":{"start":{"line":52,"column":4},"end":{"line":54,"column":5}},"type":"if","locations":[{"start":{"line":52,"column":4},"end":{"line":54,"column":5}},{"start":{},"end":{}}],"line":52}},"s":{"0":2,"1":2,"2":2,"3":2,"4":2,"5":0,"6":2,"7":0,"8":2,"9":0,"10":0,"11":0,"12":0,"13":2,"14":2},"f":{"0":0,"1":0,"2":0},"b":{"0":[0,0],"1":[0,0]},"_coverageSchema":"1a1c01bbd47fc00a2c39e90264f33305004495a9","hash":"aff7650d6d8de0589deaa035a5eb89c595fe5553"}
,"/home/scott/repos/code-craft-hub/src/models/userModel.js": {"path":"/home/scott/repos/code-craft-hub/src/models/userModel.js","statementMap":{"0":{"start":{"line":15,"column":17},"end":{"line":15,"column":36}},"1":{"start":{"line":16,"column":15},"end":{"line":16,"column":32}},"2":{"start":{"line":17,"column":15},"end":{"line":17,"column":32}},"3":{"start":{"line":36,"column":19},"end":{"line":81,"column":2}},"4":{"start":{"line":89,"column":0},"end":{"line":91,"column":2}},"5":{"start":{"line":90,"column":4},"end":{"line":90,"column":43}},"6":{"start":{"line":99,"column":0},"end":{"line":101,"column":2}},"7":{"start":{"line":100,"column":4},"end":{"line":100,"column":52}},"8":{"start":{"line":109,"column":0},"end":{"line":111,"column":3}},"9":{"start":{"line":110,"column":4},"end":{"line":110,"column":35}},"10":{"start":{"line":121,"column":0},"end":{"line":124,"column":2}},"11":{"start":{"line":122,"column":4},"end":{"line":122,"column":32}},"12":{"start":{"line":123,"column":4},"end":{"line":123,"column":23}},"13":{"start":{"line":133,"column":0},"end":{"line":136,"column":2}},"14":{"start":{"line":134,"column":4},"end":{"line":134,"column":26}},"15":{"start":{"line":135,"column":4},"end":{"line":135,"column":23}},"16":{"start":{"line":145,"column":0},"end":{"line":151,"column":3}},"17":{"start":{"line":146,"column":4},"end":{"line":149,"column":5}},"18":{"start":{"line":148,"column":8},"end":{"line":148,"column":61}},"19":{"start":{"line":150,"column":4},"end":{"line":150,"column":11}},"20":{"start":{"line":162,"column":0},"end":{"line":164,"column":2}},"21":{"start":{"line":163,"column":4},"end":{"line":163,"column":66}},"22":{"start":{"line":174,"column":0},"end":{"line":182,"column":2}},"23":{"start":{"line":176,"column":18},"end":{"line":176,"column":56}},"24":{"start":{"line":178,"column":4},"end":{"line":178,"column":85}},"25":{"start":{"line":180,"column":4},"end":{"line":180,"column":69}},"26":{"start":{"line":181,"column":4},"end":{"line":181,"column":17}},"27":{"start":{"line":192,"column":0},"end":{"line":200,"column":2}},"28":{"start":{"line":194,"column":18},"end":{"line":194,"column":56}},"29":{"start":{"line":196,"column":4},"end":{"line":196,"column":86}},"30":{"start":{"line":198,"column":4},"end":{"line":198,"column":64}},"31":{"start":{"line":199,"column":4},"end":{"line":199,"column":17}},"32":{"start":{"line":205,"column":13},"end":{"line":205,"column":47}},"33":{"start":{"line":206,"column":0},"end":{"line":206,"column":22}}},"fnMap":{"0":{"name":"(anonymous_0)","decl":{"start":{"line":89,"column":30},"end":{"line":89,"column":31}},"loc":{"start":{"line":89,"column":41},"end":{"line":91,"column":1}},"line":89},"1":{"name":"(anonymous_1)","decl":{"start":{"line":99,"column":31},"end":{"line":99,"column":32}},"loc":{"start":{"line":99,"column":42},"end":{"line":101,"column":1}},"line":99},"2":{"name":"(anonymous_2)","decl":{"start":{"line":109,"column":36},"end":{"line":109,"column":37}},"loc":{"start":{"line":109,"column":47},"end":{"line":111,"column":1}},"line":109},"3":{"name":"(anonymous_3)","decl":{"start":{"line":121,"column":32},"end":{"line":121,"column":33}},"loc":{"start":{"line":121,"column":43},"end":{"line":124,"column":1}},"line":121},"4":{"name":"(anonymous_4)","decl":{"start":{"line":133,"column":29},"end":{"line":133,"column":30}},"loc":{"start":{"line":133,"column":40},"end":{"line":136,"column":1}},"line":133},"5":{"name":"(anonymous_5)","decl":{"start":{"line":145,"column":23},"end":{"line":145,"column":24}},"loc":{"start":{"line":145,"column":45},"end":{"line":151,"column":1}},"line":145},"6":{"name":"(anonymous_6)","decl":{"start":{"line":162,"column":37},"end":{"line":162,"column":38}},"loc":{"start":{"line":162,"column":72},"end":{"line":164,"column":1}},"line":162},"7":{"name":"(anonymous_7)","decl":{"start":{"line":174,"column":47},"end":{"line":174,"column":48}},"loc":{"start":{"line":174,"column":59},"end":{"line":182,"column":1}},"line":174},"8":{"name":"(anonymous_8)","decl":{"start":{"line":192,"column":48},"end":{"line":192,"column":49}},"loc":{"start":{"line":192,"column":60},"end":{"line":200,"column":1}},"line":192}},"branchMap":{"0":{"loc":{"start":{"line":146,"column":4},"end":{"line":149,"column":5}},"type":"if","locations":[{"start":{"line":146,"column":4},"end":{"line":149,"column":5}},{"start":{},"end":{}}],"line":146}},"s":{"0":3,"1":3,"2":3,"3":3,"4":3,"5":0,"6":3,"7":0,"8":3,"9":0,"10":3,"11":1,"12":1,"13":3,"14":0,"15":0,"16":3,"17":11,"18":6,"19":11,"20":3,"21":9,"22":3,"23":5,"24":5,"25":5,"26":5,"27":3,"28":0,"29":0,"30":0,"31":0,"32":3,"33":3},"f":{"0":0,"1":0,"2":0,"3":1,"4":0,"5":11,"6":9,"7":5,"8":0},"b":{"0":[6,5]},"_coverageSchema":"1a1c01bbd47fc00a2c39e90264f33305004495a9","hash":"51a16fd2c15901aad00860d28925620b5459f106"}
,"/home/scott/repos/code-craft-hub/src/routes/userRoutes.js": {"path":"/home/scott/repos/code-craft-hub/src/routes/userRoutes.js","statementMap":{"0":{"start":{"line":1,"column":16},"end":{"line":1,"column":34}},"1":{"start":{"line":22,"column":4},"end":{"line":22,"column":44}},"2":{"start":{"line":23,"column":23},"end":{"line":23,"column":62}},"3":{"start":{"line":24,"column":18},"end":{"line":24,"column":52}},"4":{"start":{"line":25,"column":25},"end":{"line":25,"column":66}},"5":{"start":{"line":26,"column":24},"end":{"line":26,"column":51}},"6":{"start":{"line":28,"column":15},"end":{"line":28,"column":31}},"7":{"start":{"line":70,"column":0},"end":{"line":70,"column":52}},"8":{"start":{"line":122,"column":0},"end":{"line":122,"column":46}},"9":{"start":{"line":148,"column":0},"end":{"line":148,"column":44}},"10":{"start":{"line":172,"column":0},"end":{"line":172,"column":31}},"11":{"start":{"line":194,"column":0},"end":{"line":194,"column":48}},"12":{"start":{"line":221,"column":0},"end":{"line":221,"column":69}},"13":{"start":{"line":248,"column":0},"end":{"line":248,"column":51}},"14":{"start":{"line":263,"column":0},"end":{"line":263,"column":67}},"15":{"start":{"line":290,"column":0},"end":{"line":290,"column":45}},"16":{"start":{"line":312,"column":0},"end":{"line":312,"column":72}},"17":{"start":{"line":343,"column":0},"end":{"line":343,"column":74}},"18":{"start":{"line":371,"column":0},"end":{"line":371,"column":58}},"19":{"start":{"line":391,"column":0},"end":{"line":391,"column":74}},"20":{"start":{"line":423,"column":0},"end":{"line":423,"column":81}},"21":{"start":{"line":458,"column":0},"end":{"line":458,"column":102}},"22":{"start":{"line":481,"column":0},"end":{"line":481,"column":113}},"23":{"start":{"line":506,"column":0},"end":{"line":506,"column":101}},"24":{"start":{"line":533,"column":0},"end":{"line":533,"column":122}},"25":{"start":{"line":561,"column":0},"end":{"line":561,"column":61}},"26":{"start":{"line":598,"column":0},"end":{"line":598,"column":53}},"27":{"start":{"line":600,"column":0},"end":{"line":600,"column":24}}},"fnMap":{},"branchMap":{},"s":{"0":1,"1":1,"2":1,"3":1,"4":1,"5":1,"6":1,"7":1,"8":1,"9":1,"10":1,"11":1,"12":1,"13":1,"14":1,"15":1,"16":1,"17":1,"18":1,"19":1,"20":1,"21":1,"22":1,"23":1,"24":1,"25":1,"26":1,"27":1},"f":{},"b":{},"_coverageSchema":"1a1c01bbd47fc00a2c39e90264f33305004495a9","hash":"076a6767ad6d24c8876e27b05f0e53b55c9ee2a0"}
,"/home/scott/repos/code-craft-hub/src/tests/integration/setup.js": {"path":"/home/scott/repos/code-craft-hub/src/tests/integration/setup.js","statementMap":{"0":{"start":{"line":1,"column":17},"end":{"line":1,"column":36}},"1":{"start":{"line":2,"column":30},"end":{"line":2,"column":62}},"2":{"start":{"line":7,"column":0},"end":{"line":15,"column":3}},"3":{"start":{"line":8,"column":4},"end":{"line":8,"column":45}},"4":{"start":{"line":9,"column":16},"end":{"line":9,"column":30}},"5":{"start":{"line":10,"column":4},"end":{"line":10,"column":32}},"6":{"start":{"line":11,"column":4},"end":{"line":11,"column":60}},"7":{"start":{"line":12,"column":4},"end":{"line":12,"column":27}},"8":{"start":{"line":13,"column":4},"end":{"line":13,"column":34}},"9":{"start":{"line":14,"column":4},"end":{"line":14,"column":48}},"10":{"start":{"line":18,"column":0},"end":{"line":26,"column":3}},"11":{"start":{"line":19,"column":28},"end":{"line":19,"column":36}},"12":{"start":{"line":20,"column":4},"end":{"line":25,"column":5}},"13":{"start":{"line":21,"column":28},"end":{"line":21,"column":55}},"14":{"start":{"line":22,"column":8},"end":{"line":24,"column":9}},"15":{"start":{"line":23,"column":12},"end":{"line":23,"column":44}},"16":{"start":{"line":29,"column":0},"end":{"line":32,"column":3}},"17":{"start":{"line":30,"column":4},"end":{"line":30,"column":38}},"18":{"start":{"line":31,"column":4},"end":{"line":31,"column":34}},"19":{"start":{"line":31,"column":15},"end":{"line":31,"column":34}}},"fnMap":{"0":{"name":"(anonymous_0)","decl":{"start":{"line":7,"column":10},"end":{"line":7,"column":11}},"loc":{"start":{"line":7,"column":22},"end":{"line":15,"column":1}},"line":7},"1":{"name":"(anonymous_1)","decl":{"start":{"line":18,"column":10},"end":{"line":18,"column":11}},"loc":{"start":{"line":18,"column":22},"end":{"line":26,"column":1}},"line":18},"2":{"name":"(anonymous_2)","decl":{"start":{"line":29,"column":9},"end":{"line":29,"column":10}},"loc":{"start":{"line":29,"column":21},"end":{"line":32,"column":1}},"line":29}},"branchMap":{"0":{"loc":{"start":{"line":31,"column":4},"end":{"line":31,"column":34}},"type":"if","locations":[{"start":{"line":31,"column":4},"end":{"line":31,"column":34}},{"start":{},"end":{}}],"line":31}},"s":{"0":1,"1":1,"2":1,"3":1,"4":1,"5":1,"6":1,"7":1,"8":1,"9":1,"10":1,"11":5,"12":5,"13":5,"14":5,"15":10,"16":1,"17":1,"18":1,"19":1},"f":{"0":1,"1":5,"2":1},"b":{"0":[1,0]},"_coverageSchema":"1a1c01bbd47fc00a2c39e90264f33305004495a9","hash":"790b9bbc6d4ea3e286f3931cfbd5e5fe193b9807"}
,"/home/scott/repos/code-craft-hub/src/utils/email.js": {"path":"/home/scott/repos/code-craft-hub/src/utils/email.js","statementMap":{"0":{"start":{"line":1,"column":19},"end":{"line":1,"column":40}},"1":{"start":{"line":2,"column":15},"end":{"line":2,"column":34}},"2":{"start":{"line":5,"column":26},"end":{"line":21,"column":1}},"3":{"start":{"line":7,"column":4},"end":{"line":10,"column":5}},"4":{"start":{"line":8,"column":8},"end":{"line":8,"column":91}},"5":{"start":{"line":9,"column":8},"end":{"line":9,"column":20}},"6":{"start":{"line":12,"column":4},"end":{"line":20,"column":7}},"7":{"start":{"line":24,"column":30},"end":{"line":75,"column":1}},"8":{"start":{"line":25,"column":24},"end":{"line":25,"column":43}},"9":{"start":{"line":27,"column":28},"end":{"line":27,"column":97}},"10":{"start":{"line":29,"column":24},"end":{"line":51,"column":5}},"11":{"start":{"line":53,"column":4},"end":{"line":65,"column":5}},"12":{"start":{"line":55,"column":8},"end":{"line":59,"column":11}},"13":{"start":{"line":60,"column":8},"end":{"line":60,"column":57}},"14":{"start":{"line":61,"column":8},"end":{"line":61,"column":52}},"15":{"start":{"line":62,"column":8},"end":{"line":62,"column":60}},"16":{"start":{"line":63,"column":8},"end":{"line":63,"column":57}},"17":{"start":{"line":64,"column":8},"end":{"line":64,"column":49}},"18":{"start":{"line":67,"column":4},"end":{"line":74,"column":5}},"19":{"start":{"line":68,"column":8},"end":{"line":68,"column":48}},"20":{"start":{"line":69,"column":8},"end":{"line":69,"column":59}},"21":{"start":{"line":70,"column":8},"end":{"line":70,"column":47}},"22":{"start":{"line":72,"column":8},"end":{"line":72,"column":65}},"23":{"start":{"line":73,"column":8},"end":{"line":73,"column":61}},"24":{"start":{"line":78,"column":25},"end":{"line":115,"column":1}},"25":{"start":{"line":79,"column":24},"end":{"line":79,"column":43}},"26":{"start":{"line":81,"column":24},"end":{"line":96,"column":5}},"27":{"start":{"line":98,"column":4},"end":{"line":104,"column":5}},"28":{"start":{"line":99,"column":8},"end":{"line":102,"column":11}},"29":{"start":{"line":103,"column":8},"end":{"line":103,"column":49}},"30":{"start":{"line":106,"column":4},"end":{"line":114,"column":5}},"31":{"start":{"line":107,"column":8},"end":{"line":107,"column":48}},"32":{"start":{"line":108,"column":8},"end":{"line":108,"column":54}},"33":{"start":{"line":109,"column":8},"end":{"line":109,"column":47}},"34":{"start":{"line":111,"column":8},"end":{"line":111,"column":60}},"35":{"start":{"line":113,"column":8},"end":{"line":113,"column":50}},"36":{"start":{"line":118,"column":31},"end":{"line":169,"column":1}},"37":{"start":{"line":119,"column":24},"end":{"line":119,"column":43}},"38":{"start":{"line":121,"column":21},"end":{"line":121,"column":85}},"39":{"start":{"line":123,"column":24},"end":{"line":145,"column":5}},"40":{"start":{"line":147,"column":4},"end":{"line":159,"column":5}},"41":{"start":{"line":149,"column":8},"end":{"line":153,"column":11}},"42":{"start":{"line":154,"column":8},"end":{"line":154,"column":53}},"43":{"start":{"line":155,"column":8},"end":{"line":155,"column":52}},"44":{"start":{"line":156,"column":8},"end":{"line":156,"column":46}},"45":{"start":{"line":157,"column":8},"end":{"line":157,"column":53}},"46":{"start":{"line":158,"column":8},"end":{"line":158,"column":49}},"47":{"start":{"line":161,"column":4},"end":{"line":168,"column":5}},"48":{"start":{"line":162,"column":8},"end":{"line":162,"column":48}},"49":{"start":{"line":163,"column":8},"end":{"line":163,"column":61}},"50":{"start":{"line":164,"column":8},"end":{"line":164,"column":47}},"51":{"start":{"line":166,"column":8},"end":{"line":166,"column":67}},"52":{"start":{"line":167,"column":8},"end":{"line":167,"column":63}},"53":{"start":{"line":171,"column":0},"end":{"line":175,"column":2}}},"fnMap":{"0":{"name":"(anonymous_0)","decl":{"start":{"line":5,"column":26},"end":{"line":5,"column":27}},"loc":{"start":{"line":5,"column":32},"end":{"line":21,"column":1}},"line":5},"1":{"name":"(anonymous_1)","decl":{"start":{"line":24,"column":30},"end":{"line":24,"column":31}},"loc":{"start":{"line":24,"column":76},"end":{"line":75,"column":1}},"line":24},"2":{"name":"(anonymous_2)","decl":{"start":{"line":78,"column":25},"end":{"line":78,"column":26}},"loc":{"start":{"line":78,"column":52},"end":{"line":115,"column":1}},"line":78},"3":{"name":"(anonymous_3)","decl":{"start":{"line":118,"column":31},"end":{"line":118,"column":32}},"loc":{"start":{"line":118,"column":70},"end":{"line":169,"column":1}},"line":118}},"branchMap":{"0":{"loc":{"start":{"line":7,"column":4},"end":{"line":10,"column":5}},"type":"if","locations":[{"start":{"line":7,"column":4},"end":{"line":10,"column":5}},{"start":{},"end":{}}],"line":7},"1":{"loc":{"start":{"line":7,"column":8},"end":{"line":7,"column":89}},"type":"binary-expr","locations":[{"start":{"line":7,"column":8},"end":{"line":7,"column":31}},{"start":{"line":7,"column":35},"end":{"line":7,"column":58}},{"start":{"line":7,"column":62},"end":{"line":7,"column":89}}],"line":7},"2":{"loc":{"start":{"line":14,"column":23},"end":{"line":14,"column":54}},"type":"binary-expr","locations":[{"start":{"line":14,"column":23},"end":{"line":14,"column":45}},{"start":{"line":14,"column":49},"end":{"line":14,"column":54}}],"line":14},"3":{"loc":{"start":{"line":30,"column":14},"end":{"line":30,"column":68}},"type":"binary-expr","locations":[{"start":{"line":30,"column":14},"end":{"line":30,"column":36}},{"start":{"line":30,"column":40},"end":{"line":30,"column":68}}],"line":30},"4":{"loc":{"start":{"line":53,"column":4},"end":{"line":65,"column":5}},"type":"if","locations":[{"start":{"line":53,"column":4},"end":{"line":65,"column":5}},{"start":{},"end":{}}],"line":53},"5":{"loc":{"start":{"line":82,"column":14},"end":{"line":82,"column":68}},"type":"binary-expr","locations":[{"start":{"line":82,"column":14},"end":{"line":82,"column":36}},{"start":{"line":82,"column":40},"end":{"line":82,"column":68}}],"line":82},"6":{"loc":{"start":{"line":98,"column":4},"end":{"line":104,"column":5}},"type":"if","locations":[{"start":{"line":98,"column":4},"end":{"line":104,"column":5}},{"start":{},"end":{}}],"line":98},"7":{"loc":{"start":{"line":124,"column":14},"end":{"line":124,"column":68}},"type":"binary-expr","locations":[{"start":{"line":124,"column":14},"end":{"line":124,"column":36}},{"start":{"line":124,"column":40},"end":{"line":124,"column":68}}],"line":124},"8":{"loc":{"start":{"line":147,"column":4},"end":{"line":159,"column":5}},"type":"if","locations":[{"start":{"line":147,"column":4},"end":{"line":159,"column":5}},{"start":{},"end":{}}],"line":147}},"s":{"0":2,"1":2,"2":2,"3":5,"4":5,"5":5,"6":0,"7":2,"8":5,"9":5,"10":5,"11":5,"12":5,"13":5,"14":5,"15":5,"16":5,"17":5,"18":0,"19":0,"20":0,"21":0,"22":0,"23":0,"24":2,"25":0,"26":0,"27":0,"28":0,"29":0,"30":0,"31":0,"32":0,"33":0,"34":0,"35":0,"36":2,"37":0,"38":0,"39":0,"40":0,"41":0,"42":0,"43":0,"44":0,"45":0,"46":0,"47":0,"48":0,"49":0,"50":0,"51":0,"52":0,"53":2},"f":{"0":5,"1":5,"2":0,"3":0},"b":{"0":[5,0],"1":[5,0,0],"2":[0,0],"3":[5,5],"4":[5,0],"5":[0,0],"6":[0,0],"7":[0,0],"8":[0,0]},"_coverageSchema":"1a1c01bbd47fc00a2c39e90264f33305004495a9","hash":"26b5229dacda6d873b0953df4998520199c0433f"}
,"/home/scott/repos/code-craft-hub/src/utils/errorHandler.js": {"path":"/home/scott/repos/code-craft-hub/src/utils/errorHandler.js","statementMap":{"0":{"start":{"line":8,"column":15},"end":{"line":8,"column":34}},"1":{"start":{"line":21,"column":8},"end":{"line":21,"column":23}},"2":{"start":{"line":22,"column":8},"end":{"line":22,"column":37}},"3":{"start":{"line":23,"column":8},"end":{"line":23,"column":34}},"4":{"start":{"line":24,"column":8},"end":{"line":24,"column":56}},"5":{"start":{"line":38,"column":8},"end":{"line":38,"column":28}},"6":{"start":{"line":39,"column":8},"end":{"line":39,"column":38}},"7":{"start":{"line":53,"column":8},"end":{"line":53,"column":28}},"8":{"start":{"line":54,"column":8},"end":{"line":54,"column":42}},"9":{"start":{"line":68,"column":8},"end":{"line":68,"column":28}},"10":{"start":{"line":69,"column":8},"end":{"line":69,"column":36}},"11":{"start":{"line":83,"column":8},"end":{"line":83,"column":28}},"12":{"start":{"line":84,"column":8},"end":{"line":84,"column":36}},"13":{"start":{"line":109,"column":21},"end":{"line":170,"column":1}},"14":{"start":{"line":111,"column":4},"end":{"line":117,"column":7}},"15":{"start":{"line":120,"column":4},"end":{"line":127,"column":5}},"16":{"start":{"line":121,"column":22},"end":{"line":121,"column":50}},"17":{"start":{"line":122,"column":22},"end":{"line":122,"column":41}},"18":{"start":{"line":123,"column":8},"end":{"line":126,"column":11}},"19":{"start":{"line":130,"column":4},"end":{"line":137,"column":5}},"20":{"start":{"line":131,"column":23},"end":{"line":131,"column":68}},"21":{"start":{"line":131,"column":58},"end":{"line":131,"column":67}},"22":{"start":{"line":132,"column":8},"end":{"line":136,"column":11}},"23":{"start":{"line":140,"column":4},"end":{"line":145,"column":5}},"24":{"start":{"line":141,"column":8},"end":{"line":144,"column":11}},"25":{"start":{"line":148,"column":4},"end":{"line":153,"column":5}},"26":{"start":{"line":149,"column":8},"end":{"line":152,"column":11}},"27":{"start":{"line":156,"column":4},"end":{"line":161,"column":5}},"28":{"start":{"line":157,"column":8},"end":{"line":160,"column":11}},"29":{"start":{"line":164,"column":4},"end":{"line":169,"column":7}},"30":{"start":{"line":172,"column":0},"end":{"line":172,"column":30}},"31":{"start":{"line":173,"column":0},"end":{"line":173,"column":35}},"32":{"start":{"line":174,"column":0},"end":{"line":174,"column":49}},"33":{"start":{"line":175,"column":0},"end":{"line":175,"column":57}},"34":{"start":{"line":176,"column":0},"end":{"line":176,"column":45}},"35":{"start":{"line":177,"column":0},"end":{"line":177,"column":45}}},"fnMap":{"0":{"name":"(anonymous_0)","decl":{"start":{"line":20,"column":4},"end":{"line":20,"column":5}},"loc":{"start":{"line":20,"column":37},"end":{"line":25,"column":5}},"line":20},"1":{"name":"(anonymous_1)","decl":{"start":{"line":37,"column":4},"end":{"line":37,"column":5}},"loc":{"start":{"line":37,"column":25},"end":{"line":40,"column":5}},"line":37},"2":{"name":"(anonymous_2)","decl":{"start":{"line":52,"column":4},"end":{"line":52,"column":5}},"loc":{"start":{"line":52,"column":51},"end":{"line":55,"column":5}},"line":52},"3":{"name":"(anonymous_3)","decl":{"start":{"line":67,"column":4},"end":{"line":67,"column":5}},"loc":{"start":{"line":67,"column":48},"end":{"line":70,"column":5}},"line":67},"4":{"name":"(anonymous_4)","decl":{"start":{"line":82,"column":4},"end":{"line":82,"column":5}},"loc":{"start":{"line":82,"column":25},"end":{"line":85,"column":5}},"line":82},"5":{"name":"(anonymous_5)","decl":{"start":{"line":109,"column":21},"end":{"line":109,"column":22}},"loc":{"start":{"line":109,"column":46},"end":{"line":170,"column":1}},"line":109},"6":{"name":"(anonymous_6)","decl":{"start":{"line":131,"column":53},"end":{"line":131,"column":54}},"loc":{"start":{"line":131,"column":58},"end":{"line":131,"column":67}},"line":131}},"branchMap":{"0":{"loc":{"start":{"line":52,"column":16},"end":{"line":52,"column":49}},"type":"default-arg","locations":[{"start":{"line":52,"column":26},"end":{"line":52,"column":49}}],"line":52},"1":{"loc":{"start":{"line":67,"column":16},"end":{"line":67,"column":46}},"type":"default-arg","locations":[{"start":{"line":67,"column":26},"end":{"line":67,"column":46}}],"line":67},"2":{"loc":{"start":{"line":120,"column":4},"end":{"line":127,"column":5}},"type":"if","locations":[{"start":{"line":120,"column":4},"end":{"line":127,"column":5}},{"start":{},"end":{}}],"line":120},"3":{"loc":{"start":{"line":130,"column":4},"end":{"line":137,"column":5}},"type":"if","locations":[{"start":{"line":130,"column":4},"end":{"line":137,"column":5}},{"start":{},"end":{}}],"line":130},"4":{"loc":{"start":{"line":130,"column":8},"end":{"line":130,"column":52}},"type":"binary-expr","locations":[{"start":{"line":130,"column":8},"end":{"line":130,"column":38}},{"start":{"line":130,"column":42},"end":{"line":130,"column":52}}],"line":130},"5":{"loc":{"start":{"line":140,"column":4},"end":{"line":145,"column":5}},"type":"if","locations":[{"start":{"line":140,"column":4},"end":{"line":145,"column":5}},{"start":{},"end":{}}],"line":140},"6":{"loc":{"start":{"line":148,"column":4},"end":{"line":153,"column":5}},"type":"if","locations":[{"start":{"line":148,"column":4},"end":{"line":153,"column":5}},{"start":{},"end":{}}],"line":148},"7":{"loc":{"start":{"line":156,"column":4},"end":{"line":161,"column":5}},"type":"if","locations":[{"start":{"line":156,"column":4},"end":{"line":161,"column":5}},{"start":{},"end":{}}],"line":156},"8":{"loc":{"start":{"line":166,"column":15},"end":{"line":168,"column":25}},"type":"cond-expr","locations":[{"start":{"line":167,"column":14},"end":{"line":167,"column":36}},{"start":{"line":168,"column":14},"end":{"line":168,"column":25}}],"line":166}},"s":{"0":5,"1":32,"2":32,"3":32,"4":32,"5":21,"6":21,"7":8,"8":8,"9":3,"10":3,"11":0,"12":0,"13":5,"14":2,"15":2,"16":0,"17":0,"18":0,"19":2,"20":0,"21":0,"22":0,"23":2,"24":0,"25":2,"26":0,"27":2,"28":2,"29":0,"30":5,"31":5,"32":5,"33":5,"34":5,"35":5},"f":{"0":32,"1":21,"2":8,"3":3,"4":0,"5":2,"6":0},"b":{"0":[0],"1":[0],"2":[0,2],"3":[0,2],"4":[2,0],"5":[0,2],"6":[0,2],"7":[2,0],"8":[0,0]},"_coverageSchema":"1a1c01bbd47fc00a2c39e90264f33305004495a9","hash":"e94bea62271f8cab684c9003980fddea85ee5c79"}
,"/home/scott/repos/code-craft-hub/src/utils/logger.js": {"path":"/home/scott/repos/code-craft-hub/src/utils/logger.js","statementMap":{"0":{"start":{"line":1,"column":16},"end":{"line":1,"column":34}},"1":{"start":{"line":3,"column":15},"end":{"line":25,"column":2}},"2":{"start":{"line":28,"column":0},"end":{"line":38,"column":1}},"3":{"start":{"line":29,"column":4},"end":{"line":37,"column":8}},"4":{"start":{"line":33,"column":16},"end":{"line":33,"column":61}},"5":{"start":{"line":40,"column":0},"end":{"line":40,"column":24}}},"fnMap":{"0":{"name":"(anonymous_0)","decl":{"start":{"line":32,"column":34},"end":{"line":32,"column":35}},"loc":{"start":{"line":32,"column":69},"end":{"line":34,"column":13}},"line":32}},"branchMap":{"0":{"loc":{"start":{"line":4,"column":11},"end":{"line":4,"column":67}},"type":"cond-expr","locations":[{"start":{"line":4,"column":51},"end":{"line":4,"column":57}},{"start":{"line":4,"column":60},"end":{"line":4,"column":67}}],"line":4},"1":{"loc":{"start":{"line":28,"column":0},"end":{"line":38,"column":1}},"type":"if","locations":[{"start":{"line":28,"column":0},"end":{"line":38,"column":1}},{"start":{},"end":{}}],"line":28}},"s":{"0":6,"1":6,"2":6,"3":6,"4":12,"5":6},"f":{"0":12},"b":{"0":[0,6],"1":[6,0]},"_coverageSchema":"1a1c01bbd47fc00a2c39e90264f33305004495a9","hash":"fa8593d166449be7c785569ec8ac9dd13dbd7e6c"}
,"/home/scott/repos/code-craft-hub/src/utils/validation.js": {"path":"/home/scott/repos/code-craft-hub/src/utils/validation.js","statementMap":{"0":{"start":{"line":8,"column":28},"end":{"line":8,"column":53}},"1":{"start":{"line":21,"column":21},"end":{"line":24,"column":1}},"2":{"start":{"line":22,"column":23},"end":{"line":22,"column":51}},"3":{"start":{"line":23,"column":4},"end":{"line":23,"column":34}},"4":{"start":{"line":42,"column":24},"end":{"line":45,"column":1}},"5":{"start":{"line":43,"column":26},"end":{"line":43,"column":96}},"6":{"start":{"line":44,"column":4},"end":{"line":44,"column":40}},"7":{"start":{"line":61,"column":24},"end":{"line":64,"column":1}},"8":{"start":{"line":62,"column":26},"end":{"line":62,"column":48}},"9":{"start":{"line":63,"column":4},"end":{"line":63,"column":40}},"10":{"start":{"line":84,"column":29},"end":{"line":111,"column":1}},"11":{"start":{"line":85,"column":19},"end":{"line":85,"column":21}},"12":{"start":{"line":88,"column":4},"end":{"line":90,"column":5}},"13":{"start":{"line":89,"column":8},"end":{"line":89,"column":80}},"14":{"start":{"line":93,"column":4},"end":{"line":95,"column":5}},"15":{"start":{"line":94,"column":8},"end":{"line":94,"column":112}},"16":{"start":{"line":98,"column":4},"end":{"line":100,"column":5}},"17":{"start":{"line":99,"column":8},"end":{"line":99,"column":44}},"18":{"start":{"line":103,"column":4},"end":{"line":105,"column":5}},"19":{"start":{"line":104,"column":8},"end":{"line":104,"column":170}},"20":{"start":{"line":108,"column":4},"end":{"line":110,"column":5}},"21":{"start":{"line":109,"column":8},"end":{"line":109,"column":53}},"22":{"start":{"line":130,"column":22},"end":{"line":140,"column":1}},"23":{"start":{"line":132,"column":4},"end":{"line":134,"column":5}},"24":{"start":{"line":133,"column":8},"end":{"line":133,"column":69}},"25":{"start":{"line":137,"column":4},"end":{"line":139,"column":5}},"26":{"start":{"line":138,"column":8},"end":{"line":138,"column":58}},"27":{"start":{"line":142,"column":0},"end":{"line":148,"column":2}}},"fnMap":{"0":{"name":"(anonymous_0)","decl":{"start":{"line":21,"column":21},"end":{"line":21,"column":22}},"loc":{"start":{"line":21,"column":32},"end":{"line":24,"column":1}},"line":21},"1":{"name":"(anonymous_1)","decl":{"start":{"line":42,"column":24},"end":{"line":42,"column":25}},"loc":{"start":{"line":42,"column":38},"end":{"line":45,"column":1}},"line":42},"2":{"name":"(anonymous_2)","decl":{"start":{"line":61,"column":24},"end":{"line":61,"column":25}},"loc":{"start":{"line":61,"column":38},"end":{"line":64,"column":1}},"line":61},"3":{"name":"(anonymous_3)","decl":{"start":{"line":84,"column":29},"end":{"line":84,"column":30}},"loc":{"start":{"line":84,"column":60},"end":{"line":111,"column":1}},"line":84},"4":{"name":"(anonymous_4)","decl":{"start":{"line":130,"column":22},"end":{"line":130,"column":23}},"loc":{"start":{"line":130,"column":43},"end":{"line":140,"column":1}},"line":130}},"branchMap":{"0":{"loc":{"start":{"line":88,"column":4},"end":{"line":90,"column":5}},"type":"if","locations":[{"start":{"line":88,"column":4},"end":{"line":90,"column":5}},{"start":{},"end":{}}],"line":88},"1":{"loc":{"start":{"line":88,"column":8},"end":{"line":88,"column":40}},"type":"binary-expr","locations":[{"start":{"line":88,"column":8},"end":{"line":88,"column":17}},{"start":{"line":88,"column":21},"end":{"line":88,"column":27}},{"start":{"line":88,"column":31},"end":{"line":88,"column":40}}],"line":88},"2":{"loc":{"start":{"line":93,"column":4},"end":{"line":95,"column":5}},"type":"if","locations":[{"start":{"line":93,"column":4},"end":{"line":95,"column":5}},{"start":{},"end":{}}],"line":93},"3":{"loc":{"start":{"line":98,"column":4},"end":{"line":100,"column":5}},"type":"if","locations":[{"start":{"line":98,"column":4},"end":{"line":100,"column":5}},{"start":{},"end":{}}],"line":98},"4":{"loc":{"start":{"line":103,"column":4},"end":{"line":105,"column":5}},"type":"if","locations":[{"start":{"line":103,"column":4},"end":{"line":105,"column":5}},{"start":{},"end":{}}],"line":103},"5":{"loc":{"start":{"line":108,"column":4},"end":{"line":110,"column":5}},"type":"if","locations":[{"start":{"line":108,"column":4},"end":{"line":110,"column":5}},{"start":{},"end":{}}],"line":108},"6":{"loc":{"start":{"line":132,"column":4},"end":{"line":134,"column":5}},"type":"if","locations":[{"start":{"line":132,"column":4},"end":{"line":134,"column":5}},{"start":{},"end":{}}],"line":132},"7":{"loc":{"start":{"line":132,"column":8},"end":{"line":132,"column":27}},"type":"binary-expr","locations":[{"start":{"line":132,"column":8},"end":{"line":132,"column":14}},{"start":{"line":132,"column":18},"end":{"line":132,"column":27}}],"line":132},"8":{"loc":{"start":{"line":137,"column":4},"end":{"line":139,"column":5}},"type":"if","locations":[{"start":{"line":137,"column":4},"end":{"line":139,"column":5}},{"start":{},"end":{}}],"line":137}},"s":{"0":3,"1":3,"2":34,"3":34,"4":3,"5":24,"6":24,"7":3,"8":22,"9":22,"10":3,"11":16,"12":16,"13":3,"14":13,"15":3,"16":13,"17":2,"18":13,"19":2,"20":13,"21":5,"22":3,"23":15,"24":2,"25":13,"26":1,"27":3},"f":{"0":34,"1":24,"2":22,"3":16,"4":15},"b":{"0":[3,13],"1":[16,15,14],"2":[3,10],"3":[2,11],"4":[2,11],"5":[5,8],"6":[2,13],"7":[15,14],"8":[1,12]},"_coverageSchema":"1a1c01bbd47fc00a2c39e90264f33305004495a9","hash":"3792c8ee4055021aa40d6d0bd734158e840001cd"}
}
