TN:
SF:src/config/db.js
FN:2,(anonymous_0)
FNF:1
FNH:1
FNDA:1,(anonymous_0)
DA:1,1
DA:2,1
DA:3,1
DA:4,1
DA:5,1
DA:7,0
DA:8,0
DA:12,1
LF:8
LH:6
BRF:0
BRH:0
end_of_record
TN:
SF:src/config/server.js
FN:20,(anonymous_0)
FN:34,(anonymous_1)
FN:37,(anonymous_2)
FN:60,(anonymous_3)
FN:77,(anonymous_4)
FN:98,(anonymous_5)
FN:104,(anonymous_6)
FN:107,(anonymous_7)
FN:116,(anonymous_8)
FN:125,(anonymous_9)
FNF:10
FNH:5
FNDA:16,(anonymous_0)
FNDA:12,(anonymous_1)
FNDA:5,(anonymous_2)
FNDA:0,(anonymous_3)
FNDA:16,(anonymous_4)
FNDA:0,(anonymous_5)
FNDA:16,(anonymous_6)
FNDA:0,(anonymous_7)
FNDA:0,(anonymous_8)
FNDA:0,(anonymous_9)
DA:1,1
DA:2,1
DA:3,1
DA:4,1
DA:5,1
DA:6,1
DA:7,1
DA:8,1
DA:11,1
DA:20,16
DA:24,1
DA:34,12
DA:37,1
DA:38,5
DA:41,5
DA:56,5
DA:58,0
DA:60,0
DA:65,5
DA:69,5
DA:72,5
DA:76,5
DA:79,16
DA:81,0
DA:82,0
DA:84,0
DA:93,5
DA:96,5
DA:99,0
DA:104,5
DA:106,16
DA:107,0
DA:108,0
DA:109,0
DA:115,16
DA:116,16
DA:117,0
DA:118,0
DA:124,16
DA:125,16
DA:126,0
DA:127,0
DA:132,16
DA:136,5
DA:137,5
DA:139,5
DA:142,1
DA:143,1
LF:48
LH:35
BRDA:56,0,0,0
BRDA:56,0,1,5
BRDA:72,1,0,0
BRDA:72,1,1,5
BRDA:79,2,0,16
BRDA:79,2,1,0
BRDA:81,3,0,0
BRDA:81,3,1,0
BRDA:106,4,0,0
BRDA:106,4,1,16
BRDA:108,5,0,0
BRDA:108,5,1,0
BRDA:115,6,0,16
BRDA:115,6,1,0
BRDA:117,7,0,0
BRDA:117,7,1,0
BRDA:124,8,0,16
BRDA:124,8,1,0
BRDA:126,9,0,0
BRDA:126,9,1,0
BRF:20
BRH:6
end_of_record
TN:
SF:src/controllers/userController.js
FN:10,(anonymous_0)
FN:19,(anonymous_1)
FN:36,(anonymous_2)
FN:41,(anonymous_3)
FN:81,(anonymous_4)
FN:130,(anonymous_5)
FN:147,(anonymous_6)
FN:164,(anonymous_7)
FN:196,(anonymous_8)
FN:237,(anonymous_9)
FN:276,(anonymous_10)
FN:313,(anonymous_11)
FN:362,(anonymous_12)
FN:397,(anonymous_13)
FN:453,(anonymous_14)
FN:489,(anonymous_15)
FN:502,(anonymous_16)
FN:520,(anonymous_17)
FN:562,(anonymous_18)
FN:606,(anonymous_19)
FN:637,(anonymous_20)
FN:672,(anonymous_21)
FN:703,(anonymous_22)
FN:738,(anonymous_23)
FN:769,(anonymous_24)
FN:804,(anonymous_25)
FN:848,(anonymous_26)
FNF:27
FNH:11
FNDA:6,(anonymous_0)
FNDA:6,(anonymous_1)
FNDA:6,(anonymous_2)
FNDA:8,(anonymous_3)
FNDA:11,(anonymous_4)
FNDA:4,(anonymous_5)
FNDA:2,(anonymous_6)
FNDA:2,(anonymous_7)
FNDA:3,(anonymous_8)
FNDA:5,(anonymous_9)
FNDA:4,(anonymous_10)
FNDA:0,(anonymous_11)
FNDA:0,(anonymous_12)
FNDA:0,(anonymous_13)
FNDA:0,(anonymous_14)
FNDA:0,(anonymous_15)
FNDA:0,(anonymous_16)
FNDA:0,(anonymous_17)
FNDA:0,(anonymous_18)
FNDA:0,(anonymous_19)
FNDA:0,(anonymous_20)
FNDA:0,(anonymous_21)
FNDA:0,(anonymous_22)
FNDA:0,(anonymous_23)
FNDA:0,(anonymous_24)
FNDA:0,(anonymous_25)
FNDA:0,(anonymous_26)
DA:1,2
DA:2,2
DA:3,2
DA:4,2
DA:5,2
DA:6,2
DA:7,2
DA:10,2
DA:11,6
DA:19,2
DA:21,6
DA:22,6
DA:24,6
DA:31,6
DA:32,6
DA:36,2
DA:37,6
DA:41,2
DA:42,8
DA:43,8
DA:46,8
DA:49,7
DA:52,7
DA:53,7
DA:56,7
DA:57,7
DA:60,1
DA:63,7
DA:76,1
DA:81,2
DA:82,11
DA:83,11
DA:86,11
DA:89,11
DA:92,11
DA:94,11
DA:95,3
DA:99,8
DA:100,2
DA:104,6
DA:105,6
DA:107,6
DA:125,5
DA:130,2
DA:131,4
DA:132,4
DA:133,4
DA:134,1
DA:137,3
DA:142,1
DA:147,2
DA:148,2
DA:149,2
DA:150,2
DA:151,1
DA:154,1
DA:159,1
DA:164,2
DA:165,2
DA:166,2
DA:167,2
DA:168,2
DA:170,2
DA:176,2
DA:178,2
DA:191,0
DA:196,2
DA:197,3
DA:198,3
DA:199,3
DA:202,3
DA:203,1
DA:206,2
DA:207,2
DA:208,2
DA:211,2
DA:212,2
DA:213,1
DA:216,1
DA:222,1
DA:223,0
DA:226,1
DA:232,2
DA:237,2
DA:238,5
DA:239,5
DA:241,5
DA:242,1
DA:245,4
DA:246,4
DA:247,0
DA:251,4
DA:252,4
DA:253,1
DA:257,3
DA:258,3
DA:259,1
DA:263,2
DA:264,2
DA:266,2
DA:271,3
DA:276,2
DA:277,4
DA:278,4
DA:281,4
DA:282,1
DA:285,3
DA:286,3
DA:287,0
DA:290,3
DA:291,1
DA:295,2
DA:298,2
DA:303,2
DA:308,2
DA:313,2
DA:314,0
DA:315,0
DA:317,0
DA:318,0
DA:322,0
DA:325,0
DA:330,0
DA:331,0
DA:335,0
DA:336,0
DA:337,0
DA:338,0
DA:341,0
DA:342,0
DA:344,0
DA:347,0
DA:357,0
DA:362,2
DA:363,0
DA:364,0
DA:366,0
DA:367,0
DA:370,0
DA:372,0
DA:373,0
DA:376,0
DA:377,0
DA:381,0
DA:382,0
DA:385,0
DA:387,0
DA:392,0
DA:397,2
DA:398,0
DA:399,0
DA:401,0
DA:402,0
DA:406,0
DA:408,0
DA:409,0
DA:413,0
DA:414,0
DA:418,0
DA:419,0
DA:422,0
DA:424,0
DA:425,0
DA:429,0
DA:432,0
DA:433,0
DA:436,0
DA:437,0
DA:439,0
DA:448,0
DA:453,2
DA:454,0
DA:455,0
DA:457,0
DA:458,0
DA:462,0
DA:464,0
DA:465,0
DA:468,0
DA:469,0
DA:476,0
DA:477,0
DA:479,0
DA:484,0
DA:489,2
DA:490,0
DA:491,0
DA:492,0
DA:495,0
DA:502,0
DA:503,0
DA:504,0
DA:507,0
DA:515,0
DA:520,2
DA:521,0
DA:522,0
DA:523,0
DA:526,0
DA:527,0
DA:528,0
DA:532,0
DA:533,0
DA:534,0
DA:538,0
DA:539,0
DA:542,0
DA:543,0
DA:544,0
DA:546,0
DA:557,0
DA:562,2
DA:563,0
DA:564,0
DA:565,0
DA:566,0
DA:569,0
DA:570,0
DA:571,0
DA:575,0
DA:576,0
DA:577,0
DA:580,0
DA:586,0
DA:588,0
DA:601,0
DA:606,2
DA:607,0
DA:608,0
DA:610,0
DA:611,0
DA:612,0
DA:615,0
DA:616,0
DA:619,0
DA:621,0
DA:632,0
DA:637,2
DA:638,0
DA:639,0
DA:641,0
DA:642,0
DA:643,0
DA:647,0
DA:648,0
DA:652,0
DA:653,0
DA:657,0
DA:660,0
DA:662,0
DA:667,0
DA:672,2
DA:673,0
DA:674,0
DA:676,0
DA:677,0
DA:678,0
DA:681,0
DA:682,0
DA:685,0
DA:687,0
DA:698,0
DA:703,2
DA:704,0
DA:705,0
DA:707,0
DA:708,0
DA:709,0
DA:713,0
DA:714,0
DA:718,0
DA:719,0
DA:723,0
DA:726,0
DA:728,0
DA:733,0
DA:738,2
DA:739,0
DA:740,0
DA:742,0
DA:743,0
DA:744,0
DA:747,0
DA:748,0
DA:751,0
DA:753,0
DA:764,0
DA:769,2
DA:770,0
DA:771,0
DA:773,0
DA:774,0
DA:775,0
DA:779,0
DA:780,0
DA:784,0
DA:785,0
DA:789,0
DA:792,0
DA:794,0
DA:799,0
DA:804,2
DA:805,0
DA:806,0
DA:808,0
DA:809,0
DA:813,0
DA:816,0
DA:817,0
DA:824,0
DA:825,0
DA:828,0
DA:829,0
DA:832,0
DA:833,0
DA:834,0
DA:835,0
DA:838,0
DA:843,0
DA:848,2
DA:849,0
DA:850,0
DA:851,0
DA:853,0
DA:854,0
DA:857,0
DA:858,0
DA:862,0
DA:863,0
DA:864,0
DA:868,0
DA:871,0
DA:876,0
DA:877,0
DA:881,0
DA:882,0
DA:883,0
DA:884,0
DA:887,0
DA:892,0
DA:897,0
LF:341
LH:126
BRDA:13,0,0,6
BRDA:13,0,1,0
BRDA:37,1,0,6
BRDA:37,1,1,0
BRDA:37,1,2,0
BRDA:92,2,0,10
BRDA:92,2,1,1
BRDA:94,3,0,3
BRDA:94,3,1,8
BRDA:94,4,0,11
BRDA:94,4,1,10
BRDA:99,5,0,2
BRDA:99,5,1,6
BRDA:133,6,0,1
BRDA:133,6,1,3
BRDA:150,7,0,1
BRDA:150,7,1,1
BRDA:166,8,0,2
BRDA:166,8,1,1
BRDA:167,9,0,2
BRDA:167,9,1,1
BRDA:202,10,0,1
BRDA:202,10,1,2
BRDA:207,11,0,2
BRDA:207,11,1,0
BRDA:208,12,0,1
BRDA:208,12,1,1
BRDA:212,13,0,1
BRDA:212,13,1,1
BRDA:222,14,0,0
BRDA:222,14,1,1
BRDA:241,15,0,1
BRDA:241,15,1,4
BRDA:241,16,0,5
BRDA:241,16,1,4
BRDA:246,17,0,0
BRDA:246,17,1,4
BRDA:252,18,0,1
BRDA:252,18,1,3
BRDA:258,19,0,1
BRDA:258,19,1,2
BRDA:281,20,0,1
BRDA:281,20,1,3
BRDA:286,21,0,0
BRDA:286,21,1,3
BRDA:290,22,0,1
BRDA:290,22,1,2
BRDA:317,23,0,0
BRDA:317,23,1,0
BRDA:330,24,0,0
BRDA:330,24,1,0
BRDA:366,25,0,0
BRDA:366,25,1,0
BRDA:372,26,0,0
BRDA:372,26,1,0
BRDA:376,27,0,0
BRDA:376,27,1,0
BRDA:401,28,0,0
BRDA:401,28,1,0
BRDA:408,29,0,0
BRDA:408,29,1,0
BRDA:413,30,0,0
BRDA:413,30,1,0
BRDA:418,31,0,0
BRDA:418,31,1,0
BRDA:424,32,0,0
BRDA:424,32,1,0
BRDA:457,33,0,0
BRDA:457,33,1,0
BRDA:464,34,0,0
BRDA:464,34,1,0
BRDA:468,35,0,0
BRDA:468,35,1,0
BRDA:527,36,0,0
BRDA:527,36,1,0
BRDA:527,37,0,0
BRDA:527,37,1,0
BRDA:533,38,0,0
BRDA:533,38,1,0
BRDA:538,39,0,0
BRDA:538,39,1,0
BRDA:538,40,0,0
BRDA:538,40,1,0
BRDA:538,40,2,0
BRDA:564,41,0,0
BRDA:564,41,1,0
BRDA:565,42,0,0
BRDA:565,42,1,0
BRDA:570,43,0,0
BRDA:570,43,1,0
BRDA:576,44,0,0
BRDA:576,44,1,0
BRDA:611,45,0,0
BRDA:611,45,1,0
BRDA:615,46,0,0
BRDA:615,46,1,0
BRDA:642,47,0,0
BRDA:642,47,1,0
BRDA:647,48,0,0
BRDA:647,48,1,0
BRDA:652,49,0,0
BRDA:652,49,1,0
BRDA:677,50,0,0
BRDA:677,50,1,0
BRDA:681,51,0,0
BRDA:681,51,1,0
BRDA:708,52,0,0
BRDA:708,52,1,0
BRDA:713,53,0,0
BRDA:713,53,1,0
BRDA:718,54,0,0
BRDA:718,54,1,0
BRDA:743,55,0,0
BRDA:743,55,1,0
BRDA:747,56,0,0
BRDA:747,56,1,0
BRDA:774,57,0,0
BRDA:774,57,1,0
BRDA:779,58,0,0
BRDA:779,58,1,0
BRDA:784,59,0,0
BRDA:784,59,1,0
BRDA:808,60,0,0
BRDA:808,60,1,0
BRDA:816,61,0,0
BRDA:816,61,1,0
BRDA:816,62,0,0
BRDA:816,62,1,0
BRDA:853,63,0,0
BRDA:853,63,1,0
BRDA:857,64,0,0
BRDA:857,64,1,0
BRDA:863,65,0,0
BRDA:863,65,1,0
BRDA:876,66,0,0
BRDA:876,66,1,0
BRF:136
BRH:40
end_of_record
TN:
SF:src/middleware/authMiddleware.js
FN:4,(anonymous_0)
FNF:1
FNH:1
FNDA:10,(anonymous_0)
DA:1,2
DA:2,2
DA:4,2
DA:5,10
DA:6,10
DA:8,10
DA:9,1
DA:15,9
DA:16,9
DA:17,1
DA:23,8
DA:24,6
DA:25,6
DA:27,2
DA:28,1
DA:33,1
DA:40,2
LF:17
LH:17
BRDA:8,0,0,1
BRDA:8,0,1,9
BRDA:16,1,0,1
BRDA:16,1,1,8
BRDA:23,2,0,8
BRDA:23,2,1,0
BRDA:27,3,0,1
BRDA:27,3,1,1
BRF:8
BRH:7
end_of_record
TN:
SF:src/middleware/authorize.js
FN:7,(anonymous_0)
FN:8,(anonymous_1)
FNF:2
FNH:2
FNDA:12,(anonymous_0)
FNDA:7,(anonymous_1)
DA:7,2
DA:8,12
DA:10,7
DA:11,1
DA:18,6
DA:19,3
DA:25,3
DA:29,2
LF:8
LH:8
BRDA:10,0,0,1
BRDA:10,0,1,6
BRDA:18,1,0,3
BRDA:18,1,1,3
BRF:4
BRH:4
end_of_record
TN:
SF:src/middleware/validateObjectId.js
FN:8,(anonymous_0)
FN:9,(anonymous_1)
FNF:2
FNH:2
FNDA:17,(anonymous_0)
FNDA:11,(anonymous_1)
DA:1,2
DA:2,2
DA:8,2
DA:9,17
DA:10,11
DA:12,11
DA:13,4
DA:16,7
DA:17,3
DA:20,4
DA:24,2
LF:11
LH:11
BRDA:8,0,0,7
BRDA:12,1,0,4
BRDA:12,1,1,7
BRDA:16,2,0,3
BRDA:16,2,1,4
BRF:5
BRH:5
end_of_record
TN:
SF:src/models/refreshTokenModel.js
FN:39,(anonymous_0)
FN:44,(anonymous_1)
FN:49,(anonymous_2)
FNF:3
FNH:0
FNDA:0,(anonymous_0)
FNDA:0,(anonymous_1)
FNDA:0,(anonymous_2)
DA:1,2
DA:3,2
DA:35,2
DA:36,2
DA:39,2
DA:40,0
DA:44,2
DA:45,0
DA:49,2
DA:50,0
DA:51,0
DA:52,0
DA:53,0
DA:57,2
DA:58,2
LF:15
LH:9
BRDA:45,0,0,0
BRDA:45,0,1,0
BRDA:52,1,0,0
BRDA:52,1,1,0
BRF:4
BRH:0
end_of_record
TN:
SF:src/models/userModel.js
FN:53,(anonymous_0)
FN:58,(anonymous_1)
FN:63,(anonymous_2)
FN:68,(anonymous_3)
FN:74,(anonymous_4)
FN:80,(anonymous_5)
FN:88,(anonymous_6)
FN:93,(anonymous_7)
FN:101,(anonymous_8)
FNF:9
FNH:4
FNDA:0,(anonymous_0)
FNDA:0,(anonymous_1)
FNDA:0,(anonymous_2)
FNDA:1,(anonymous_3)
FNDA:0,(anonymous_4)
FNDA:11,(anonymous_5)
FNDA:10,(anonymous_6)
FNDA:5,(anonymous_7)
FNDA:0,(anonymous_8)
DA:1,3
DA:2,3
DA:3,3
DA:5,3
DA:53,3
DA:54,0
DA:58,3
DA:59,0
DA:63,3
DA:64,0
DA:68,3
DA:69,1
DA:70,1
DA:74,3
DA:75,0
DA:76,0
DA:80,3
DA:81,11
DA:82,6
DA:84,11
DA:88,3
DA:89,10
DA:93,3
DA:94,5
DA:95,5
DA:96,5
DA:97,5
DA:101,3
DA:102,0
DA:103,0
DA:104,0
DA:105,0
DA:108,3
DA:109,3
LF:34
LH:25
BRDA:81,0,0,6
BRDA:81,0,1,5
BRF:2
BRH:2
end_of_record
TN:
SF:src/routes/userRoutes.js
FNF:0
FNH:0
DA:1,1
DA:22,1
DA:23,1
DA:24,1
DA:25,1
DA:26,1
DA:28,1
DA:70,1
DA:122,1
DA:148,1
DA:172,1
DA:194,1
DA:221,1
DA:248,1
DA:263,1
DA:290,1
DA:312,1
DA:343,1
DA:371,1
DA:391,1
DA:423,1
DA:458,1
DA:481,1
DA:506,1
DA:533,1
DA:561,1
DA:598,1
DA:600,1
DA:602,1
LF:29
LH:29
BRF:0
BRH:0
end_of_record
TN:
SF:src/tests/integration/setup.js
FN:7,(anonymous_0)
FN:18,(anonymous_1)
FN:29,(anonymous_2)
FNF:3
FNH:3
FNDA:1,(anonymous_0)
FNDA:5,(anonymous_1)
FNDA:1,(anonymous_2)
DA:1,1
DA:2,1
DA:7,1
DA:8,1
DA:9,1
DA:10,1
DA:11,1
DA:12,1
DA:13,1
DA:14,1
DA:18,1
DA:19,5
DA:20,5
DA:21,5
DA:22,5
DA:23,10
DA:29,1
DA:30,1
DA:31,1
LF:19
LH:19
BRDA:31,0,0,1
BRDA:31,0,1,0
BRF:2
BRH:1
end_of_record
TN:
SF:src/utils/email.js
FN:5,(anonymous_0)
FN:24,(anonymous_1)
FN:78,(anonymous_2)
FN:118,(anonymous_3)
FNF:4
FNH:2
FNDA:5,(anonymous_0)
FNDA:5,(anonymous_1)
FNDA:0,(anonymous_2)
FNDA:0,(anonymous_3)
DA:1,2
DA:2,2
DA:5,2
DA:7,5
DA:8,5
DA:9,5
DA:12,0
DA:24,2
DA:25,5
DA:27,5
DA:29,5
DA:53,5
DA:55,5
DA:60,5
DA:61,5
DA:62,5
DA:63,5
DA:64,5
DA:67,0
DA:68,0
DA:69,0
DA:70,0
DA:72,0
DA:73,0
DA:78,2
DA:79,0
DA:81,0
DA:98,0
DA:99,0
DA:103,0
DA:106,0
DA:107,0
DA:108,0
DA:109,0
DA:111,0
DA:113,0
DA:118,2
DA:119,0
DA:121,0
DA:123,0
DA:147,0
DA:149,0
DA:154,0
DA:155,0
DA:156,0
DA:157,0
DA:158,0
DA:161,0
DA:162,0
DA:163,0
DA:164,0
DA:166,0
DA:167,0
DA:171,2
LF:54
LH:20
BRDA:7,0,0,5
BRDA:7,0,1,0
BRDA:7,1,0,5
BRDA:7,1,1,0
BRDA:7,1,2,0
BRDA:14,2,0,0
BRDA:14,2,1,0
BRDA:30,3,0,5
BRDA:30,3,1,5
BRDA:53,4,0,5
BRDA:53,4,1,0
BRDA:82,5,0,0
BRDA:82,5,1,0
BRDA:98,6,0,0
BRDA:98,6,1,0
BRDA:124,7,0,0
BRDA:124,7,1,0
BRDA:147,8,0,0
BRDA:147,8,1,0
BRF:19
BRH:5
end_of_record
TN:
SF:src/utils/errorHandler.js
FN:5,(anonymous_0)
FN:14,(anonymous_1)
FN:21,(anonymous_2)
FN:28,(anonymous_3)
FN:35,(anonymous_4)
FN:42,(anonymous_5)
FN:64,(anonymous_6)
FNF:7
FNH:5
FNDA:32,(anonymous_0)
FNDA:21,(anonymous_1)
FNDA:8,(anonymous_2)
FNDA:3,(anonymous_3)
FNDA:0,(anonymous_4)
FNDA:2,(anonymous_5)
FNDA:0,(anonymous_6)
DA:1,5
DA:6,32
DA:7,32
DA:8,32
DA:9,32
DA:15,21
DA:16,21
DA:22,8
DA:23,8
DA:29,3
DA:30,3
DA:36,0
DA:37,0
DA:42,5
DA:44,2
DA:53,2
DA:54,0
DA:55,0
DA:56,0
DA:63,2
DA:64,0
DA:65,0
DA:73,2
DA:74,0
DA:80,2
DA:81,0
DA:88,2
DA:89,2
DA:96,0
DA:104,5
DA:105,5
DA:106,5
DA:107,5
DA:108,5
DA:109,5
LF:35
LH:25
BRDA:21,0,0,0
BRDA:28,1,0,0
BRDA:53,2,0,0
BRDA:53,2,1,2
BRDA:63,3,0,0
BRDA:63,3,1,2
BRDA:63,4,0,2
BRDA:63,4,1,0
BRDA:73,5,0,0
BRDA:73,5,1,2
BRDA:80,6,0,0
BRDA:80,6,1,2
BRDA:88,7,0,2
BRDA:88,7,1,0
BRDA:98,8,0,0
BRDA:98,8,1,0
BRF:16
BRH:6
end_of_record
TN:
SF:src/utils/logger.js
FN:32,(anonymous_0)
FNF:1
FNH:1
FNDA:12,(anonymous_0)
DA:1,6
DA:3,6
DA:28,6
DA:29,6
DA:33,12
DA:40,6
LF:6
LH:6
BRDA:4,0,0,0
BRDA:4,0,1,6
BRDA:28,1,0,6
BRDA:28,1,1,0
BRF:4
BRH:2
end_of_record
TN:
SF:src/utils/validation.js
FN:4,(anonymous_0)
FN:10,(anonymous_1)
FN:16,(anonymous_2)
FN:22,(anonymous_3)
FN:47,(anonymous_4)
FNF:5
FNH:5
FNDA:34,(anonymous_0)
FNDA:24,(anonymous_1)
FNDA:22,(anonymous_2)
FNDA:16,(anonymous_3)
FNDA:15,(anonymous_4)
DA:1,3
DA:4,3
DA:5,34
DA:6,34
DA:10,3
DA:11,24
DA:12,24
DA:16,3
DA:17,22
DA:18,22
DA:22,3
DA:23,16
DA:25,16
DA:26,3
DA:29,13
DA:30,3
DA:33,13
DA:34,2
DA:37,13
DA:38,2
DA:41,13
DA:42,5
DA:47,3
DA:48,15
DA:49,2
DA:52,13
DA:53,1
DA:57,3
LF:28
LH:28
BRDA:25,0,0,3
BRDA:25,0,1,13
BRDA:25,1,0,16
BRDA:25,1,1,15
BRDA:25,1,2,14
BRDA:29,2,0,3
BRDA:29,2,1,10
BRDA:33,3,0,2
BRDA:33,3,1,11
BRDA:37,4,0,2
BRDA:37,4,1,11
BRDA:41,5,0,5
BRDA:41,5,1,8
BRDA:48,6,0,2
BRDA:48,6,1,13
BRDA:48,7,0,15
BRDA:48,7,1,14
BRDA:52,8,0,1
BRDA:52,8,1,12
BRF:19
BRH:19
end_of_record
