TN:
SF:src/config/db.js
FN:25,(anonymous_0)
FNF:1
FNH:1
FNDA:1,(anonymous_0)
DA:8,1
DA:25,1
DA:26,1
DA:27,1
DA:28,1
DA:29,0
DA:32,1
DA:33,1
DA:34,0
DA:37,0
DA:38,0
DA:40,0
DA:42,0
DA:46,1
LF:14
LH:8
BRDA:27,0,0,1
BRDA:27,0,1,1
BRDA:28,1,0,0
BRDA:28,1,1,1
BRDA:33,2,0,0
BRDA:33,2,1,1
BRDA:38,3,0,0
BRDA:38,3,1,0
BRF:8
BRH:4
end_of_record
TN:
SF:src/config/server.js
FN:41,(anonymous_0)
FN:65,(anonymous_1)
FN:87,(anonymous_2)
FN:123,(anonymous_3)
FN:149,(anonymous_4)
FN:175,(anonymous_5)
FN:186,(anonymous_6)
FN:189,(anonymous_7)
FN:198,(anonymous_8)
FN:207,(anonymous_9)
FNF:10
FNH:5
FNDA:16,(anonymous_0)
FNDA:12,(anonymous_1)
FNDA:5,(anonymous_2)
FNDA:0,(anonymous_3)
FNDA:16,(anonymous_4)
FNDA:0,(anonymous_5)
FNDA:16,(anonymous_6)
FNDA:0,(anonymous_7)
FNDA:0,(anonymous_8)
FNDA:0,(anonymous_9)
DA:13,1
DA:14,1
DA:15,1
DA:16,1
DA:17,1
DA:18,1
DA:19,1
DA:20,1
DA:32,1
DA:41,16
DA:55,1
DA:65,12
DA:87,1
DA:88,5
DA:99,5
DA:119,5
DA:121,0
DA:123,0
DA:128,5
DA:135,5
DA:144,5
DA:148,5
DA:151,16
DA:153,0
DA:154,0
DA:156,0
DA:165,5
DA:173,5
DA:176,0
DA:186,5
DA:188,16
DA:189,0
DA:190,0
DA:191,0
DA:197,16
DA:198,16
DA:199,0
DA:200,0
DA:206,16
DA:207,16
DA:208,0
DA:209,0
DA:214,16
DA:224,5
DA:225,5
DA:227,5
DA:230,1
DA:231,1
LF:48
LH:35
BRDA:119,0,0,0
BRDA:119,0,1,5
BRDA:144,1,0,0
BRDA:144,1,1,5
BRDA:151,2,0,16
BRDA:151,2,1,0
BRDA:153,3,0,0
BRDA:153,3,1,0
BRDA:188,4,0,0
BRDA:188,4,1,16
BRDA:190,5,0,0
BRDA:190,5,1,0
BRDA:197,6,0,16
BRDA:197,6,1,0
BRDA:199,7,0,0
BRDA:199,7,1,0
BRDA:206,8,0,16
BRDA:206,8,1,0
BRDA:208,9,0,0
BRDA:208,9,1,0
BRF:20
BRH:6
end_of_record
TN:
SF:src/controllers/userController.js
FN:35,(anonymous_0)
FN:55,(anonymous_1)
FN:79,(anonymous_2)
FN:115,(anonymous_3)
FN:189,(anonymous_4)
FN:241,(anonymous_5)
FN:258,(anonymous_6)
FN:275,(anonymous_7)
FN:307,(anonymous_8)
FN:348,(anonymous_9)
FN:387,(anonymous_10)
FN:424,(anonymous_11)
FN:473,(anonymous_12)
FN:508,(anonymous_13)
FN:564,(anonymous_14)
FN:600,(anonymous_15)
FN:613,(anonymous_16)
FN:631,(anonymous_17)
FN:673,(anonymous_18)
FN:717,(anonymous_19)
FN:748,(anonymous_20)
FN:800,(anonymous_21)
FN:866,(anonymous_22)
FNF:23
FNH:11
FNDA:6,(anonymous_0)
FNDA:6,(anonymous_1)
FNDA:6,(anonymous_2)
FNDA:8,(anonymous_3)
FNDA:11,(anonymous_4)
FNDA:4,(anonymous_5)
FNDA:2,(anonymous_6)
FNDA:2,(anonymous_7)
FNDA:3,(anonymous_8)
FNDA:5,(anonymous_9)
FNDA:4,(anonymous_10)
FNDA:0,(anonymous_11)
FNDA:0,(anonymous_12)
FNDA:0,(anonymous_13)
FNDA:0,(anonymous_14)
FNDA:0,(anonymous_15)
FNDA:0,(anonymous_16)
FNDA:0,(anonymous_17)
FNDA:0,(anonymous_18)
FNDA:0,(anonymous_19)
FNDA:0,(anonymous_20)
FNDA:0,(anonymous_21)
FNDA:0,(anonymous_22)
DA:14,2
DA:15,2
DA:16,2
DA:17,2
DA:18,2
DA:19,2
DA:20,2
DA:35,2
DA:36,6
DA:55,2
DA:57,6
DA:58,6
DA:60,6
DA:67,6
DA:68,6
DA:79,2
DA:80,6
DA:115,2
DA:116,8
DA:117,8
DA:120,8
DA:123,7
DA:126,7
DA:127,7
DA:130,7
DA:131,7
DA:134,1
DA:137,7
DA:150,1
DA:189,2
DA:190,11
DA:191,11
DA:194,11
DA:197,11
DA:198,11
DA:199,1
DA:203,10
DA:204,3
DA:208,7
DA:209,7
DA:210,1
DA:214,6
DA:215,6
DA:216,6
DA:218,6
DA:236,5
DA:241,2
DA:242,4
DA:243,4
DA:244,4
DA:245,1
DA:248,3
DA:253,1
DA:258,2
DA:259,2
DA:260,2
DA:261,2
DA:262,1
DA:265,1
DA:270,1
DA:275,2
DA:276,2
DA:277,2
DA:278,2
DA:279,2
DA:281,2
DA:287,2
DA:289,2
DA:302,0
DA:307,2
DA:308,3
DA:309,3
DA:310,3
DA:313,3
DA:314,1
DA:317,2
DA:318,2
DA:319,2
DA:322,2
DA:323,2
DA:324,1
DA:327,1
DA:333,1
DA:334,0
DA:337,1
DA:343,2
DA:348,2
DA:349,5
DA:350,5
DA:352,5
DA:353,1
DA:356,4
DA:357,4
DA:358,0
DA:362,4
DA:363,4
DA:364,1
DA:368,3
DA:369,3
DA:370,1
DA:374,2
DA:375,2
DA:377,2
DA:382,3
DA:387,2
DA:388,4
DA:389,4
DA:392,4
DA:393,1
DA:396,3
DA:397,3
DA:398,0
DA:401,3
DA:402,1
DA:406,2
DA:409,2
DA:414,2
DA:419,2
DA:424,2
DA:425,0
DA:426,0
DA:428,0
DA:429,0
DA:433,0
DA:436,0
DA:441,0
DA:442,0
DA:446,0
DA:447,0
DA:448,0
DA:449,0
DA:452,0
DA:453,0
DA:455,0
DA:458,0
DA:468,0
DA:473,2
DA:474,0
DA:475,0
DA:477,0
DA:478,0
DA:481,0
DA:483,0
DA:484,0
DA:487,0
DA:488,0
DA:492,0
DA:493,0
DA:496,0
DA:498,0
DA:503,0
DA:508,2
DA:509,0
DA:510,0
DA:512,0
DA:513,0
DA:517,0
DA:519,0
DA:520,0
DA:524,0
DA:525,0
DA:529,0
DA:530,0
DA:533,0
DA:535,0
DA:536,0
DA:540,0
DA:543,0
DA:544,0
DA:547,0
DA:548,0
DA:550,0
DA:559,0
DA:564,2
DA:565,0
DA:566,0
DA:568,0
DA:569,0
DA:573,0
DA:575,0
DA:576,0
DA:579,0
DA:580,0
DA:587,0
DA:588,0
DA:590,0
DA:595,0
DA:600,2
DA:601,0
DA:602,0
DA:603,0
DA:606,0
DA:613,0
DA:614,0
DA:615,0
DA:618,0
DA:626,0
DA:631,2
DA:632,0
DA:633,0
DA:634,0
DA:637,0
DA:638,0
DA:639,0
DA:643,0
DA:644,0
DA:645,0
DA:649,0
DA:650,0
DA:653,0
DA:654,0
DA:655,0
DA:657,0
DA:668,0
DA:673,2
DA:674,0
DA:675,0
DA:676,0
DA:677,0
DA:680,0
DA:681,0
DA:682,0
DA:686,0
DA:687,0
DA:688,0
DA:691,0
DA:697,0
DA:699,0
DA:712,0
DA:717,2
DA:718,0
DA:719,0
DA:721,0
DA:722,0
DA:723,0
DA:726,0
DA:727,0
DA:730,0
DA:732,0
DA:743,0
DA:748,2
DA:749,0
DA:750,0
DA:752,0
DA:753,0
DA:754,0
DA:758,0
DA:759,0
DA:763,0
DA:764,0
DA:768,0
DA:771,0
DA:773,0
DA:778,0
DA:800,2
DA:801,0
DA:802,0
DA:804,0
DA:805,0
DA:809,0
DA:812,0
DA:813,0
DA:820,0
DA:821,0
DA:824,0
DA:825,0
DA:828,0
DA:829,0
DA:830,0
DA:831,0
DA:834,0
DA:839,0
DA:866,2
DA:867,0
DA:868,0
DA:869,0
DA:871,0
DA:872,0
DA:875,0
DA:876,0
DA:880,0
DA:881,0
DA:882,0
DA:886,0
DA:889,0
DA:894,0
DA:895,0
DA:899,0
DA:900,0
DA:901,0
DA:902,0
DA:905,0
DA:910,0
DA:915,0
LF:294
LH:125
BRDA:38,0,0,6
BRDA:38,0,1,0
BRDA:80,1,0,6
BRDA:80,1,1,0
BRDA:80,1,2,0
BRDA:198,2,0,1
BRDA:198,2,1,10
BRDA:203,3,0,3
BRDA:203,3,1,7
BRDA:209,4,0,1
BRDA:209,4,1,6
BRDA:244,5,0,1
BRDA:244,5,1,3
BRDA:261,6,0,1
BRDA:261,6,1,1
BRDA:277,7,0,2
BRDA:277,7,1,1
BRDA:278,8,0,2
BRDA:278,8,1,1
BRDA:313,9,0,1
BRDA:313,9,1,2
BRDA:318,10,0,2
BRDA:318,10,1,0
BRDA:319,11,0,1
BRDA:319,11,1,1
BRDA:323,12,0,1
BRDA:323,12,1,1
BRDA:333,13,0,0
BRDA:333,13,1,1
BRDA:352,14,0,1
BRDA:352,14,1,4
BRDA:352,15,0,5
BRDA:352,15,1,4
BRDA:357,16,0,0
BRDA:357,16,1,4
BRDA:363,17,0,1
BRDA:363,17,1,3
BRDA:369,18,0,1
BRDA:369,18,1,2
BRDA:392,19,0,1
BRDA:392,19,1,3
BRDA:397,20,0,0
BRDA:397,20,1,3
BRDA:401,21,0,1
BRDA:401,21,1,2
BRDA:428,22,0,0
BRDA:428,22,1,0
BRDA:441,23,0,0
BRDA:441,23,1,0
BRDA:477,24,0,0
BRDA:477,24,1,0
BRDA:483,25,0,0
BRDA:483,25,1,0
BRDA:487,26,0,0
BRDA:487,26,1,0
BRDA:512,27,0,0
BRDA:512,27,1,0
BRDA:519,28,0,0
BRDA:519,28,1,0
BRDA:524,29,0,0
BRDA:524,29,1,0
BRDA:529,30,0,0
BRDA:529,30,1,0
BRDA:535,31,0,0
BRDA:535,31,1,0
BRDA:568,32,0,0
BRDA:568,32,1,0
BRDA:575,33,0,0
BRDA:575,33,1,0
BRDA:579,34,0,0
BRDA:579,34,1,0
BRDA:638,35,0,0
BRDA:638,35,1,0
BRDA:638,36,0,0
BRDA:638,36,1,0
BRDA:644,37,0,0
BRDA:644,37,1,0
BRDA:649,38,0,0
BRDA:649,38,1,0
BRDA:649,39,0,0
BRDA:649,39,1,0
BRDA:649,39,2,0
BRDA:675,40,0,0
BRDA:675,40,1,0
BRDA:676,41,0,0
BRDA:676,41,1,0
BRDA:681,42,0,0
BRDA:681,42,1,0
BRDA:687,43,0,0
BRDA:687,43,1,0
BRDA:722,44,0,0
BRDA:722,44,1,0
BRDA:726,45,0,0
BRDA:726,45,1,0
BRDA:753,46,0,0
BRDA:753,46,1,0
BRDA:758,47,0,0
BRDA:758,47,1,0
BRDA:763,48,0,0
BRDA:763,48,1,0
BRDA:804,49,0,0
BRDA:804,49,1,0
BRDA:812,50,0,0
BRDA:812,50,1,0
BRDA:812,51,0,0
BRDA:812,51,1,0
BRDA:871,52,0,0
BRDA:871,52,1,0
BRDA:875,53,0,0
BRDA:875,53,1,0
BRDA:881,54,0,0
BRDA:881,54,1,0
BRDA:894,55,0,0
BRDA:894,55,1,0
BRF:114
BRH:38
end_of_record
TN:
SF:src/middleware/authMiddleware.js
FN:31,(anonymous_0)
FNF:1
FNH:1
FNDA:10,(anonymous_0)
DA:13,2
DA:14,2
DA:31,2
DA:32,10
DA:34,10
DA:37,10
DA:38,1
DA:45,9
DA:46,9
DA:47,1
DA:54,8
DA:55,6
DA:56,6
DA:59,2
DA:60,1
DA:65,1
DA:72,2
LF:17
LH:17
BRDA:37,0,0,1
BRDA:37,0,1,9
BRDA:46,1,0,1
BRDA:46,1,1,8
BRDA:54,2,0,8
BRDA:54,2,1,0
BRDA:59,3,0,1
BRDA:59,3,1,1
BRF:8
BRH:7
end_of_record
TN:
SF:src/middleware/authorize.js
FN:30,(anonymous_0)
FN:31,(anonymous_1)
FNF:2
FNH:2
FNDA:12,(anonymous_0)
FNDA:7,(anonymous_1)
DA:30,2
DA:31,12
DA:33,7
DA:34,1
DA:41,6
DA:42,3
DA:49,3
DA:53,2
LF:8
LH:8
BRDA:33,0,0,1
BRDA:33,0,1,6
BRDA:41,1,0,3
BRDA:41,1,1,3
BRF:4
BRH:4
end_of_record
TN:
SF:src/middleware/validateObjectId.js
FN:8,(anonymous_0)
FN:9,(anonymous_1)
FNF:2
FNH:2
FNDA:17,(anonymous_0)
FNDA:11,(anonymous_1)
DA:1,2
DA:2,2
DA:8,2
DA:9,17
DA:10,11
DA:12,11
DA:13,4
DA:16,7
DA:17,3
DA:20,4
DA:24,2
LF:11
LH:11
BRDA:8,0,0,7
BRDA:12,1,0,4
BRDA:12,1,1,7
BRDA:16,2,0,3
BRDA:16,2,1,4
BRF:5
BRH:5
end_of_record
TN:
SF:src/models/refreshTokenModel.js
FN:39,(anonymous_0)
FN:44,(anonymous_1)
FN:49,(anonymous_2)
FNF:3
FNH:0
FNDA:0,(anonymous_0)
FNDA:0,(anonymous_1)
FNDA:0,(anonymous_2)
DA:1,2
DA:3,2
DA:35,2
DA:36,2
DA:39,2
DA:40,0
DA:44,2
DA:45,0
DA:49,2
DA:50,0
DA:51,0
DA:52,0
DA:53,0
DA:57,2
DA:58,2
LF:15
LH:9
BRDA:45,0,0,0
BRDA:45,0,1,0
BRDA:52,1,0,0
BRDA:52,1,1,0
BRF:4
BRH:0
end_of_record
TN:
SF:src/models/userModel.js
FN:89,(anonymous_0)
FN:99,(anonymous_1)
FN:109,(anonymous_2)
FN:121,(anonymous_3)
FN:133,(anonymous_4)
FN:145,(anonymous_5)
FN:162,(anonymous_6)
FN:174,(anonymous_7)
FN:192,(anonymous_8)
FNF:9
FNH:4
FNDA:0,(anonymous_0)
FNDA:0,(anonymous_1)
FNDA:0,(anonymous_2)
FNDA:1,(anonymous_3)
FNDA:0,(anonymous_4)
FNDA:11,(anonymous_5)
FNDA:9,(anonymous_6)
FNDA:5,(anonymous_7)
FNDA:0,(anonymous_8)
DA:15,3
DA:16,3
DA:17,3
DA:36,3
DA:89,3
DA:90,0
DA:99,3
DA:100,0
DA:109,3
DA:110,0
DA:121,3
DA:122,1
DA:123,1
DA:133,3
DA:134,0
DA:135,0
DA:145,3
DA:146,11
DA:148,6
DA:150,11
DA:162,3
DA:163,9
DA:174,3
DA:176,5
DA:178,5
DA:180,5
DA:181,5
DA:192,3
DA:194,0
DA:196,0
DA:198,0
DA:199,0
DA:205,3
DA:206,3
LF:34
LH:25
BRDA:146,0,0,6
BRDA:146,0,1,5
BRF:2
BRH:2
end_of_record
TN:
SF:src/routes/userRoutes.js
FNF:0
FNH:0
DA:1,1
DA:22,1
DA:23,1
DA:24,1
DA:25,1
DA:26,1
DA:28,1
DA:70,1
DA:122,1
DA:148,1
DA:172,1
DA:194,1
DA:221,1
DA:248,1
DA:263,1
DA:290,1
DA:312,1
DA:343,1
DA:371,1
DA:391,1
DA:423,1
DA:458,1
DA:481,1
DA:506,1
DA:533,1
DA:561,1
DA:598,1
DA:600,1
LF:28
LH:28
BRF:0
BRH:0
end_of_record
TN:
SF:src/tests/integration/setup.js
FN:7,(anonymous_0)
FN:18,(anonymous_1)
FN:29,(anonymous_2)
FNF:3
FNH:3
FNDA:1,(anonymous_0)
FNDA:5,(anonymous_1)
FNDA:1,(anonymous_2)
DA:1,1
DA:2,1
DA:7,1
DA:8,1
DA:9,1
DA:10,1
DA:11,1
DA:12,1
DA:13,1
DA:14,1
DA:18,1
DA:19,5
DA:20,5
DA:21,5
DA:22,5
DA:23,10
DA:29,1
DA:30,1
DA:31,1
LF:19
LH:19
BRDA:31,0,0,1
BRDA:31,0,1,0
BRF:2
BRH:1
end_of_record
TN:
SF:src/utils/email.js
FN:5,(anonymous_0)
FN:24,(anonymous_1)
FN:78,(anonymous_2)
FN:118,(anonymous_3)
FNF:4
FNH:2
FNDA:5,(anonymous_0)
FNDA:5,(anonymous_1)
FNDA:0,(anonymous_2)
FNDA:0,(anonymous_3)
DA:1,2
DA:2,2
DA:5,2
DA:7,5
DA:8,5
DA:9,5
DA:12,0
DA:24,2
DA:25,5
DA:27,5
DA:29,5
DA:53,5
DA:55,5
DA:60,5
DA:61,5
DA:62,5
DA:63,5
DA:64,5
DA:67,0
DA:68,0
DA:69,0
DA:70,0
DA:72,0
DA:73,0
DA:78,2
DA:79,0
DA:81,0
DA:98,0
DA:99,0
DA:103,0
DA:106,0
DA:107,0
DA:108,0
DA:109,0
DA:111,0
DA:113,0
DA:118,2
DA:119,0
DA:121,0
DA:123,0
DA:147,0
DA:149,0
DA:154,0
DA:155,0
DA:156,0
DA:157,0
DA:158,0
DA:161,0
DA:162,0
DA:163,0
DA:164,0
DA:166,0
DA:167,0
DA:171,2
LF:54
LH:20
BRDA:7,0,0,5
BRDA:7,0,1,0
BRDA:7,1,0,5
BRDA:7,1,1,0
BRDA:7,1,2,0
BRDA:14,2,0,0
BRDA:14,2,1,0
BRDA:30,3,0,5
BRDA:30,3,1,5
BRDA:53,4,0,5
BRDA:53,4,1,0
BRDA:82,5,0,0
BRDA:82,5,1,0
BRDA:98,6,0,0
BRDA:98,6,1,0
BRDA:124,7,0,0
BRDA:124,7,1,0
BRDA:147,8,0,0
BRDA:147,8,1,0
BRF:19
BRH:5
end_of_record
TN:
SF:src/utils/errorHandler.js
FN:20,(anonymous_0)
FN:37,(anonymous_1)
FN:52,(anonymous_2)
FN:67,(anonymous_3)
FN:82,(anonymous_4)
FN:109,(anonymous_5)
FN:131,(anonymous_6)
FNF:7
FNH:5
FNDA:32,(anonymous_0)
FNDA:21,(anonymous_1)
FNDA:8,(anonymous_2)
FNDA:3,(anonymous_3)
FNDA:0,(anonymous_4)
FNDA:2,(anonymous_5)
FNDA:0,(anonymous_6)
DA:8,5
DA:21,32
DA:22,32
DA:23,32
DA:24,32
DA:38,21
DA:39,21
DA:53,8
DA:54,8
DA:68,3
DA:69,3
DA:83,0
DA:84,0
DA:109,5
DA:111,2
DA:120,2
DA:121,0
DA:122,0
DA:123,0
DA:130,2
DA:131,0
DA:132,0
DA:140,2
DA:141,0
DA:148,2
DA:149,0
DA:156,2
DA:157,2
DA:164,0
DA:172,5
DA:173,5
DA:174,5
DA:175,5
DA:176,5
DA:177,5
LF:35
LH:25
BRDA:52,0,0,0
BRDA:67,1,0,0
BRDA:120,2,0,0
BRDA:120,2,1,2
BRDA:130,3,0,0
BRDA:130,3,1,2
BRDA:130,4,0,2
BRDA:130,4,1,0
BRDA:140,5,0,0
BRDA:140,5,1,2
BRDA:148,6,0,0
BRDA:148,6,1,2
BRDA:156,7,0,2
BRDA:156,7,1,0
BRDA:166,8,0,0
BRDA:166,8,1,0
BRF:16
BRH:6
end_of_record
TN:
SF:src/utils/logger.js
FN:32,(anonymous_0)
FNF:1
FNH:1
FNDA:12,(anonymous_0)
DA:1,6
DA:3,6
DA:28,6
DA:29,6
DA:33,12
DA:40,6
LF:6
LH:6
BRDA:4,0,0,0
BRDA:4,0,1,6
BRDA:28,1,0,6
BRDA:28,1,1,0
BRF:4
BRH:2
end_of_record
TN:
SF:src/utils/validation.js
FN:21,(anonymous_0)
FN:42,(anonymous_1)
FN:61,(anonymous_2)
FN:84,(anonymous_3)
FN:130,(anonymous_4)
FNF:5
FNH:5
FNDA:34,(anonymous_0)
FNDA:24,(anonymous_1)
FNDA:22,(anonymous_2)
FNDA:16,(anonymous_3)
FNDA:15,(anonymous_4)
DA:8,3
DA:21,3
DA:22,34
DA:23,34
DA:42,3
DA:43,24
DA:44,24
DA:61,3
DA:62,22
DA:63,22
DA:84,3
DA:85,16
DA:88,16
DA:89,3
DA:93,13
DA:94,3
DA:98,13
DA:99,2
DA:103,13
DA:104,2
DA:108,13
DA:109,5
DA:130,3
DA:132,15
DA:133,2
DA:137,13
DA:138,1
DA:142,3
LF:28
LH:28
BRDA:88,0,0,3
BRDA:88,0,1,13
BRDA:88,1,0,16
BRDA:88,1,1,15
BRDA:88,1,2,14
BRDA:93,2,0,3
BRDA:93,2,1,10
BRDA:98,3,0,2
BRDA:98,3,1,11
BRDA:103,4,0,2
BRDA:103,4,1,11
BRDA:108,5,0,5
BRDA:108,5,1,8
BRDA:132,6,0,2
BRDA:132,6,1,13
BRDA:132,7,0,15
BRDA:132,7,1,14
BRDA:137,8,0,1
BRDA:137,8,1,12
BRF:19
BRH:19
end_of_record
